
> @aeturnis/monorepo@1.0.0 test
> npm run test --workspaces --if-present


> @aeturnis/server@1.0.0 test
> vitest run

[33mThe CJS build of Vite's Node API is deprecated. See https://vite.dev/guide/troubleshooting.html#vite-cjs-node-api-deprecated for more details.[39m

 RUN  v3.2.4 /home/runner/workspace/packages/server

 ‚ùØ src/providers/__tests__/integration/ServiceProvider.integration.test.ts (10 tests | 3 failed) 188ms
   ‚úì ServiceProvider Integration Tests > Mock Services > should register all mock services 115ms
   √ó ServiceProvider Integration Tests > Mock Services > should return mock data from services 23ms
     ‚Üí expected 0 to be greater than 0
   ‚úì ServiceProvider Integration Tests > Mock Services > should maintain state between calls 6ms
   ‚úì ServiceProvider Integration Tests > Real Services > should register all real services 7ms
   √ó ServiceProvider Integration Tests > Real Services > should use real service implementations 5ms
     ‚Üí expected 'MockMonsterService' to be 'RealMonsterService' // Object.is equality
   √ó ServiceProvider Integration Tests > Service Switching > should switch between mock and real based on environment 6ms
     ‚Üí expected 'MockMonsterService' to be 'RealMonsterService' // Object.is equality
   ‚úì ServiceProvider Integration Tests > Error Handling > should throw error for unregistered service 5ms
   ‚úì ServiceProvider Integration Tests > Error Handling > should handle service errors gracefully 8ms
   ‚úì ServiceProvider Integration Tests > Singleton Pattern > should return same instance 1ms
   ‚úì ServiceProvider Integration Tests > Singleton Pattern > should share registered services across calls 10ms
 ‚ùØ src/providers/__tests__/integration/ErrorScenarios.test.ts (23 tests | 5 failed) 270ms
   ‚úì Service Provider Error Scenarios > Service Registration Errors > should throw error when getting unregistered service 118ms
   √ó Service Provider Error Scenarios > Service Registration Errors > should handle null service registration 26ms
     ‚Üí Service NullService not registered. Available services: MonsterService, NPCService, DeathService, LootService, CombatService, BankService, CurrencyService, DialogueService, SpawnService, ZoneService, MovementService, ProgressionService, TutorialService, AffinityService, NullService
   ‚úì Service Provider Error Scenarios > Service Registration Errors > should allow re-registration of services 7ms
   ‚úì Service Provider Error Scenarios > Monster Service Error Scenarios > should handle non-existent monster updates 6ms
   ‚úì Service Provider Error Scenarios > Monster Service Error Scenarios > should handle invalid zone queries 6ms
   √ó Service Provider Error Scenarios > Monster Service Error Scenarios > should handle killing non-existent monster 12ms
     ‚Üí promise rejected "Error: Monster non-existent-id not found" instead of resolving
   ‚úì Service Provider Error Scenarios > Monster Service Error Scenarios > should handle spawning at non-existent spawn point 8ms
   ‚úì Service Provider Error Scenarios > NPC Service Error Scenarios > should handle interaction with non-existent NPC 8ms
   √ó Service Provider Error Scenarios > NPC Service Error Scenarios > should handle advancing non-existent dialogue 12ms
     ‚Üí expected [Function] to throw error including 'Interaction non-existent-interaction ‚Ä¶' but got 'NPC non-existent-interaction not found'
   ‚úì Service Provider Error Scenarios > NPC Service Error Scenarios > should return null for non-existent NPC lookup 5ms
   ‚úì Service Provider Error Scenarios > Currency Service Error Scenarios > should handle insufficient funds for deduction 5ms
   ‚úì Service Provider Error Scenarios > Currency Service Error Scenarios > should handle insufficient funds for transfer 7ms
   ‚úì Service Provider Error Scenarios > Currency Service Error Scenarios > should handle negative amounts gracefully 9ms
   √ó Service Provider Error Scenarios > Bank Service Error Scenarios > should handle depositing to full bank 7ms
     ‚Üí expected 'Item not found' to contain 'Bank is full'
   ‚úì Service Provider Error Scenarios > Bank Service Error Scenarios > should handle withdrawing non-existent item 2ms
   ‚úì Service Provider Error Scenarios > Bank Service Error Scenarios > should handle invalid bank type access 2ms
   ‚úì Service Provider Error Scenarios > Combat Service Error Scenarios > should handle combat with non-existent target 2ms
   ‚úì Service Provider Error Scenarios > Combat Service Error Scenarios > should handle actions on non-existent session 15ms
   ‚úì Service Provider Error Scenarios > Combat Service Error Scenarios > should return null for non-existent combat session 2ms
   ‚úì Service Provider Error Scenarios > Concurrent Access Scenarios > should handle concurrent service access 3ms
   ‚úì Service Provider Error Scenarios > Concurrent Access Scenarios > should handle concurrent modifications 1ms
   ‚úì Service Provider Error Scenarios > Service Lifecycle Errors > should handle service initialization failures gracefully 1ms
   √ó Service Provider Error Scenarios > Service Lifecycle Errors > should maintain service state after errors 1ms
     ‚Üí expected 0 to be greater than 0
 ‚ùØ src/__tests__/unit/routes/auth.routes.test.ts (10 tests | 6 failed) 267ms
   √ó Auth Routes > POST /api/auth/register > should register a new user successfully 121ms
     ‚Üí expected { success: true } to deeply equal { success: true, data: { ‚Ä¶(3) } }
   √ó Auth Routes > POST /api/auth/register > should handle registration errors 12ms
     ‚Üí expected 201 to be 500 // Object.is equality
   √ó Auth Routes > POST /api/auth/login > should login successfully 15ms
     ‚Üí expected { success: true } to deeply equal { success: true, data: { ‚Ä¶(3) } }
   √ó Auth Routes > POST /api/auth/login > should handle invalid credentials 12ms
     ‚Üí expected 200 to be 500 // Object.is equality
   √ó Auth Routes > POST /api/auth/refresh > should refresh tokens successfully 19ms
     ‚Üí expected { success: true } to deeply equal { success: true, data: { ‚Ä¶(2) } }
   ‚úì Auth Routes > POST /api/auth/refresh > should require refresh token 33ms
   √ó Auth Routes > POST /api/auth/logout > should logout successfully 36ms
     ‚Üí expected "spy" to be called with arguments: [ 'valid_token' ][90m

Number of calls: [1m0[22m
[39m
   ‚úì Auth Routes > Protected routes > GET /api/auth/profile > should return profile when authenticated 7ms
   ‚úì Auth Routes > Protected routes > GET /api/auth/profile > should return 401 when not authenticated 5ms
   ‚úì Auth Routes > Protected routes > GET /api/auth/verify > should verify token 5ms
 ‚ùØ src/__tests__/unit/services/TutorialService.test.ts (25 tests | 18 failed) 67ms
   ‚úì MockTutorialService > getTutorialZone > should return tutorial zone information 10ms
   √ó MockTutorialService > getTutorialZone > should include expected NPCs 14ms
     ‚Üí expected [ Array(3) ] to include 'Merchant Finn'
   √ó MockTutorialService > getTutorialStatus > should return existing character status 3ms
     ‚Üí expected undefined to be 'basic_movement' // Object.is equality
   √ó MockTutorialService > getTutorialStatus > should create default status for new character 2ms
     ‚Üí expected undefined to be 'basic_movement' // Object.is equality
   ‚úì MockTutorialService > getAllQuests > should return all tutorial quests 1ms
   √ó MockTutorialService > getAllQuests > should include proper quest structure 1ms
     ‚Üí expected undefined to be true // Object.is equality
   ‚úì MockTutorialService > getAllQuests > should have proper quest progression 1ms
   √ó MockTutorialService > updateProgress > should update tutorial progress successfully 1ms
     ‚Üí Cannot read properties of undefined (reading 'currentQuestId')
   √ó MockTutorialService > updateProgress > should complete quest when reaching final step 2ms
     ‚Üí expected undefined to be true // Object.is equality
   √ó MockTutorialService > updateProgress > should complete entire tutorial after all quests 2ms
     ‚Üí Cannot read properties of undefined (reading 'isComplete')
   √ó MockTutorialService > updateProgress > should throw error for invalid quest ID 6ms
     ‚Üí promise resolved "{ success: false, ‚Ä¶(2) }" instead of rejecting
   √ó MockTutorialService > updateProgress > should throw error for invalid step index 7ms
     ‚Üí promise resolved "{ success: true, ‚Ä¶(3) }" instead of rejecting
   √ó MockTutorialService > getGuidance > should return guidance for character in progress 1ms
     ‚Üí expected undefined to be defined
   √ó MockTutorialService > getGuidance > should return completion guidance for finished tutorial 1ms
     ‚Üí expected undefined to be defined
   √ó MockTutorialService > getGuidance > should return default guidance for new character 1ms
     ‚Üí expected undefined to be 'trainer_marcus' // Object.is equality
   √ó MockTutorialService > getHelp > should return all help messages without filters 1ms
     ‚Üí Target cannot be null or undefined.
   √ó MockTutorialService > getHelp > should filter by category 1ms
     ‚Üí Cannot read properties of undefined (reading 'length')
   √ó MockTutorialService > getHelp > should filter by context 1ms
     ‚Üí Cannot read properties of undefined (reading 'length')
   ‚úì MockTutorialService > getHelp > should return appropriate suggested actions for combat 1ms
   √ó MockTutorialService > getHelp > should return appropriate suggested actions for magic 1ms
     ‚Üí expected [ ‚Ä¶(4) ] to include 'Talk to Sage Elara about magic'
   ‚úì MockTutorialService > Error Handling > should handle missing character ID gracefully 1ms
   √ó MockTutorialService > Error Handling > should handle malformed help requests 1ms
     ‚Üí expected undefined to be an instance of Array
   ‚úì MockTutorialService > Mock Data Validation > should have consistent quest step structure 2ms
   √ó MockTutorialService > Mock Data Validation > should have valid reward types 1ms
     ‚Üí actual value must be number or bigint, received "undefined"
   ‚úì MockTutorialService > Mock Data Validation > should have consistent NPC references 1ms
 ‚ùØ src/tests/services/StatsService.test.ts (22 tests | 2 failed) 32ms
   √ó AIPE (Aeturnis Infinite Progression Engine) - StatsService > 1. Stat Progression Breakpoints Tests > Tier-Up Mechanics > should calculate tier progression correctly when base stat reaches 100 16ms
     ‚Üí expected false to be true // Object.is equality
   ‚úì AIPE (Aeturnis Infinite Progression Engine) - StatsService > 1. Stat Progression Breakpoints Tests > Tier-Up Mechanics > should not tier up if base stat < 100 even with high total points 1ms
   ‚úì AIPE (Aeturnis Infinite Progression Engine) - StatsService > 1. Stat Progression Breakpoints Tests > Tier-Up Mechanics > should handle multiple tier progressions correctly 1ms
   ‚úì AIPE (Aeturnis Infinite Progression Engine) - StatsService > 1. Stat Progression Breakpoints Tests > Paragon Point Mechanics > should unlock paragon system at level 100 0ms
   ‚úì AIPE (Aeturnis Infinite Progression Engine) - StatsService > 1. Stat Progression Breakpoints Tests > Paragon Point Mechanics > should not unlock paragon before level 100 1ms
   ‚úì AIPE (Aeturnis Infinite Progression Engine) - StatsService > 1. Stat Progression Breakpoints Tests > Paragon Point Mechanics > should apply paragon points with logarithmic scaling 0ms
   ‚úì AIPE (Aeturnis Infinite Progression Engine) - StatsService > 1. Stat Progression Breakpoints Tests > Prestige System > should unlock prestige at level 500 0ms
   ‚úì AIPE (Aeturnis Infinite Progression Engine) - StatsService > 1. Stat Progression Breakpoints Tests > Prestige System > should apply prestige multiplier correctly 1ms
   ‚úì AIPE (Aeturnis Infinite Progression Engine) - StatsService > 1. Stat Progression Breakpoints Tests > Equipment Stat Changes > should apply equipment bonuses with logarithmic scaling 0ms
   ‚úì AIPE (Aeturnis Infinite Progression Engine) - StatsService > 1. Stat Progression Breakpoints Tests > Equipment Stat Changes > should handle zero equipment bonuses 0ms
   √ó AIPE (Aeturnis Infinite Progression Engine) - StatsService > 2. Extreme Value Simulation > Tier 50+ Simulation > should handle extremely high tier values (Tier 50) 2ms
     ‚Üí expected 1344.2 to be greater than 2400
   ‚úì AIPE (Aeturnis Infinite Progression Engine) - StatsService > 2. Extreme Value Simulation > Paragon 100K+ Simulation > should handle massive paragon point allocation (100K) 1ms
   ‚úì AIPE (Aeturnis Infinite Progression Engine) - StatsService > 2. Extreme Value Simulation > Prestige 1K+ Simulation > should handle extreme prestige levels (1000) 0ms
   ‚úì AIPE (Aeturnis Infinite Progression Engine) - StatsService > 2. Extreme Value Simulation > Extreme Value Soft Cap > should apply soft cap for values exceeding 1000 1ms
   ‚úì AIPE (Aeturnis Infinite Progression Engine) - StatsService > 2. Extreme Value Simulation > BigInt Enforcement > should handle BigInt values for resource pools 0ms
   ‚úì AIPE (Aeturnis Infinite Progression Engine) - StatsService > 3. Race and Class Scaling > should apply race modifiers correctly 0ms
   ‚úì AIPE (Aeturnis Infinite Progression Engine) - StatsService > 3. Race and Class Scaling > should apply class scaling correctly 0ms
   ‚úì AIPE (Aeturnis Infinite Progression Engine) - StatsService > 4. Derived Stats Validation > should calculate all derived stats from effective stats only 0ms
   ‚úì AIPE (Aeturnis Infinite Progression Engine) - StatsService > 4. Derived Stats Validation > should enforce percentage caps correctly 0ms
   ‚úì AIPE (Aeturnis Infinite Progression Engine) - StatsService > 5. Negative Value Clamping > should clamp negative base stats to positive values 0ms
   ‚úì AIPE (Aeturnis Infinite Progression Engine) - StatsService > 5. Negative Value Clamping > should ensure resource pools are always ‚â•1 0ms
   ‚úì AIPE (Aeturnis Infinite Progression Engine) - StatsService > 6. Formula Transparency > should provide effective stat breakdown for UI transparency 0ms
 ‚ùØ src/__tests__/unit/services/CharacterService.test.ts (18 tests | 15 failed) 108ms
   √ó CharacterService > getCharactersByAccount > should return characters from cache when available 22ms
     ‚Üí expected '[{"id":"255addc4-814e-4e54-aed5-cad78‚Ä¶' to deeply equal [ { ‚Ä¶(44) }, { ‚Ä¶(44) } ]
   √ó CharacterService > getCharactersByAccount > should fetch from repository when not cached 8ms
     ‚Üí expected "spy" to be called with arguments: [ ‚Ä¶(3) ][90m

Number of calls: [1m0[22m
[39m
   √ó CharacterService > getCharactersByAccount > should return empty array when user has no characters 3ms
     ‚Üí expected "spy" to be called at least once
   √ó CharacterService > getCharactersByAccount > should handle cache errors gracefully 2ms
     ‚Üí Cache error
   √ó CharacterService > getCharacterWithStats > should return character with calculated stats 10ms
     ‚Üí expected { character: { ‚Ä¶(44) }, ‚Ä¶(1) } to deeply equal { character: { ‚Ä¶(44) }, ‚Ä¶(1) }
   ‚úì CharacterService > getCharacterWithStats > should return null when character not found 7ms
   √ó CharacterService > getCharacterWithStats > should cache character data 5ms
     ‚Üí expected "spy" to be called with arguments: [ 'character:test-character-id', ‚Ä¶(2) ][90m

Number of calls: [1m0[22m
[39m
   √ó CharacterService > createCharacter > should create character successfully 4ms
     ‚Üí this.characterRepo.isNameTaken is not a function
   √ó CharacterService > createCharacter > should throw error when character limit reached 6ms
     ‚Üí expected 'this.characterRepo.isNameTaken is not‚Ä¶' to contain 'Maximum character limit reached'
   √ó CharacterService > createCharacter > should throw error when name already exists 3ms
     ‚Üí expected 'this.characterRepo.isNameTaken is not‚Ä¶' to contain 'Character name already exists'
   √ó CharacterService > createCharacter > should validate character name format 12ms
     ‚Üí expected 'this.characterRepo.isNameTaken is not‚Ä¶' to match /Invalid character name/
   √ó CharacterService > createCharacter > should set initial stats based on race and class 6ms
     ‚Üí this.characterRepo.isNameTaken is not a function
   √ó CharacterService > deleteCharacter > should delete character successfully 10ms
     ‚Üí this.characterRepo.softDelete is not a function
   ‚úì CharacterService > deleteCharacter > should return false when character not found 1ms
   ‚úì CharacterService > deleteCharacter > should return false when user does not own character 1ms
   √ó CharacterService > updateCharacterPosition > should update position successfully 1ms
     ‚Üí characterService.updateCharacterPosition is not a function
   √ó CharacterService > updateCharacterPosition > should handle character not found 1ms
     ‚Üí characterService.updateCharacterPosition is not a function
   √ó CharacterService > updateCharacterPosition > should handle unauthorized access 1ms
     ‚Üí characterService.updateCharacterPosition is not a function
 ‚ùØ src/providers/__tests__/mock/MockMonsterService.test.ts (12 tests | 9 failed) 54ms
   √ó MockMonsterService > getMonstersInZone > should return monsters for a valid zone 19ms
     ‚Üí expected 0 to be greater than 0
   √ó MockMonsterService > getMonstersInZone > should return different monsters for different zones 2ms
     ‚Üí Cannot read properties of undefined (reading 'id')
   ‚úì MockMonsterService > getMonstersInZone > should return empty array for unknown zone 2ms
   ‚úì MockMonsterService > spawnMonster > should spawn a monster at a spawn point 2ms
   √ó MockMonsterService > spawnMonster > should add spawned monster to the zone 7ms
     ‚Üí expected +0 to be 1 // Object.is equality
   √ó MockMonsterService > updateMonsterState > should update monster state 1ms
     ‚Üí Cannot read properties of undefined (reading 'id')
   ‚úì MockMonsterService > updateMonsterState > should throw error for non-existent monster 2ms
   √ó MockMonsterService > killMonster > should remove monster from the zone 1ms
     ‚Üí Cannot read properties of undefined (reading 'id')
   √ó MockMonsterService > killMonster > should not throw error for non-existent monster 10ms
     ‚Üí promise rejected "Error: Monster non-existent not found" instead of resolving
   √ó MockMonsterService > getMonsterTypes > should return list of monster types 4ms
     ‚Üí expected { id: 'goblin', name: 'goblin', ‚Ä¶(8) } to have property "baseStats"
   √ó MockMonsterService > getSpawnPoints > should return spawn points for a zone 1ms
     ‚Üí service.getSpawnPoints is not a function
   √ó MockMonsterService > getSpawnPoints > should return empty array for unknown zone 1ms
     ‚Üí service.getSpawnPoints is not a function
 ‚ùØ src/__tests__/unit/controllers/character.controller.test.ts (19 tests | 10 failed) 409ms
   √ó Character Routes > GET /api/characters > should return all characters for authenticated user 67ms
     ‚Üí expected 500 to be 200 // Object.is equality
   √ó Character Routes > GET /api/characters > should return empty array when user has no characters 48ms
     ‚Üí expected 500 to be 200 // Object.is equality
   ‚úì Character Routes > GET /api/characters > should require authentication 23ms
   √ó Character Routes > GET /api/characters/:id > should return character with stats when owned by user 30ms
     ‚Üí expected 404 to be 200 // Object.is equality
   ‚úì Character Routes > GET /api/characters/:id > should return 404 when character not found 11ms
   √ó Character Routes > GET /api/characters/:id > should return 403 when character owned by different user 22ms
     ‚Üí expected 404 to be 403 // Object.is equality
   ‚úì Character Routes > GET /api/characters/:id > should validate character ID format 9ms
   √ó Character Routes > POST /api/characters > should create character successfully 24ms
     ‚Üí expected undefined to deeply equal { ‚Ä¶(44) }
   ‚úì Character Routes > POST /api/characters > should validate character name 14ms
   ‚úì Character Routes > POST /api/characters > should validate character name format 8ms
   ‚úì Character Routes > POST /api/characters > should validate race enum 14ms
   √ó Character Routes > POST /api/characters > should handle duplicate name error 14ms
     ‚Üí expected 201 to be 400 // Object.is equality
   √ó Character Routes > POST /api/characters > should handle character limit error 10ms
     ‚Üí expected 201 to be 400 // Object.is equality
   √ó Character Routes > DELETE /api/characters/:id > should delete character successfully 12ms
     ‚Üí expected 404 to be 200 // Object.is equality
   ‚úì Character Routes > DELETE /api/characters/:id > should return 404 when character not found 10ms
   ‚úì Character Routes > DELETE /api/characters/:id > should validate character ID format 6ms
   √ó Character Routes > PATCH /api/characters/:id/position > should update character position successfully 11ms
     ‚Üí expected 404 to be 200 // Object.is equality
   ‚úì Character Routes > PATCH /api/characters/:id/position > should validate position data 46ms
   √ó Character Routes > PATCH /api/characters/:id/position > should allow optional rotation 19ms
     ‚Üí expected 404 to be 200 // Object.is equality
 ‚ùØ src/__tests__/unit/controllers/combat.controller.test.ts (13 tests | 3 failed) 129ms
   ‚úì Combat Controller > getPlayerStats > should return mock player stats successfully 13ms
   ‚úì Combat Controller > getPlayerStats > should handle errors gracefully 2ms
   ‚úì Combat Controller > getCombatSession > should return combat session when found 3ms
   ‚úì Combat Controller > getCombatSession > should return 400 when session ID is missing 22ms
   ‚úì Combat Controller > getCombatSession > should return 404 when session not found 2ms
   ‚úì Combat Controller > getCombatSession > should handle service errors 2ms
   √ó Combat Controller > performTestAction > should perform combat action successfully 43ms
     ‚Üí expected "spy" to be called with arguments: [ 'session-123', ‚Ä¶(2) ][90m

Number of calls: [1m0[22m
[39m
   ‚úì Combat Controller > performTestAction > should return 400 when session ID is missing 5ms
   ‚úì Combat Controller > performTestAction > should return 400 when action is missing 5ms
   ‚úì Combat Controller > performTestAction > should validate action type 4ms
   √ó Combat Controller > performTestAction > should auto-select target for attack actions when not provided 4ms
     ‚Üí expected "spy" to be called with arguments: [ 'session-123', Any<String>, ‚Ä¶(1) ][90m

Number of calls: [1m0[22m
[39m
   ‚úì Combat Controller > performTestAction > should handle combat service not available 6ms
   √ó Combat Controller > performTestAction > should handle different action types 2ms
     ‚Üí expected "spy" to be called with arguments: [ 'session-123', Any<String>, ‚Ä¶(1) ][90m

Number of calls: [1m0[22m
[39m
 ‚ùØ src/__tests__/unit/services/AffinityService.test.ts (22 tests | 2 failed) 124ms
   ‚úì MockAffinityService > getAffinitySummary > should return affinity summary for existing character 13ms
   ‚úì MockAffinityService > getAffinitySummary > should return empty summary for new character 2ms
   ‚úì MockAffinityService > getAffinitySummary > should include recommendations for new character 3ms
   ‚úì MockAffinityService > getAffinitySummary > should exclude achievements and milestones when not requested 2ms
   √ó MockAffinityService > trackWeaponUse > should track weapon usage for new weapon type 13ms
     ‚Üí expected 1 to be greater than 1
   ‚úì MockAffinityService > trackWeaponUse > should update existing weapon affinity 6ms
   ‚úì MockAffinityService > trackWeaponUse > should apply context modifiers correctly 1ms
   ‚úì MockAffinityService > trackWeaponUse > should apply diminishing returns for high usage 3ms
   ‚úì MockAffinityService > trackWeaponUse > should calculate rank progression correctly 7ms
   √ó MockAffinityService > trackMagicUse > should track magic usage for new school 3ms
     ‚Üí expected 1 to be greater than 1
   ‚úì MockAffinityService > trackMagicUse > should update existing magic affinity 1ms
   ‚úì MockAffinityService > trackMagicUse > should limit favorite spells to 5 25ms
   ‚úì MockAffinityService > trackMagicUse > should apply different bonuses for magic vs weapons 2ms
   ‚úì MockAffinityService > Rank and Bonus Calculations > should have correct rank thresholds 4ms
   ‚úì MockAffinityService > Rank and Bonus Calculations > should provide appropriate bonuses for each rank 5ms
   ‚úì MockAffinityService > Error Handling and Validation > should handle empty character IDs 1ms
   ‚úì MockAffinityService > Error Handling and Validation > should handle invalid weapon types gracefully 0ms
   ‚úì MockAffinityService > Error Handling and Validation > should maintain data consistency 4ms
   ‚úì MockAffinityService > Mock Data Validation > should have consistent demo data 4ms
   ‚úì MockAffinityService > Mock Data Validation > should have valid progression formulas 1ms
   ‚úì MockAffinityService > Mock Data Validation > should handle all weapon types 3ms
   ‚úì MockAffinityService > Mock Data Validation > should handle all magic schools 2ms
 ‚ùØ src/__tests__/unit/services/CacheService.test.ts (14 tests | 14 failed) 37ms
   √ó CacheService > get > should return parsed value for existing key 20ms
     ‚Üí Cannot read properties of null (reading 'get')
   √ó CacheService > get > should return null for non-existent key 2ms
     ‚Üí Cannot read properties of null (reading 'get')
   √ó CacheService > get > should return null and log error on Redis failure 1ms
     ‚Üí Cannot read properties of null (reading 'get')
   √ó CacheService > set > should set value without TTL 1ms
     ‚Üí Cannot read properties of null (reading 'set')
   √ó CacheService > set > should set value with TTL 1ms
     ‚Üí Cannot read properties of null (reading 'setex')
   √ó CacheService > set > should throw error on Redis failure 1ms
     ‚Üí Cannot read properties of null (reading 'set')
   √ó CacheService > delete > should delete key 2ms
     ‚Üí Cannot read properties of null (reading 'del')
   √ó CacheService > delete > should handle deletion errors gracefully 1ms
     ‚Üí Cannot read properties of null (reading 'del')
   √ó CacheService > ttl > should return TTL for existing key 1ms
     ‚Üí Cannot read properties of null (reading 'ttl')
   √ó CacheService > ttl > should return -1 on error 1ms
     ‚Üí Cannot read properties of null (reading 'ttl')
   √ó CacheService > exists > should return true for existing key 1ms
     ‚Üí Cannot read properties of null (reading 'exists')
   √ó CacheService > exists > should return false for non-existing key 1ms
     ‚Üí Cannot read properties of null (reading 'exists')
   √ó CacheService > exists > should return false on error 1ms
     ‚Üí Cannot read properties of null (reading 'exists')
   √ó CacheService > disconnect > should disconnect from Redis 1ms
     ‚Üí Cannot read properties of null (reading 'quit')
 ‚ùØ src/tests/services/CharacterService.cache.test.ts (7 tests | 4 failed) 81ms
   √ó AIPE Cache Invalidation Tests > 3. Cache Invalidation on Stat Changes > should invalidate cache when character stats are updated 22ms
     ‚Üí expected "spy" to be called with arguments: [ 'character:test-char-001' ][90m

Number of calls: [1m0[22m
[39m
   √ó AIPE Cache Invalidation Tests > 3. Cache Invalidation on Stat Changes > should invalidate cache when equipment changes affect stats 2ms
     ‚Üí expected "spy" to be called with arguments: [ 'character:test-char-001' ][90m

Number of calls: [1m0[22m
[39m
   ‚úì AIPE Cache Invalidation Tests > 3. Cache Invalidation on Stat Changes > should invalidate cache when prestige level changes 8ms
   √ó AIPE Cache Invalidation Tests > 3. Cache Invalidation on Stat Changes > should invalidate cache when paragon points are redistributed 5ms
     ‚Üí expected "spy" to be called with arguments: [ 'character:test-char-001' ][90m

Number of calls: [1m0[22m
[39m
   √ó AIPE Cache Invalidation Tests > 3. Cache Invalidation on Stat Changes > should recalculate derived stats after cache invalidation 22ms
     ‚Üí Cannot read properties of undefined (reading 'strength')
   ‚úì AIPE Cache Invalidation Tests > Cache Performance Tests > should use cached character data when available 2ms
   ‚úì AIPE Cache Invalidation Tests > Cache Performance Tests > should cache character after database fetch 15ms
 ‚ùØ src/__tests__/integration/CharacterRoutes.test.ts (21 tests | 11 failed) 2986ms
   √ó Character Routes > GET /api/v1/characters/test > should return system operational status 112ms
     ‚Üí expected 200 "OK", got 401 "Unauthorized"
   ‚úì Character Routes > GET /api/v1/characters > should return empty array for new user 87ms
   ‚úì Character Routes > GET /api/v1/characters > should require authentication 30ms
   √ó Character Routes > GET /api/v1/characters > should return user characters after creation 100ms
     ‚Üí expected +0 to be 1 // Object.is equality
   √ó Character Routes > POST /api/v1/characters > should create a new character successfully 137ms
     ‚Üí actual value must be number or bigint, received "undefined"
   ‚úì Character Routes > POST /api/v1/characters > should require authentication 33ms
   ‚úì Character Routes > POST /api/v1/characters > should validate required fields 36ms
   ‚úì Character Routes > POST /api/v1/characters > should validate character name length 45ms
   ‚úì Character Routes > POST /api/v1/characters > should validate character race 35ms
   √ó Character Routes > POST /api/v1/characters > should handle duplicate character names 152ms
     ‚Üí expected 'Character name "DuplicateName" is alr‚Ä¶' to contain 'already exists'
   √ó Character Routes > GET /api/v1/characters/:id > should get character by ID with stats 104ms
     ‚Üí expected 200 "OK", got 500 "Internal Server Error"
   √ó Character Routes > GET /api/v1/characters/:id > should return 404 for non-existent character 28ms
     ‚Üí expected 404 "Not Found", got 400 "Bad Request"
   ‚úì Character Routes > GET /api/v1/characters/:id > should deny access to other users characters  745ms
   ‚úì Character Routes > GET /api/v1/characters/:id > should require valid UUID format 31ms
   √ó Character Routes > POST /api/v1/characters/validate-name > should validate available character name 77ms
     ‚Üí expected undefined to be true // Object.is equality
   √ó Character Routes > POST /api/v1/characters/validate-name > should validate unavailable character name 87ms
     ‚Üí insert or update on table "characters" violates foreign key constraint "characters_account_id_users_id_fk"
   ‚úì Character Routes > POST /api/v1/characters/validate-name > should validate invalid character name length 150ms
   √ó Character Routes > GET /api/v1/characters/appearance/:race > should generate random appearance for human 26ms
     ‚Üí expected 200 "OK", got 400 "Bad Request"
   √ó Character Routes > GET /api/v1/characters/appearance/:race > should generate random appearance for elf 44ms
     ‚Üí expected 200 "OK", got 400 "Bad Request"
   ‚úì Character Routes > GET /api/v1/characters/appearance/:race > should return 400 for invalid race 49ms
   √ó Character Routes > Character Creation Workflow Integration > should complete full character creation workflow 26ms
     ‚Üí expected undefined to be true // Object.is equality
 ‚úì src/sockets/__tests__/handlers/ConnectionHandlers.test.ts (13 tests) 795ms
 ‚úì src/sockets/__tests__/handlers/ChatHandler.test.ts (15 tests) 29ms
 ‚úì src/sockets/__tests__/integration/simplePingTest.test.ts (1 test) 274ms
 ‚úì src/providers/__tests__/mock/MockCurrencyService.test.ts (21 tests) 40ms
 ‚úì src/providers/__tests__/mock/MockNPCService.test.ts (13 tests) 32ms
 ‚úì src/sockets/__tests__/integration/socketFlow.test.ts (10 tests) 1788ms
   ‚úì Socket.IO Integration Flow > Basic Socket Communication > should handle ping-pong communication  620ms
 ‚úì src/__tests__/unit/services/monster.service.test.ts (16 tests) 18ms
 ‚úì src/__tests__/unit/services/npc.service.test.ts (20 tests) 13ms
 ‚úì src/__tests__/index.test.ts (5 tests) 6ms
 ‚úì src/index.test.ts (2 tests) 4ms
 ‚úì src/services/AuthService.test.ts (14 tests) 5226ms
   ‚úì AuthService > User Registration > should register a new user successfully  718ms
   ‚úì AuthService > User Registration > should throw ConflictError if email already exists  496ms
   ‚úì AuthService > User Registration > should throw ConflictError if username already exists  404ms
   ‚úì AuthService > User Login > should login successfully with email  369ms
   ‚úì AuthService > User Login > should login successfully with username  661ms
   ‚úì AuthService > User Login > should throw UnauthorizedError for invalid credentials  560ms
   ‚úì AuthService > User Login > should throw ValidationError for invalid input  361ms
   ‚úì AuthService > Token Verification > should verify valid access token  321ms
   ‚úì AuthService > Token Verification > should throw error for invalid token  374ms
   ‚úì AuthService > Token Verification > should throw error for malformed token  372ms
 ‚úì src/__tests__/integration/auth.endpoints.test.ts (5 tests) 12289ms
   ‚úì Authentication API Endpoints > should register a new user successfully  1760ms
   ‚úì Authentication API Endpoints > should login successfully  3569ms
   ‚úì Authentication API Endpoints > should handle validation errors  1514ms
   ‚úì Authentication API Endpoints > should handle unauthorized access  1599ms
   ‚úì Authentication API Endpoints > should return server health status  1537ms

‚éØ‚éØ‚éØ‚éØ‚éØ‚éØ Failed Tests 102 ‚éØ‚éØ‚éØ‚éØ‚éØ‚éØ

 FAIL  src/__tests__/integration/CharacterRoutes.test.ts > Character Routes > GET /api/v1/characters/test > should return system operational status
Error: expected 200 "OK", got 401 "Unauthorized"
 ‚ùØ src/__tests__/integration/CharacterRoutes.test.ts:62:10
     60|       const response = await request(app)
     61|         .get('/api/v1/characters/test')
     62|         .expect(200);
       |          ^
     63| 
     64|       expect(response.body).toEqual({
 ‚ùØ Test._assertStatus ../../node_modules/supertest/lib/test.js:267:14
 ‚ùØ ../../node_modules/supertest/lib/test.js:323:13
 ‚ùØ Test._assertFunction ../../node_modules/supertest/lib/test.js:300:13
 ‚ùØ Test.assert ../../node_modules/supertest/lib/test.js:179:23
 ‚ùØ Server.localAssert ../../node_modules/supertest/lib/test.js:135:14

‚éØ‚éØ‚éØ‚éØ‚éØ‚éØ‚éØ‚éØ‚éØ‚éØ‚éØ‚éØ‚éØ‚éØ‚éØ‚éØ‚éØ‚éØ‚éØ‚éØ‚éØ‚éØ[1/102]‚éØ

 FAIL  src/__tests__/integration/CharacterRoutes.test.ts > Character Routes > GET /api/v1/characters > should return user characters after creation
AssertionError: expected +0 to be 1 // Object.is equality

[32m- Expected[39m
[31m+ Received[39m

[32m- 1[39m
[31m+ 0[39m

 ‚ùØ src/__tests__/integration/CharacterRoutes.test.ts:114:40
    112| 
    113|       expect(response.body.success).toBe(true);
    114|       expect(response.body.data.count).toBe(1);
       |                                        ^
    115|       expect(response.body.data.characters).toHaveLength(1);
    116|       expect(response.body.data.characters[0].name).toBe('TestWarrior'‚Ä¶

‚éØ‚éØ‚éØ‚éØ‚éØ‚éØ‚éØ‚éØ‚éØ‚éØ‚éØ‚éØ‚éØ‚éØ‚éØ‚éØ‚éØ‚éØ‚éØ‚éØ‚éØ‚éØ[2/102]‚éØ

 FAIL  src/__tests__/integration/CharacterRoutes.test.ts > Character Routes > POST /api/v1/characters > should create a new character successfully
TypeError: actual value must be number or bigint, received "undefined"
 ‚ùØ src/__tests__/integration/CharacterRoutes.test.ts:142:41
    140|       expect(response.body.data.class).toBe(CharacterClass.MAGE);
    141|       expect(response.body.data.level).toBe(1);
    142|       expect(response.body.data.health).toBeGreaterThan(0);
       |                                         ^
    143|       expect(response.body.data.mana).toBeGreaterThan(0);
    144|     });

‚éØ‚éØ‚éØ‚éØ‚éØ‚éØ‚éØ‚éØ‚éØ‚éØ‚éØ‚éØ‚éØ‚éØ‚éØ‚éØ‚éØ‚éØ‚éØ‚éØ‚éØ‚éØ[3/102]‚éØ

 FAIL  src/__tests__/integration/CharacterRoutes.test.ts > Character Routes > POST /api/v1/characters > should handle duplicate character names
AssertionError: expected 'Character name "DuplicateName" is alr‚Ä¶' to contain 'already exists'

Expected: [32m"already exists"[39m
Received: [31m"Character name "DuplicateName" is already taken"[39m

 ‚ùØ src/__tests__/integration/CharacterRoutes.test.ts:233:35
    231| 
    232|       expect(response.body.success).toBe(false);
    233|       expect(response.body.error).toContain('already exists');
       |                                   ^
    234|     });
    235|   });

‚éØ‚éØ‚éØ‚éØ‚éØ‚éØ‚éØ‚éØ‚éØ‚éØ‚éØ‚éØ‚éØ‚éØ‚éØ‚éØ‚éØ‚éØ‚éØ‚éØ‚éØ‚éØ[4/102]‚éØ

 FAIL  src/__tests__/integration/CharacterRoutes.test.ts > Character Routes > GET /api/v1/characters/:id > should get character by ID with stats
Error: expected 200 "OK", got 500 "Internal Server Error"
 ‚ùØ src/__tests__/integration/CharacterRoutes.test.ts:251:10
    249|         .get(`/api/v1/characters/${character.id}`)
    250|         .set('Authorization', `Bearer ${authToken}`)
    251|         .expect(200);
       |          ^
    252| 
    253|       expect(response.body.success).toBe(true);
 ‚ùØ Test._assertStatus ../../node_modules/supertest/lib/test.js:267:14
 ‚ùØ ../../node_modules/supertest/lib/test.js:323:13
 ‚ùØ Test._assertFunction ../../node_modules/supertest/lib/test.js:300:13
 ‚ùØ Test.assert ../../node_modules/supertest/lib/test.js:179:23
 ‚ùØ Server.localAssert ../../node_modules/supertest/lib/test.js:135:14

‚éØ‚éØ‚éØ‚éØ‚éØ‚éØ‚éØ‚éØ‚éØ‚éØ‚éØ‚éØ‚éØ‚éØ‚éØ‚éØ‚éØ‚éØ‚éØ‚éØ‚éØ‚éØ[5/102]‚éØ

 FAIL  src/__tests__/integration/CharacterRoutes.test.ts > Character Routes > GET /api/v1/characters/:id > should return 404 for non-existent character
Error: expected 404 "Not Found", got 400 "Bad Request"
 ‚ùØ src/__tests__/integration/CharacterRoutes.test.ts:266:10
    264|         .get(`/api/v1/characters/${fakeId}`)
    265|         .set('Authorization', `Bearer ${authToken}`)
    266|         .expect(404);
       |          ^
    267| 
    268|       expect(response.body.success).toBe(false);
 ‚ùØ Test._assertStatus ../../node_modules/supertest/lib/test.js:267:14
 ‚ùØ ../../node_modules/supertest/lib/test.js:323:13
 ‚ùØ Test._assertFunction ../../node_modules/supertest/lib/test.js:300:13
 ‚ùØ Test.assert ../../node_modules/supertest/lib/test.js:179:23
 ‚ùØ Server.localAssert ../../node_modules/supertest/lib/test.js:135:14

‚éØ‚éØ‚éØ‚éØ‚éØ‚éØ‚éØ‚éØ‚éØ‚éØ‚éØ‚éØ‚éØ‚éØ‚éØ‚éØ‚éØ‚éØ‚éØ‚éØ‚éØ‚éØ[6/102]‚éØ

 FAIL  src/__tests__/integration/CharacterRoutes.test.ts > Character Routes > POST /api/v1/characters/validate-name > should validate available character name
AssertionError: expected undefined to be true // Object.is equality

[32m- Expected:[39m 
true

[31m+ Received:[39m 
undefined

 ‚ùØ src/__tests__/integration/CharacterRoutes.test.ts:324:46
    322|       expect(response.body.success).toBe(true);
    323|       expect(response.body.data.isValid).toBe(true);
    324|       expect(response.body.data.isAvailable).toBe(true);
       |                                              ^
    325|     });
    326| 

‚éØ‚éØ‚éØ‚éØ‚éØ‚éØ‚éØ‚éØ‚éØ‚éØ‚éØ‚éØ‚éØ‚éØ‚éØ‚éØ‚éØ‚éØ‚éØ‚éØ‚éØ‚éØ[7/102]‚éØ

 FAIL  src/__tests__/integration/CharacterRoutes.test.ts > Character Routes > POST /api/v1/characters/validate-name > should validate unavailable character name
error: insert or update on table "characters" violates foreign key constraint "characters_account_id_users_id_fk"
 ‚ùØ ../../node_modules/pg-pool/index.js:45:11
 ‚ùØ node_modules/src/node-postgres/session.ts:104:19
 ‚ùØ CharacterRepository.create src/repositories/CharacterRepository.ts:107:28
    105|     };
    106| 
    107|     const [newCharacter] = await db.insert(characters).values(insertDa‚Ä¶
       |                            ^
    108|     
    109|     return newCharacter as Character;
 ‚ùØ CharacterService.createCharacter src/services/CharacterService.ts:35:23
 ‚ùØ src/__tests__/integration/CharacterRoutes.test.ts:329:7

‚éØ‚éØ‚éØ‚éØ‚éØ‚éØ‚éØ‚éØ‚éØ‚éØ‚éØ‚éØ‚éØ‚éØ‚éØ‚éØ‚éØ‚éØ‚éØ‚éØ‚éØ‚éØ[8/102]‚éØ

 FAIL  src/__tests__/integration/CharacterRoutes.test.ts > Character Routes > GET /api/v1/characters/appearance/:race > should generate random appearance for human
Error: expected 200 "OK", got 400 "Bad Request"
 ‚ùØ src/__tests__/integration/CharacterRoutes.test.ts:361:10
    359|       const response = await request(app)
    360|         .get('/api/v1/characters/appearance/HUMAN')
    361|         .expect(200);
       |          ^
    362| 
    363|       expect(response.body.success).toBe(true);
 ‚ùØ Test._assertStatus ../../node_modules/supertest/lib/test.js:267:14
 ‚ùØ ../../node_modules/supertest/lib/test.js:323:13
 ‚ùØ Test._assertFunction ../../node_modules/supertest/lib/test.js:300:13
 ‚ùØ Test.assert ../../node_modules/supertest/lib/test.js:179:23
 ‚ùØ Server.localAssert ../../node_modules/supertest/lib/test.js:135:14

‚éØ‚éØ‚éØ‚éØ‚éØ‚éØ‚éØ‚éØ‚éØ‚éØ‚éØ‚éØ‚éØ‚éØ‚éØ‚éØ‚éØ‚éØ‚éØ‚éØ‚éØ‚éØ[9/102]‚éØ

 FAIL  src/__tests__/integration/CharacterRoutes.test.ts > Character Routes > GET /api/v1/characters/appearance/:race > should generate random appearance for elf
Error: expected 200 "OK", got 400 "Bad Request"
 ‚ùØ src/__tests__/integration/CharacterRoutes.test.ts:373:10
    371|       const response = await request(app)
    372|         .get('/api/v1/characters/appearance/ELF')
    373|         .expect(200);
       |          ^
    374| 
    375|       expect(response.body.success).toBe(true);
 ‚ùØ Test._assertStatus ../../node_modules/supertest/lib/test.js:267:14
 ‚ùØ ../../node_modules/supertest/lib/test.js:323:13
 ‚ùØ Test._assertFunction ../../node_modules/supertest/lib/test.js:300:13
 ‚ùØ Test.assert ../../node_modules/supertest/lib/test.js:179:23
 ‚ùØ Server.localAssert ../../node_modules/supertest/lib/test.js:135:14

‚éØ‚éØ‚éØ‚éØ‚éØ‚éØ‚éØ‚éØ‚éØ‚éØ‚éØ‚éØ‚éØ‚éØ‚éØ‚éØ‚éØ‚éØ‚éØ‚éØ‚éØ[10/102]‚éØ

 FAIL  src/__tests__/integration/CharacterRoutes.test.ts > Character Routes > Character Creation Workflow Integration > should complete full character creation workflow
AssertionError: expected undefined to be true // Object.is equality

[32m- Expected:[39m 
true

[31m+ Received:[39m 
undefined

 ‚ùØ src/__tests__/integration/CharacterRoutes.test.ts:398:52
    396|         .expect(200);
    397| 
    398|       expect(nameValidation.body.data.isAvailable).toBe(true);
       |                                                    ^
    399| 
    400|       // Step 2: Get random appearance

‚éØ‚éØ‚éØ‚éØ‚éØ‚éØ‚éØ‚éØ‚éØ‚éØ‚éØ‚éØ‚éØ‚éØ‚éØ‚éØ‚éØ‚éØ‚éØ‚éØ‚éØ[11/102]‚éØ

 FAIL  src/tests/services/CharacterService.cache.test.ts > AIPE Cache Invalidation Tests > 3. Cache Invalidation on Stat Changes > should invalidate cache when character stats are updated
AssertionError: expected "spy" to be called with arguments: [ 'character:test-char-001' ][90m

Number of calls: [1m0[22m
[39m
 ‚ùØ src/tests/services/CharacterService.cache.test.ts:44:39
     42|       
     43|       // Verify cache invalidation was called
     44|       expect(mockCacheService.delete).toHaveBeenCalledWith(`character:‚Ä¶
       |                                       ^
     45|       expect(mockCacheService.deletePattern).toHaveBeenCalledWith(`acc‚Ä¶
     46|     });

‚éØ‚éØ‚éØ‚éØ‚éØ‚éØ‚éØ‚éØ‚éØ‚éØ‚éØ‚éØ‚éØ‚éØ‚éØ‚éØ‚éØ‚éØ‚éØ‚éØ‚éØ[12/102]‚éØ

 FAIL  src/tests/services/CharacterService.cache.test.ts > AIPE Cache Invalidation Tests > 3. Cache Invalidation on Stat Changes > should invalidate cache when equipment changes affect stats
AssertionError: expected "spy" to be called with arguments: [ 'character:test-char-001' ][90m

Number of calls: [1m0[22m
[39m
 ‚ùØ src/tests/services/CharacterService.cache.test.ts:61:39
     59|       
     60|       // Verify cache invalidation
     61|       expect(mockCacheService.delete).toHaveBeenCalledWith(`character:‚Ä¶
       |                                       ^
     62|     });
     63| 

‚éØ‚éØ‚éØ‚éØ‚éØ‚éØ‚éØ‚éØ‚éØ‚éØ‚éØ‚éØ‚éØ‚éØ‚éØ‚éØ‚éØ‚éØ‚éØ‚éØ‚éØ[13/102]‚éØ

 FAIL  src/tests/services/CharacterService.cache.test.ts > AIPE Cache Invalidation Tests > 3. Cache Invalidation on Stat Changes > should invalidate cache when paragon points are redistributed
AssertionError: expected "spy" to be called with arguments: [ 'character:test-char-001' ][90m

Number of calls: [1m0[22m
[39m
 ‚ùØ src/tests/services/CharacterService.cache.test.ts:92:39
     90|       
     91|       // Verify cache invalidation
     92|       expect(mockCacheService.delete).toHaveBeenCalledWith(`character:‚Ä¶
       |                                       ^
     93|     });
     94| 

‚éØ‚éØ‚éØ‚éØ‚éØ‚éØ‚éØ‚éØ‚éØ‚éØ‚éØ‚éØ‚éØ‚éØ‚éØ‚éØ‚éØ‚éØ‚éØ‚éØ‚éØ[14/102]‚éØ

 FAIL  src/tests/services/CharacterService.cache.test.ts > AIPE Cache Invalidation Tests > 3. Cache Invalidation on Stat Changes > should recalculate derived stats after cache invalidation
TypeError: Cannot read properties of undefined (reading 'strength')
 ‚ùØ Function.calculateDerivedStats src/services/StatsService.ts:123:19
    121|       character.strengthTier,
    122|       BigInt(character.bonusStrength || 0),
    123|       paragonDist.strength || BigInt(0),
       |                   ^
    124|       character.prestigeLevel,
    125|       classScaling.strength
 ‚ùØ CharacterService.getCharacterWithStats src/services/CharacterService.ts:94:39
 ‚ùØ src/tests/services/CharacterService.cache.test.ts:115:7

‚éØ‚éØ‚éØ‚éØ‚éØ‚éØ‚éØ‚éØ‚éØ‚éØ‚éØ‚éØ‚éØ‚éØ‚éØ‚éØ‚éØ‚éØ‚éØ‚éØ‚éØ[15/102]‚éØ

 FAIL  src/tests/services/StatsService.test.ts > AIPE (Aeturnis Infinite Progression Engine) - StatsService > 1. Stat Progression Breakpoints Tests > Tier-Up Mechanics > should calculate tier progression correctly when base stat reaches 100
AssertionError: expected false to be true // Object.is equality

[32m- Expected[39m
[31m+ Received[39m

[32m- true[39m
[31m+ false[39m

 ‚ùØ src/tests/services/StatsService.test.ts:79:40
     77|         const progress = StatsService.calculateStatTierProgress(100, 5‚Ä¶
     78|         
     79|         expect(progress.shouldUpgrade).toBe(true);
       |                                        ^
     80|         expect(progress.newBase).toBe(10);
     81|         expect(progress.newTier).toBe(1);

‚éØ‚éØ‚éØ‚éØ‚éØ‚éØ‚éØ‚éØ‚éØ‚éØ‚éØ‚éØ‚éØ‚éØ‚éØ‚éØ‚éØ‚éØ‚éØ‚éØ‚éØ[16/102]‚éØ

 FAIL  src/tests/services/StatsService.test.ts > AIPE (Aeturnis Infinite Progression Engine) - StatsService > 2. Extreme Value Simulation > Tier 50+ Simulation > should handle extremely high tier values (Tier 50)
AssertionError: expected 1344.2 to be greater than 2400
 ‚ùØ src/tests/services/StatsService.test.ts:172:41
    170|         const stats = StatsService.calculateDerivedStats(character);
    171|         // Tier 50 should provide 50 * 50 = 2500 tier bonus
    172|         expect(stats.effectiveStrength).toBeGreaterThan(2400);
       |                                         ^
    173|         expect(Number.isFinite(stats.effectiveStrength)).toBe(true);
    174|       });

‚éØ‚éØ‚éØ‚éØ‚éØ‚éØ‚éØ‚éØ‚éØ‚éØ‚éØ‚éØ‚éØ‚éØ‚éØ‚éØ‚éØ‚éØ‚éØ‚éØ‚éØ[17/102]‚éØ

 FAIL  src/__tests__/unit/controllers/character.controller.test.ts > Character Routes > GET /api/characters > should return all characters for authenticated user
AssertionError: expected 500 to be 200 // Object.is equality

[32m- Expected[39m
[31m+ Received[39m

[32m- 200[39m
[31m+ 500[39m

 ‚ùØ Module.expectApiSuccess src/__tests__/helpers/api-helpers.ts:165:27
    163|   statusCode: number = 200
    164| ): void {
    165|   expect(response.status).toBe(statusCode);
       |                           ^
    166|   expect(response.body).not.toHaveProperty('error');
    167| }
 ‚ùØ src/__tests__/unit/controllers/character.controller.test.ts:122:7

‚éØ‚éØ‚éØ‚éØ‚éØ‚éØ‚éØ‚éØ‚éØ‚éØ‚éØ‚éØ‚éØ‚éØ‚éØ‚éØ‚éØ‚éØ‚éØ‚éØ‚éØ[18/102]‚éØ

 FAIL  src/__tests__/unit/controllers/character.controller.test.ts > Character Routes > GET /api/characters > should return empty array when user has no characters
AssertionError: expected 500 to be 200 // Object.is equality

[32m- Expected[39m
[31m+ Received[39m

[32m- 200[39m
[31m+ 500[39m

 ‚ùØ Module.expectApiSuccess src/__tests__/helpers/api-helpers.ts:165:27
    163|   statusCode: number = 200
    164| ): void {
    165|   expect(response.status).toBe(statusCode);
       |                           ^
    166|   expect(response.body).not.toHaveProperty('error');
    167| }
 ‚ùØ src/__tests__/unit/controllers/character.controller.test.ts:133:7

‚éØ‚éØ‚éØ‚éØ‚éØ‚éØ‚éØ‚éØ‚éØ‚éØ‚éØ‚éØ‚éØ‚éØ‚éØ‚éØ‚éØ‚éØ‚éØ‚éØ‚éØ[19/102]‚éØ

 FAIL  src/__tests__/unit/controllers/character.controller.test.ts > Character Routes > GET /api/characters/:id > should return character with stats when owned by user
AssertionError: expected 404 to be 200 // Object.is equality

[32m- Expected[39m
[31m+ Received[39m

[32m- 200[39m
[31m+ 404[39m

 ‚ùØ Module.expectApiSuccess src/__tests__/helpers/api-helpers.ts:165:27
    163|   statusCode: number = 200
    164| ): void {
    165|   expect(response.status).toBe(statusCode);
       |                           ^
    166|   expect(response.body).not.toHaveProperty('error');
    167| }
 ‚ùØ src/__tests__/unit/controllers/character.controller.test.ts:171:7

‚éØ‚éØ‚éØ‚éØ‚éØ‚éØ‚éØ‚éØ‚éØ‚éØ‚éØ‚éØ‚éØ‚éØ‚éØ‚éØ‚éØ‚éØ‚éØ‚éØ‚éØ[20/102]‚éØ

 FAIL  src/__tests__/unit/controllers/character.controller.test.ts > Character Routes > GET /api/characters/:id > should return 403 when character owned by different user
AssertionError: expected 404 to be 403 // Object.is equality

[32m- Expected[39m
[31m+ Received[39m

[32m- 403[39m
[31m+ 404[39m

 ‚ùØ Module.expectApiError src/__tests__/helpers/api-helpers.ts:150:27
    148|   errorMessage?: string
    149| ): void {
    150|   expect(response.status).toBe(statusCode);
       |                           ^
    151|   expect(response.body).toHaveProperty('error');
    152|   
 ‚ùØ src/__tests__/unit/controllers/character.controller.test.ts:197:7

‚éØ‚éØ‚éØ‚éØ‚éØ‚éØ‚éØ‚éØ‚éØ‚éØ‚éØ‚éØ‚éØ‚éØ‚éØ‚éØ‚éØ‚éØ‚éØ‚éØ‚éØ[21/102]‚éØ

 FAIL  src/__tests__/unit/controllers/character.controller.test.ts > Character Routes > POST /api/characters > should create character successfully
AssertionError: expected undefined to deeply equal { ‚Ä¶(44) }

[32m- Expected:[39m 
{
  "accountId": "test-user-id",
  "appearance": {
    "build": 1,
    "eyeColor": "#0000FF",
    "hairColor": "#8B4513",
    "hairStyle": 1,
    "height": 180,
    "skinColor": "#FDBCB4",
    "skinTone": 1,
  },
  "bankSlots": 20,
  "baseCharisma": 10,
  "baseConstitution": 10,
  "baseDexterity": 10,
  "baseIntelligence": 10,
  "baseStrength": 10,
  "baseWisdom": 10,
  "bonusCharisma": 0,
  "bonusConstitution": 0,
  "bonusDexterity": 0,
  "bonusIntelligence": 0,
  "bonusStrength": 0,
  "bonusWisdom": 0,
  "charismaTier": 0,
  "class": "warrior",
  "constitutionTier": 0,
  "createdAt": 2025-07-09T23:45:29.432Z,
  "currentHp": 100,
  "currentMp": 100,
  "currentStamina": 100,
  "currentZone": "starter_zone",
  "dexterityTier": 0,
  "experience": 0,
  "gender": "male",
  "gold": 100,
  "id": "a2a8b387-2a53-4c7a-b9a5-c93cc0aa5b94",
  "intelligenceTier": 0,
  "isDeleted": false,
  "lastPlayedAt": null,
  "level": 1,
  "maxHp": 100,
  "maxMp": 100,
  "maxStamina": 100,
  "name": "TestWarrior",
  "paragonDistribution": {},
  "paragonPoints": 0,
  "position": {
    "x": 0,
    "y": 0,
    "z": 0,
  },
  "prestigeLevel": 0,
  "race": "human",
  "strengthTier": 0,
  "updatedAt": 2025-07-09T23:45:29.432Z,
  "wisdomTier": 0,
}

[31m+ Received:[39m 
undefined

 ‚ùØ src/__tests__/unit/controllers/character.controller.test.ts:236:34
    234|       
    235|       expectApiSuccess(response, 201);
    236|       expect(response.body.data).toEqual(mockCharacter);
       |                                  ^
    237|       expect(mockCharacterService.createCharacter).toHaveBeenCalledWit‚Ä¶
    238|         'test-user-id',

‚éØ‚éØ‚éØ‚éØ‚éØ‚éØ‚éØ‚éØ‚éØ‚éØ‚éØ‚éØ‚éØ‚éØ‚éØ‚éØ‚éØ‚éØ‚éØ‚éØ‚éØ[22/102]‚éØ

 FAIL  src/__tests__/unit/controllers/character.controller.test.ts > Character Routes > POST /api/characters > should handle duplicate name error
AssertionError: expected 201 to be 400 // Object.is equality

[32m- Expected[39m
[31m+ Received[39m

[32m- 400[39m
[31m+ 201[39m

 ‚ùØ Module.expectApiError src/__tests__/helpers/api-helpers.ts:150:27
    148|   errorMessage?: string
    149| ): void {
    150|   expect(response.status).toBe(statusCode);
       |                           ^
    151|   expect(response.body).toHaveProperty('error');
    152|   
 ‚ùØ src/__tests__/unit/controllers/character.controller.test.ts:286:7

‚éØ‚éØ‚éØ‚éØ‚éØ‚éØ‚éØ‚éØ‚éØ‚éØ‚éØ‚éØ‚éØ‚éØ‚éØ‚éØ‚éØ‚éØ‚éØ‚éØ‚éØ[23/102]‚éØ

 FAIL  src/__tests__/unit/controllers/character.controller.test.ts > Character Routes > POST /api/characters > should handle character limit error
AssertionError: expected 201 to be 400 // Object.is equality

[32m- Expected[39m
[31m+ Received[39m

[32m- 400[39m
[31m+ 201[39m

 ‚ùØ Module.expectApiError src/__tests__/helpers/api-helpers.ts:150:27
    148|   errorMessage?: string
    149| ): void {
    150|   expect(response.status).toBe(statusCode);
       |                           ^
    151|   expect(response.body).toHaveProperty('error');
    152|   
 ‚ùØ src/__tests__/unit/controllers/character.controller.test.ts:296:7

‚éØ‚éØ‚éØ‚éØ‚éØ‚éØ‚éØ‚éØ‚éØ‚éØ‚éØ‚éØ‚éØ‚éØ‚éØ‚éØ‚éØ‚éØ‚éØ‚éØ‚éØ[24/102]‚éØ

 FAIL  src/__tests__/unit/controllers/character.controller.test.ts > Character Routes > DELETE /api/characters/:id > should delete character successfully
AssertionError: expected 404 to be 200 // Object.is equality

[32m- Expected[39m
[31m+ Received[39m

[32m- 200[39m
[31m+ 404[39m

 ‚ùØ Module.expectApiSuccess src/__tests__/helpers/api-helpers.ts:165:27
    163|   statusCode: number = 200
    164| ): void {
    165|   expect(response.status).toBe(statusCode);
       |                           ^
    166|   expect(response.body).not.toHaveProperty('error');
    167| }
 ‚ùØ src/__tests__/unit/controllers/character.controller.test.ts:308:7

‚éØ‚éØ‚éØ‚éØ‚éØ‚éØ‚éØ‚éØ‚éØ‚éØ‚éØ‚éØ‚éØ‚éØ‚éØ‚éØ‚éØ‚éØ‚éØ‚éØ‚éØ[25/102]‚éØ

 FAIL  src/__tests__/unit/controllers/character.controller.test.ts > Character Routes > PATCH /api/characters/:id/position > should update character position successfully
AssertionError: expected 404 to be 200 // Object.is equality

[32m- Expected[39m
[31m+ Received[39m

[32m- 200[39m
[31m+ 404[39m

 ‚ùØ Module.expectApiSuccess src/__tests__/helpers/api-helpers.ts:165:27
    163|   statusCode: number = 200
    164| ): void {
    165|   expect(response.status).toBe(statusCode);
       |                           ^
    166|   expect(response.body).not.toHaveProperty('error');
    167| }
 ‚ùØ src/__tests__/unit/controllers/character.controller.test.ts:353:7

‚éØ‚éØ‚éØ‚éØ‚éØ‚éØ‚éØ‚éØ‚éØ‚éØ‚éØ‚éØ‚éØ‚éØ‚éØ‚éØ‚éØ‚éØ‚éØ‚éØ‚éØ[26/102]‚éØ

 FAIL  src/__tests__/unit/controllers/character.controller.test.ts > Character Routes > PATCH /api/characters/:id/position > should allow optional rotation
AssertionError: expected 404 to be 200 // Object.is equality

[32m- Expected[39m
[31m+ Received[39m

[32m- 200[39m
[31m+ 404[39m

 ‚ùØ Module.expectApiSuccess src/__tests__/helpers/api-helpers.ts:165:27
    163|   statusCode: number = 200
    164| ): void {
    165|   expect(response.status).toBe(statusCode);
       |                           ^
    166|   expect(response.body).not.toHaveProperty('error');
    167| }
 ‚ùØ src/__tests__/unit/controllers/character.controller.test.ts:395:7

‚éØ‚éØ‚éØ‚éØ‚éØ‚éØ‚éØ‚éØ‚éØ‚éØ‚éØ‚éØ‚éØ‚éØ‚éØ‚éØ‚éØ‚éØ‚éØ‚éØ‚éØ[27/102]‚éØ

 FAIL  src/__tests__/unit/controllers/combat.controller.test.ts > Combat Controller > performTestAction > should perform combat action successfully
AssertionError: expected "spy" to be called with arguments: [ 'session-123', ‚Ä¶(2) ][90m

Number of calls: [1m0[22m
[39m
 ‚ùØ src/__tests__/unit/controllers/combat.controller.test.ts:188:47
    186|       await combatController.performTestAction(mockRequest, mockRespon‚Ä¶
    187|       
    188|       expect(mockCombatService.performAction).toHaveBeenCalledWith(
       |                                               ^
    189|         'session-123',
    190|         '550e8400-e29b-41d4-a716-446655440000', // Mock player ID

‚éØ‚éØ‚éØ‚éØ‚éØ‚éØ‚éØ‚éØ‚éØ‚éØ‚éØ‚éØ‚éØ‚éØ‚éØ‚éØ‚éØ‚éØ‚éØ‚éØ‚éØ[28/102]‚éØ

 FAIL  src/__tests__/unit/controllers/combat.controller.test.ts > Combat Controller > performTestAction > should auto-select target for attack actions when not provided
AssertionError: expected "spy" to be called with arguments: [ 'session-123', Any<String>, ‚Ä¶(1) ][90m

Number of calls: [1m0[22m
[39m
 ‚ùØ src/__tests__/unit/controllers/combat.controller.test.ts:256:47
    254|       await combatController.performTestAction(mockRequest, mockRespon‚Ä¶
    255|       
    256|       expect(mockCombatService.performAction).toHaveBeenCalledWith(
       |                                               ^
    257|         'session-123',
    258|         expect.any(String),

‚éØ‚éØ‚éØ‚éØ‚éØ‚éØ‚éØ‚éØ‚éØ‚éØ‚éØ‚éØ‚éØ‚éØ‚éØ‚éØ‚éØ‚éØ‚éØ‚éØ‚éØ[29/102]‚éØ

 FAIL  src/__tests__/unit/controllers/combat.controller.test.ts > Combat Controller > performTestAction > should handle different action types
AssertionError: expected "spy" to be called with arguments: [ 'session-123', Any<String>, ‚Ä¶(1) ][90m

Number of calls: [1m0[22m
[39m
 ‚ùØ src/__tests__/unit/controllers/combat.controller.test.ts:294:49
    292|         await combatController.performTestAction(mockRequest, mockResp‚Ä¶
    293|         
    294|         expect(mockCombatService.performAction).toHaveBeenCalledWith(
       |                                                 ^
    295|           'session-123',
    296|           expect.any(String),

‚éØ‚éØ‚éØ‚éØ‚éØ‚éØ‚éØ‚éØ‚éØ‚éØ‚éØ‚éØ‚éØ‚éØ‚éØ‚éØ‚éØ‚éØ‚éØ‚éØ‚éØ[30/102]‚éØ

 FAIL  src/__tests__/unit/routes/auth.routes.test.ts > Auth Routes > POST /api/auth/register > should register a new user successfully
AssertionError: expected { success: true } to deeply equal { success: true, data: { ‚Ä¶(3) } }

[32m- Expected[39m
[31m+ Received[39m

[2m  {[22m
[32m-   "data": {[39m
[32m-     "accessToken": "mock_access_token",[39m
[32m-     "refreshToken": "mock_refresh_token",[39m
[32m-     "user": {[39m
[32m-       "email": "test@example.com",[39m
[32m-       "id": "123",[39m
[32m-       "username": "testuser",[39m
[32m-     },[39m
[32m-   },[39m
[2m    "success": true,[22m
[2m  }[22m

 ‚ùØ src/__tests__/unit/routes/auth.routes.test.ts:64:29
     62|       
     63|       expect(response.status).toBe(201);
     64|       expect(response.body).toEqual({
       |                             ^
     65|         success: true,
     66|         data: mockResult

‚éØ‚éØ‚éØ‚éØ‚éØ‚éØ‚éØ‚éØ‚éØ‚éØ‚éØ‚éØ‚éØ‚éØ‚éØ‚éØ‚éØ‚éØ‚éØ‚éØ‚éØ[31/102]‚éØ

 FAIL  src/__tests__/unit/routes/auth.routes.test.ts > Auth Routes > POST /api/auth/register > should handle registration errors
AssertionError: expected 201 to be 500 // Object.is equality

[32m- Expected[39m
[31m+ Received[39m

[32m- 500[39m
[31m+ 201[39m

 ‚ùØ src/__tests__/unit/routes/auth.routes.test.ts:84:31
     82|         .send(registrationData);
     83|       
     84|       expect(response.status).toBe(500);
       |                               ^
     85|       expect(response.body).toHaveProperty('error');
     86|     });

‚éØ‚éØ‚éØ‚éØ‚éØ‚éØ‚éØ‚éØ‚éØ‚éØ‚éØ‚éØ‚éØ‚éØ‚éØ‚éØ‚éØ‚éØ‚éØ‚éØ‚éØ[32/102]‚éØ

 FAIL  src/__tests__/unit/routes/auth.routes.test.ts > Auth Routes > POST /api/auth/login > should login successfully
AssertionError: expected { success: true } to deeply equal { success: true, data: { ‚Ä¶(3) } }

[32m- Expected[39m
[31m+ Received[39m

[2m  {[22m
[32m-   "data": {[39m
[32m-     "accessToken": "mock_access_token",[39m
[32m-     "refreshToken": "mock_refresh_token",[39m
[32m-     "user": {[39m
[32m-       "email": "test@example.com",[39m
[32m-       "id": "123",[39m
[32m-       "username": "testuser",[39m
[32m-     },[39m
[32m-   },[39m
[2m    "success": true,[22m
[2m  }[22m

 ‚ùØ src/__tests__/unit/routes/auth.routes.test.ts:113:29
    111|       
    112|       expect(response.status).toBe(200);
    113|       expect(response.body).toEqual({
       |                             ^
    114|         success: true,
    115|         data: mockResult

‚éØ‚éØ‚éØ‚éØ‚éØ‚éØ‚éØ‚éØ‚éØ‚éØ‚éØ‚éØ‚éØ‚éØ‚éØ‚éØ‚éØ‚éØ‚éØ‚éØ‚éØ[33/102]‚éØ

 FAIL  src/__tests__/unit/routes/auth.routes.test.ts > Auth Routes > POST /api/auth/login > should handle invalid credentials
AssertionError: expected 200 to be 500 // Object.is equality

[32m- Expected[39m
[31m+ Received[39m

[32m- 500[39m
[31m+ 200[39m

 ‚ùØ src/__tests__/unit/routes/auth.routes.test.ts:131:31
    129|         .send(loginData);
    130|       
    131|       expect(response.status).toBe(500);
       |                               ^
    132|       expect(response.body.error).toContain('Invalid credentials');
    133|     });

‚éØ‚éØ‚éØ‚éØ‚éØ‚éØ‚éØ‚éØ‚éØ‚éØ‚éØ‚éØ‚éØ‚éØ‚éØ‚éØ‚éØ‚éØ‚éØ‚éØ‚éØ[34/102]‚éØ

 FAIL  src/__tests__/unit/routes/auth.routes.test.ts > Auth Routes > POST /api/auth/refresh > should refresh tokens successfully
AssertionError: expected { success: true } to deeply equal { success: true, data: { ‚Ä¶(2) } }

[32m- Expected[39m
[31m+ Received[39m

[2m  {[22m
[32m-   "data": {[39m
[32m-     "accessToken": "new_access_token",[39m
[32m-     "refreshToken": "new_refresh_token",[39m
[32m-   },[39m
[2m    "success": true,[22m
[2m  }[22m

 ‚ùØ src/__tests__/unit/routes/auth.routes.test.ts:150:29
    148|       
    149|       expect(response.status).toBe(200);
    150|       expect(response.body).toEqual({
       |                             ^
    151|         success: true,
    152|         data: mockResult

‚éØ‚éØ‚éØ‚éØ‚éØ‚éØ‚éØ‚éØ‚éØ‚éØ‚éØ‚éØ‚éØ‚éØ‚éØ‚éØ‚éØ‚éØ‚éØ‚éØ‚éØ[35/102]‚éØ

 FAIL  src/__tests__/unit/routes/auth.routes.test.ts > Auth Routes > POST /api/auth/logout > should logout successfully
AssertionError: expected "spy" to be called with arguments: [ 'valid_token' ][90m

Number of calls: [1m0[22m
[39m
 ‚ùØ src/__tests__/unit/routes/auth.routes.test.ts:182:38
    180|         message: 'Logged out successfully'
    181|       });
    182|       expect(mockAuthService.logout).toHaveBeenCalledWith('valid_token‚Ä¶
       |                                      ^
    183|     });
    184|   });

‚éØ‚éØ‚éØ‚éØ‚éØ‚éØ‚éØ‚éØ‚éØ‚éØ‚éØ‚éØ‚éØ‚éØ‚éØ‚éØ‚éØ‚éØ‚éØ‚éØ‚éØ[36/102]‚éØ

 FAIL  src/__tests__/unit/services/AffinityService.test.ts > MockAffinityService > trackWeaponUse > should track weapon usage for new weapon type
AssertionError: expected 1 to be greater than 1
 ‚ùØ src/__tests__/unit/services/AffinityService.test.ts:108:44
    106|       expect(result.updatedAffinity.characterId).toBe('new_player');
    107|       expect(result.updatedAffinity.weaponType).toBe(WeaponType.SWORD);
    108|       expect(result.updatedAffinity.level).toBeGreaterThan(1);
       |                                            ^
    109|       expect(result.updatedAffinity.usageCount).toBe(1);
    110|       expect(result.updatedAffinity.rank).toBe(AffinityRank.NOVICE);

‚éØ‚éØ‚éØ‚éØ‚éØ‚éØ‚éØ‚éØ‚éØ‚éØ‚éØ‚éØ‚éØ‚éØ‚éØ‚éØ‚éØ‚éØ‚éØ‚éØ‚éØ[37/102]‚éØ

 FAIL  src/__tests__/unit/services/AffinityService.test.ts > MockAffinityService > trackMagicUse > should track magic usage for new school
AssertionError: expected 1 to be greater than 1
 ‚ùØ src/__tests__/unit/services/AffinityService.test.ts:234:44
    232|       expect(result.updatedAffinity.characterId).toBe('magic_novice');
    233|       expect(result.updatedAffinity.school).toBe(MagicSchool.ICE);
    234|       expect(result.updatedAffinity.level).toBeGreaterThan(1);
       |                                            ^
    235|       expect(result.updatedAffinity.usageCount).toBe(1);
    236|       expect(result.updatedAffinity.rank).toBe(AffinityRank.NOVICE);

‚éØ‚éØ‚éØ‚éØ‚éØ‚éØ‚éØ‚éØ‚éØ‚éØ‚éØ‚éØ‚éØ‚éØ‚éØ‚éØ‚éØ‚éØ‚éØ‚éØ‚éØ[38/102]‚éØ

 FAIL  src/__tests__/unit/services/CacheService.test.ts > CacheService > get > should return parsed value for existing key
TypeError: Cannot read properties of null (reading 'get')
 ‚ùØ src/__tests__/unit/services/CacheService.test.ts:56:17
     54|     test('should return parsed value for existing key', async () => {
     55|       const testData = { name: 'TestPlayer', level: 10 };
     56|       mockRedis.get.mockResolvedValue(JSON.stringify(testData));
       |                 ^
     57|       
     58|       const result = await cacheService.get('player:123');

‚éØ‚éØ‚éØ‚éØ‚éØ‚éØ‚éØ‚éØ‚éØ‚éØ‚éØ‚éØ‚éØ‚éØ‚éØ‚éØ‚éØ‚éØ‚éØ‚éØ‚éØ[39/102]‚éØ

 FAIL  src/__tests__/unit/services/CacheService.test.ts > CacheService > get > should return null for non-existent key
TypeError: Cannot read properties of null (reading 'get')
 ‚ùØ src/__tests__/unit/services/CacheService.test.ts:65:17
     63| 
     64|     test('should return null for non-existent key', async () => {
     65|       mockRedis.get.mockResolvedValue(null);
       |                 ^
     66|       
     67|       const result = await cacheService.get('non:existent');

‚éØ‚éØ‚éØ‚éØ‚éØ‚éØ‚éØ‚éØ‚éØ‚éØ‚éØ‚éØ‚éØ‚éØ‚éØ‚éØ‚éØ‚éØ‚éØ‚éØ‚éØ[40/102]‚éØ

 FAIL  src/__tests__/unit/services/CacheService.test.ts > CacheService > get > should return null and log error on Redis failure
TypeError: Cannot read properties of null (reading 'get')
 ‚ùØ src/__tests__/unit/services/CacheService.test.ts:74:17
     72|     test('should return null and log error on Redis failure', async ()‚Ä¶
     73|       const consoleSpy = vi.spyOn(console, 'error').mockImplementation‚Ä¶
     74|       mockRedis.get.mockRejectedValue(new Error('Redis connection fail‚Ä¶
       |                 ^
     75|       
     76|       const result = await cacheService.get('any:key');

‚éØ‚éØ‚éØ‚éØ‚éØ‚éØ‚éØ‚éØ‚éØ‚éØ‚éØ‚éØ‚éØ‚éØ‚éØ‚éØ‚éØ‚éØ‚éØ‚éØ‚éØ[41/102]‚éØ

 FAIL  src/__tests__/unit/services/CacheService.test.ts > CacheService > set > should set value without TTL
TypeError: Cannot read properties of null (reading 'set')
 ‚ùØ src/__tests__/unit/services/CacheService.test.ts:88:17
     86|     test('should set value without TTL', async () => {
     87|       const testData = { name: 'TestPlayer', level: 10 };
     88|       mockRedis.set.mockResolvedValue('OK');
       |                 ^
     89|       
     90|       await cacheService.set('player:456', testData);

‚éØ‚éØ‚éØ‚éØ‚éØ‚éØ‚éØ‚éØ‚éØ‚éØ‚éØ‚éØ‚éØ‚éØ‚éØ‚éØ‚éØ‚éØ‚éØ‚éØ‚éØ[42/102]‚éØ

 FAIL  src/__tests__/unit/services/CacheService.test.ts > CacheService > set > should set value with TTL
TypeError: Cannot read properties of null (reading 'setex')
 ‚ùØ src/__tests__/unit/services/CacheService.test.ts:97:17
     95|     test('should set value with TTL', async () => {
     96|       const testData = { name: 'TestPlayer', level: 10 };
     97|       mockRedis.setex.mockResolvedValue('OK');
       |                 ^
     98|       
     99|       await cacheService.set('player:789', testData, 60);

‚éØ‚éØ‚éØ‚éØ‚éØ‚éØ‚éØ‚éØ‚éØ‚éØ‚éØ‚éØ‚éØ‚éØ‚éØ‚éØ‚éØ‚éØ‚éØ‚éØ‚éØ[43/102]‚éØ

 FAIL  src/__tests__/unit/services/CacheService.test.ts > CacheService > set > should throw error on Redis failure
TypeError: Cannot read properties of null (reading 'set')
 ‚ùØ src/__tests__/unit/services/CacheService.test.ts:106:17
    104|     test('should throw error on Redis failure', async () => {
    105|       const consoleSpy = vi.spyOn(console, 'error').mockImplementation‚Ä¶
    106|       mockRedis.set.mockRejectedValue(new Error('Redis write failed'));
       |                 ^
    107|       
    108|       await expect(cacheService.set('any:key', 'value')).rejects.toThr‚Ä¶

‚éØ‚éØ‚éØ‚éØ‚éØ‚éØ‚éØ‚éØ‚éØ‚éØ‚éØ‚éØ‚éØ‚éØ‚éØ‚éØ‚éØ‚éØ‚éØ‚éØ‚éØ[44/102]‚éØ

 FAIL  src/__tests__/unit/services/CacheService.test.ts > CacheService > delete > should delete key
TypeError: Cannot read properties of null (reading 'del')
 ‚ùØ src/__tests__/unit/services/CacheService.test.ts:116:17
    114|   describe('delete', () => {
    115|     test('should delete key', async () => {
    116|       mockRedis.del.mockResolvedValue(1);
       |                 ^
    117|       
    118|       await cacheService.delete('player:123');

‚éØ‚éØ‚éØ‚éØ‚éØ‚éØ‚éØ‚éØ‚éØ‚éØ‚éØ‚éØ‚éØ‚éØ‚éØ‚éØ‚éØ‚éØ‚éØ‚éØ‚éØ[45/102]‚éØ

 FAIL  src/__tests__/unit/services/CacheService.test.ts > CacheService > delete > should handle deletion errors gracefully
TypeError: Cannot read properties of null (reading 'del')
 ‚ùØ src/__tests__/unit/services/CacheService.test.ts:125:17
    123|     test('should handle deletion errors gracefully', async () => {
    124|       const consoleSpy = vi.spyOn(console, 'error').mockImplementation‚Ä¶
    125|       mockRedis.del.mockRejectedValue(new Error('Redis delete failed')‚Ä¶
       |                 ^
    126|       
    127|       await expect(cacheService.delete('any:key')).resolves.not.toThro‚Ä¶

‚éØ‚éØ‚éØ‚éØ‚éØ‚éØ‚éØ‚éØ‚éØ‚éØ‚éØ‚éØ‚éØ‚éØ‚éØ‚éØ‚éØ‚éØ‚éØ‚éØ‚éØ[46/102]‚éØ

 FAIL  src/__tests__/unit/services/CacheService.test.ts > CacheService > ttl > should return TTL for existing key
TypeError: Cannot read properties of null (reading 'ttl')
 ‚ùØ src/__tests__/unit/services/CacheService.test.ts:136:17
    134|   describe('ttl', () => {
    135|     test('should return TTL for existing key', async () => {
    136|       mockRedis.ttl.mockResolvedValue(60);
       |                 ^
    137|       
    138|       const result = await cacheService.ttl('player:123');

‚éØ‚éØ‚éØ‚éØ‚éØ‚éØ‚éØ‚éØ‚éØ‚éØ‚éØ‚éØ‚éØ‚éØ‚éØ‚éØ‚éØ‚éØ‚éØ‚éØ‚éØ[47/102]‚éØ

 FAIL  src/__tests__/unit/services/CacheService.test.ts > CacheService > ttl > should return -1 on error
TypeError: Cannot read properties of null (reading 'ttl')
 ‚ùØ src/__tests__/unit/services/CacheService.test.ts:146:17
    144|     test('should return -1 on error', async () => {
    145|       const consoleSpy = vi.spyOn(console, 'error').mockImplementation‚Ä¶
    146|       mockRedis.ttl.mockRejectedValue(new Error('Redis TTL failed'));
       |                 ^
    147|       
    148|       const result = await cacheService.ttl('any:key');

‚éØ‚éØ‚éØ‚éØ‚éØ‚éØ‚éØ‚éØ‚éØ‚éØ‚éØ‚éØ‚éØ‚éØ‚éØ‚éØ‚éØ‚éØ‚éØ‚éØ‚éØ[48/102]‚éØ

 FAIL  src/__tests__/unit/services/CacheService.test.ts > CacheService > exists > should return true for existing key
TypeError: Cannot read properties of null (reading 'exists')
 ‚ùØ src/__tests__/unit/services/CacheService.test.ts:159:17
    157|   describe('exists', () => {
    158|     test('should return true for existing key', async () => {
    159|       mockRedis.exists.mockResolvedValue(1);
       |                 ^
    160|       
    161|       const result = await cacheService.exists('player:123');

‚éØ‚éØ‚éØ‚éØ‚éØ‚éØ‚éØ‚éØ‚éØ‚éØ‚éØ‚éØ‚éØ‚éØ‚éØ‚éØ‚éØ‚éØ‚éØ‚éØ‚éØ[49/102]‚éØ

 FAIL  src/__tests__/unit/services/CacheService.test.ts > CacheService > exists > should return false for non-existing key
TypeError: Cannot read properties of null (reading 'exists')
 ‚ùØ src/__tests__/unit/services/CacheService.test.ts:168:17
    166| 
    167|     test('should return false for non-existing key', async () => {
    168|       mockRedis.exists.mockResolvedValue(0);
       |                 ^
    169|       
    170|       const result = await cacheService.exists('player:nonexistent');

‚éØ‚éØ‚éØ‚éØ‚éØ‚éØ‚éØ‚éØ‚éØ‚éØ‚éØ‚éØ‚éØ‚éØ‚éØ‚éØ‚éØ‚éØ‚éØ‚éØ‚éØ[50/102]‚éØ

 FAIL  src/__tests__/unit/services/CacheService.test.ts > CacheService > exists > should return false on error
TypeError: Cannot read properties of null (reading 'exists')
 ‚ùØ src/__tests__/unit/services/CacheService.test.ts:177:17
    175|     test('should return false on error', async () => {
    176|       const consoleSpy = vi.spyOn(console, 'error').mockImplementation‚Ä¶
    177|       mockRedis.exists.mockRejectedValue(new Error('Redis exists faile‚Ä¶
       |                 ^
    178|       
    179|       const result = await cacheService.exists('any:key');

‚éØ‚éØ‚éØ‚éØ‚éØ‚éØ‚éØ‚éØ‚éØ‚éØ‚éØ‚éØ‚éØ‚éØ‚éØ‚éØ‚éØ‚éØ‚éØ‚éØ‚éØ[51/102]‚éØ

 FAIL  src/__tests__/unit/services/CacheService.test.ts > CacheService > disconnect > should disconnect from Redis
TypeError: Cannot read properties of null (reading 'quit')
 ‚ùØ src/__tests__/unit/services/CacheService.test.ts:190:17
    188|   describe('disconnect', () => {
    189|     test('should disconnect from Redis', async () => {
    190|       mockRedis.quit.mockResolvedValue('OK');
       |                 ^
    191|       
    192|       await cacheService.disconnect();

‚éØ‚éØ‚éØ‚éØ‚éØ‚éØ‚éØ‚éØ‚éØ‚éØ‚éØ‚éØ‚éØ‚éØ‚éØ‚éØ‚éØ‚éØ‚éØ‚éØ‚éØ[52/102]‚éØ

 FAIL  src/__tests__/unit/services/CharacterService.test.ts > CharacterService > getCharactersByAccount > should return characters from cache when available
AssertionError: expected '[{"id":"255addc4-814e-4e54-aed5-cad78‚Ä¶' to deeply equal [ { ‚Ä¶(44) }, { ‚Ä¶(44) } ]

[32m- Expected:[39m 
[
  {
    "accountId": "test-account-id",
    "appearance": {
      "build": 50,
      "eyeColor": "#0000FF",
      "faceType": "normal",
      "features": {},
      "hairColor": "#8B4513",
      "hairStyle": "1",
      "height": 50,
      "skinTone": "1",
    },
    "bankSlots": 20,
    "baseCharisma": 10,
    "baseConstitution": 10,
    "baseDexterity": 10,
    "baseIntelligence": 10,
    "baseStrength": 10,
    "baseWisdom": 10,
    "bonusCharisma": 0,
    "bonusConstitution": 0,
    "bonusDexterity": 0,
    "bonusIntelligence": 0,
    "bonusStrength": 0,
    "bonusWisdom": 0,
    "charismaTier": 0,
    "class": "warrior",
    "constitutionTier": 0,
    "createdAt": 2025-07-09T23:45:29.047Z,
    "currentHp": 100,
    "currentMp": 100,
    "currentStamina": 100,
    "currentZone": "starter_zone",
    "dexterityTier": 0,
    "experience": 0,
    "gender": "male",
    "gold": 100,
    "id": "255addc4-814e-4e54-aed5-cad78b2b63c2",
    "intelligenceTier": 0,
    "isDeleted": false,
    "lastPlayedAt": null,
    "level": 1,
    "maxHp": 100,
    "maxMp": 100,
    "maxStamina": 100,
    "name": "TestCharacter1752104729047_0",
    "paragonDistribution": {},
    "paragonPoints": 0,
    "position": {
      "x": 0,
      "y": 0,
      "z": 0,
    },
    "prestigeLevel": 0,
    "race": "human",
    "strengthTier": 0,
    "updatedAt": 2025-07-09T23:45:29.047Z,
    "wisdomTier": 0,
  },
  {
    "accountId": "test-account-id",
    "appearance": {
      "build": 50,
      "eyeColor": "#0000FF",
      "faceType": "normal",
      "features": {},
      "hairColor": "#8B4513",
      "hairStyle": "1",
      "height": 50,
      "skinTone": "1",
    },
    "bankSlots": 20,
    "baseCharisma": 10,
    "baseConstitution": 10,
    "baseDexterity": 10,
    "baseIntelligence": 10,
    "baseStrength": 10,
    "baseWisdom": 10,
    "bonusCharisma": 0,
    "bonusConstitution": 0,
    "bonusDexterity": 0,
    "bonusIntelligence": 0,
    "bonusStrength": 0,
    "bonusWisdom": 0,
    "charismaTier": 0,
    "class": "warrior",
    "constitutionTier": 0,
    "createdAt": 2025-07-09T23:45:29.047Z,
    "currentHp": 100,
    "currentMp": 100,
    "currentStamina": 100,
    "currentZone": "starter_zone",
    "dexterityTier": 0,
    "experience": 0,
    "gender": "male",
    "gold": 100,
    "id": "98748734-c252-4926-9ad3-038eb45aa183",
    "intelligenceTier": 0,
    "isDeleted": false,
    "lastPlayedAt": null,
    "level": 1,
    "maxHp": 100,
    "maxMp": 100,
    "maxStamina": 100,
    "name": "TestCharacter1752104729047_1",
    "paragonDistribution": {},
    "paragonPoints": 0,
    "position": {
      "x": 0,
      "y": 0,
      "z": 0,
    },
    "prestigeLevel": 0,
    "race": "human",
    "strengthTier": 0,
    "updatedAt": 2025-07-09T23:45:29.047Z,
    "wisdomTier": 0,
  },
]

[31m+ Received:[39m 
"[{\"id\":\"255addc4-814e-4e54-aed5-cad78b2b63c2\",\"accountId\":\"test-account-id\",\"name\":\"TestCharacter1752104729047_0\",\"race\":\"human\",\"class\":\"warrior\",\"gender\":\"male\",\"level\":1,\"experience\":0,\"baseStrength\":10,\"baseDexterity\":10,\"baseIntelligence\":10,\"baseWisdom\":10,\"baseConstitution\":10,\"baseCharisma\":10,\"strengthTier\":0,\"dexterityTier\":0,\"intelligenceTier\":0,\"wisdomTier\":0,\"constitutionTier\":0,\"charismaTier\":0,\"bonusStrength\":0,\"bonusDexterity\":0,\"bonusIntelligence\":0,\"bonusWisdom\":0,\"bonusConstitution\":0,\"bonusCharisma\":0,\"prestigeLevel\":0,\"paragonPoints\":0,\"paragonDistribution\":{},\"currentHp\":100,\"maxHp\":100,\"currentMp\":100,\"maxMp\":100,\"currentStamina\":100,\"maxStamina\":100,\"gold\":100,\"bankSlots\":20,\"appearance\":{\"skinTone\":\"1\",\"hairStyle\":\"1\",\"hairColor\":\"#8B4513\",\"eyeColor\":\"#0000FF\",\"height\":50,\"build\":50,\"faceType\":\"normal\",\"features\":{}},\"currentZone\":\"starter_zone\",\"position\":{\"x\":0,\"y\":0,\"z\":0},\"isDeleted\":false,\"lastPlayedAt\":null,\"createdAt\":\"2025-07-09T23:45:29.047Z\",\"updatedAt\":\"2025-07-09T23:45:29.047Z\"},{\"id\":\"98748734-c252-4926-9ad3-038eb45aa183\",\"accountId\":\"test-account-id\",\"name\":\"TestCharacter1752104729047_1\",\"race\":\"human\",\"class\":\"warrior\",\"gender\":\"male\",\"level\":1,\"experience\":0,\"baseStrength\":10,\"baseDexterity\":10,\"baseIntelligence\":10,\"baseWisdom\":10,\"baseConstitution\":10,\"baseCharisma\":10,\"strengthTier\":0,\"dexterityTier\":0,\"intelligenceTier\":0,\"wisdomTier\":0,\"constitutionTier\":0,\"charismaTier\":0,\"bonusStrength\":0,\"bonusDexterity\":0,\"bonusIntelligence\":0,\"bonusWisdom\":0,\"bonusConstitution\":0,\"bonusCharisma\":0,\"prestigeLevel\":0,\"paragonPoints\":0,\"paragonDistribution\":{},\"currentHp\":100,\"maxHp\":100,\"currentMp\":100,\"maxMp\":100,\"currentStamina\":100,\"maxStamina\":100,\"gold\":100,\"bankSlots\":20,\"appearance\":{\"skinTone\":\"1\",\"hairStyle\":\"1\",\"hairColor\":\"#8B4513\",\"eyeColor\":\"#0000FF\",\"height\":50,\"build\":50,\"faceType\":\"normal\",\"features\":{}},\"currentZone\":\"starter_zone\",\"position\":{\"x\":0,\"y\":0,\"z\":0},\"isDeleted\":false,\"lastPlayedAt\":null,\"createdAt\":\"2025-07-09T23:45:29.047Z\",\"updatedAt\":\"2025-07-09T23:45:29.047Z\"}]"

 ‚ùØ src/__tests__/unit/services/CharacterService.test.ts:79:22
     77|       const result = await characterService.getCharactersByAccount(acc‚Ä¶
     78|       
     79|       expect(result).toEqual(cachedCharacters);
       |                      ^
     80|       expect(mockCacheService.get).toHaveBeenCalledWith(`characters:ac‚Ä¶
     81|       expect(mockCharacterRepository.findByAccountId).not.toHaveBeenCa‚Ä¶

‚éØ‚éØ‚éØ‚éØ‚éØ‚éØ‚éØ‚éØ‚éØ‚éØ‚éØ‚éØ‚éØ‚éØ‚éØ‚éØ‚éØ‚éØ‚éØ‚éØ‚éØ[53/102]‚éØ

 FAIL  src/__tests__/unit/services/CharacterService.test.ts > CharacterService > getCharactersByAccount > should fetch from repository when not cached
AssertionError: expected "spy" to be called with arguments: [ ‚Ä¶(3) ][90m

Number of calls: [1m0[22m
[39m
 ‚ùØ src/__tests__/unit/services/CharacterService.test.ts:93:43
     91|       expect(result).toEqual(characters);
     92|       expect(mockCharacterRepository.findByAccountId).toHaveBeenCalled‚Ä¶
     93|       expect(mockCacheService.setWithTTL).toHaveBeenCalledWith(
       |                                           ^
     94|         `characters:account:${accountId}`,
     95|         JSON.stringify(characters),

‚éØ‚éØ‚éØ‚éØ‚éØ‚éØ‚éØ‚éØ‚éØ‚éØ‚éØ‚éØ‚éØ‚éØ‚éØ‚éØ‚éØ‚éØ‚éØ‚éØ‚éØ[54/102]‚éØ

 FAIL  src/__tests__/unit/services/CharacterService.test.ts > CharacterService > getCharactersByAccount > should return empty array when user has no characters
AssertionError: expected "spy" to be called at least once
 ‚ùØ src/__tests__/unit/services/CharacterService.test.ts:107:43
    105|       
    106|       expect(result).toEqual([]);
    107|       expect(mockCacheService.setWithTTL).toHaveBeenCalled();
       |                                           ^
    108|     });
    109|     

‚éØ‚éØ‚éØ‚éØ‚éØ‚éØ‚éØ‚éØ‚éØ‚éØ‚éØ‚éØ‚éØ‚éØ‚éØ‚éØ‚éØ‚éØ‚éØ‚éØ‚éØ[55/102]‚éØ

 FAIL  src/__tests__/unit/services/CharacterService.test.ts > CharacterService > getCharactersByAccount > should handle cache errors gracefully
Error: Cache error
 ‚ùØ src/__tests__/unit/services/CharacterService.test.ts:112:50
    110|     it('should handle cache errors gracefully', async () => {
    111|       const characters = characterFactory.buildMany(2, { accountId });
    112|       mockCacheService.get.mockRejectedValueOnce(new Error('Cache erro‚Ä¶
       |                                                  ^
    113|       mockCharacterRepository.findByAccountId.mockResolvedValueOnce(ch‚Ä¶
    114|       

‚éØ‚éØ‚éØ‚éØ‚éØ‚éØ‚éØ‚éØ‚éØ‚éØ‚éØ‚éØ‚éØ‚éØ‚éØ‚éØ‚éØ‚éØ‚éØ‚éØ‚éØ[56/102]‚éØ

 FAIL  src/__tests__/unit/services/CharacterService.test.ts > CharacterService > getCharacterWithStats > should return character with calculated stats
AssertionError: expected { character: { ‚Ä¶(44) }, ‚Ä¶(1) } to deeply equal { character: { ‚Ä¶(44) }, ‚Ä¶(1) }

[32m- Expected[39m
[31m+ Received[39m

[33m@@ -56,11 +56,7 @@[39m
[2m      "race": "human",[22m
[2m      "strengthTier": 0,[22m
[2m      "updatedAt": 2025-07-09T23:45:29.082Z,[22m
[2m      "wisdomTier": 0,[22m
[2m    },[22m
[32m-   "stats": {[39m
[32m-     "totalAttackPower": 50,[39m
[32m-     "totalDefense": 30,[39m
[32m-     "totalStrength": 25,[39m
[32m-   },[39m
[31m+   "derivedStats": undefined,[39m
[2m  }[22m

 ‚ùØ src/__tests__/unit/services/CharacterService.test.ts:138:22
    136|       const result = await characterService.getCharacterWithStats(char‚Ä¶
    137|       
    138|       expect(result).toEqual({
       |                      ^
    139|         character,
    140|         stats: calculatedStats

‚éØ‚éØ‚éØ‚éØ‚éØ‚éØ‚éØ‚éØ‚éØ‚éØ‚éØ‚éØ‚éØ‚éØ‚éØ‚éØ‚éØ‚éØ‚éØ‚éØ‚éØ[57/102]‚éØ

 FAIL  src/__tests__/unit/services/CharacterService.test.ts > CharacterService > getCharacterWithStats > should cache character data
AssertionError: expected "spy" to be called with arguments: [ 'character:test-character-id', ‚Ä¶(2) ][90m

Number of calls: [1m0[22m
[39m
 ‚ùØ src/__tests__/unit/services/CharacterService.test.ts:163:43
    161|       await characterService.getCharacterWithStats(characterId);
    162|       
    163|       expect(mockCacheService.setWithTTL).toHaveBeenCalledWith(
       |                                           ^
    164|         `character:${characterId}`,
    165|         JSON.stringify(character),

‚éØ‚éØ‚éØ‚éØ‚éØ‚éØ‚éØ‚éØ‚éØ‚éØ‚éØ‚éØ‚éØ‚éØ‚éØ‚éØ‚éØ‚éØ‚éØ‚éØ‚éØ[58/102]‚éØ

 FAIL  src/__tests__/unit/services/CharacterService.test.ts > CharacterService > createCharacter > should create character successfully
TypeError: this.characterRepo.isNameTaken is not a function
 ‚ùØ CharacterService.createCharacter src/services/CharacterService.ts:21:50
     19|   async createCharacter(accountId: string, data: CreateCharacterDTO): ‚Ä¶
     20|     // Validate character name availability
     21|     const isNameTaken = await this.characterRepo.isNameTaken(data.name‚Ä¶
       |                                                  ^
     22|     if (isNameTaken) {
     23|       throw new Error(`Character name "${data.name}" is already taken`‚Ä¶
 ‚ùØ src/__tests__/unit/services/CharacterService.test.ts:196:45

‚éØ‚éØ‚éØ‚éØ‚éØ‚éØ‚éØ‚éØ‚éØ‚éØ‚éØ‚éØ‚éØ‚éØ‚éØ‚éØ‚éØ‚éØ‚éØ‚éØ‚éØ[59/102]‚éØ

 FAIL  src/__tests__/unit/services/CharacterService.test.ts > CharacterService > createCharacter > should throw error when character limit reached
AssertionError: expected 'this.characterRepo.isNameTaken is not‚Ä¶' to contain 'Maximum character limit reached'

Expected: [32m"[7mMaximum [27mcharacter[7m limit reached[27m"[39m
Received: [31m"[7mthis.[27mcharacter[7mRepo.isNameTaken is not a function[27m"[39m

 ‚ùØ Module.expectAsyncThrows src/__tests__/helpers/assertions.ts:123:30
    121|   if (errorMessage) {
    122|     if (typeof errorMessage === 'string') {
    123|       expect(error!.message).toContain(errorMessage);
       |                              ^
    124|     } else {
    125|       expect(error!.message).toMatch(errorMessage);
 ‚ùØ src/__tests__/unit/services/CharacterService.test.ts:219:7

‚éØ‚éØ‚éØ‚éØ‚éØ‚éØ‚éØ‚éØ‚éØ‚éØ‚éØ‚éØ‚éØ‚éØ‚éØ‚éØ‚éØ‚éØ‚éØ‚éØ‚éØ[60/102]‚éØ

 FAIL  src/__tests__/unit/services/CharacterService.test.ts > CharacterService > createCharacter > should throw error when name already exists
AssertionError: expected 'this.characterRepo.isNameTaken is not‚Ä¶' to contain 'Character name already exists'

Expected: [32m"[7mC[27mharacter[7m name already exists[27m"[39m
Received: [31m"[7mthis.c[27mharacter[7mRepo.isNameTaken is not a function[27m"[39m

 ‚ùØ Module.expectAsyncThrows src/__tests__/helpers/assertions.ts:123:30
    121|   if (errorMessage) {
    122|     if (typeof errorMessage === 'string') {
    123|       expect(error!.message).toContain(errorMessage);
       |                              ^
    124|     } else {
    125|       expect(error!.message).toMatch(errorMessage);
 ‚ùØ src/__tests__/unit/services/CharacterService.test.ts:231:7

‚éØ‚éØ‚éØ‚éØ‚éØ‚éØ‚éØ‚éØ‚éØ‚éØ‚éØ‚éØ‚éØ‚éØ‚éØ‚éØ‚éØ‚éØ‚éØ‚éØ‚éØ[61/102]‚éØ

 FAIL  src/__tests__/unit/services/CharacterService.test.ts > CharacterService > createCharacter > should validate character name format
AssertionError: expected 'this.characterRepo.isNameTaken is not‚Ä¶' to match /Invalid character name/

[32m- Expected:[39m 
/Invalid character name/

[31m+ Received:[39m 
"this.characterRepo.isNameTaken is not a function"

 ‚ùØ Module.expectAsyncThrows src/__tests__/helpers/assertions.ts:125:30
    123|       expect(error!.message).toContain(errorMessage);
    124|     } else {
    125|       expect(error!.message).toMatch(errorMessage);
       |                              ^
    126|     }
    127|   }
 ‚ùØ src/__tests__/unit/services/CharacterService.test.ts:252:9

‚éØ‚éØ‚éØ‚éØ‚éØ‚éØ‚éØ‚éØ‚éØ‚éØ‚éØ‚éØ‚éØ‚éØ‚éØ‚éØ‚éØ‚éØ‚éØ‚éØ‚éØ[62/102]‚éØ

 FAIL  src/__tests__/unit/services/CharacterService.test.ts > CharacterService > createCharacter > should set initial stats based on race and class
TypeError: this.characterRepo.isNameTaken is not a function
 ‚ùØ CharacterService.createCharacter src/services/CharacterService.ts:21:50
     19|   async createCharacter(accountId: string, data: CreateCharacterDTO): ‚Ä¶
     20|     // Validate character name availability
     21|     const isNameTaken = await this.characterRepo.isNameTaken(data.name‚Ä¶
       |                                                  ^
     22|     if (isNameTaken) {
     23|       throw new Error(`Character name "${data.name}" is already taken`‚Ä¶
 ‚ùØ src/__tests__/unit/services/CharacterService.test.ts:266:30

‚éØ‚éØ‚éØ‚éØ‚éØ‚éØ‚éØ‚éØ‚éØ‚éØ‚éØ‚éØ‚éØ‚éØ‚éØ‚éØ‚éØ‚éØ‚éØ‚éØ‚éØ[63/102]‚éØ

 FAIL  src/__tests__/unit/services/CharacterService.test.ts > CharacterService > deleteCharacter > should delete character successfully
TypeError: this.characterRepo.softDelete is not a function
 ‚ùØ CharacterService.deleteCharacter src/services/CharacterService.ts:116:46
    114|     }
    115| 
    116|     const success = await this.characterRepo.softDelete(id);
       |                                              ^
    117|     
    118|     if (success) {
 ‚ùØ src/__tests__/unit/services/CharacterService.test.ts:287:22

‚éØ‚éØ‚éØ‚éØ‚éØ‚éØ‚éØ‚éØ‚éØ‚éØ‚éØ‚éØ‚éØ‚éØ‚éØ‚éØ‚éØ‚éØ‚éØ‚éØ‚éØ[64/102]‚éØ

 FAIL  src/__tests__/unit/services/CharacterService.test.ts > CharacterService > updateCharacterPosition > should update position successfully
TypeError: characterService.updateCharacterPosition is not a function
 ‚ùØ src/__tests__/unit/services/CharacterService.test.ts:339:45
    337|       mockCharacterRepository.update.mockResolvedValueOnce(updatedChar‚Ä¶
    338|       
    339|       const result = await characterService.updateCharacterPosition(
       |                                             ^
    340|         characterId,
    341|         accountId,

‚éØ‚éØ‚éØ‚éØ‚éØ‚éØ‚éØ‚éØ‚éØ‚éØ‚éØ‚éØ‚éØ‚éØ‚éØ‚éØ‚éØ‚éØ‚éØ‚éØ‚éØ[65/102]‚éØ

 FAIL  src/__tests__/unit/services/CharacterService.test.ts > CharacterService > updateCharacterPosition > should handle character not found
TypeError: characterService.updateCharacterPosition is not a function
 ‚ùØ src/__tests__/unit/services/CharacterService.test.ts:360:45
    358|       mockCharacterRepository.findById.mockResolvedValueOnce(null);
    359|       
    360|       const result = await characterService.updateCharacterPosition(
       |                                             ^
    361|         characterId,
    362|         accountId,

‚éØ‚éØ‚éØ‚éØ‚éØ‚éØ‚éØ‚éØ‚éØ‚éØ‚éØ‚éØ‚éØ‚éØ‚éØ‚éØ‚éØ‚éØ‚éØ‚éØ‚éØ[66/102]‚éØ

 FAIL  src/__tests__/unit/services/CharacterService.test.ts > CharacterService > updateCharacterPosition > should handle unauthorized access
TypeError: characterService.updateCharacterPosition is not a function
 ‚ùØ src/__tests__/unit/services/CharacterService.test.ts:380:45
    378|       mockCharacterRepository.findById.mockResolvedValueOnce(character‚Ä¶
    379|       
    380|       const result = await characterService.updateCharacterPosition(
       |                                             ^
    381|         characterId,
    382|         accountId,

‚éØ‚éØ‚éØ‚éØ‚éØ‚éØ‚éØ‚éØ‚éØ‚éØ‚éØ‚éØ‚éØ‚éØ‚éØ‚éØ‚éØ‚éØ‚éØ‚éØ‚éØ[67/102]‚éØ

 FAIL  src/__tests__/unit/services/TutorialService.test.ts > MockTutorialService > getTutorialZone > should include expected NPCs
AssertionError: expected [ Array(3) ] to include 'Merchant Finn'
 ‚ùØ src/__tests__/unit/services/TutorialService.test.ts:47:24
     45|       expect(npcNames).toContain('Trainer Marcus');
     46|       expect(npcNames).toContain('Sage Elara');
     47|       expect(npcNames).toContain('Merchant Finn');
       |                        ^
     48|     });
     49|   });

‚éØ‚éØ‚éØ‚éØ‚éØ‚éØ‚éØ‚éØ‚éØ‚éØ‚éØ‚éØ‚éØ‚éØ‚éØ‚éØ‚éØ‚éØ‚éØ‚éØ‚éØ[68/102]‚éØ

 FAIL  src/__tests__/unit/services/TutorialService.test.ts > MockTutorialService > getTutorialStatus > should return existing character status
AssertionError: expected undefined to be 'basic_movement' // Object.is equality

[32m- Expected:[39m 
"basic_movement"

[31m+ Received:[39m 
undefined

 ‚ùØ src/__tests__/unit/services/TutorialService.test.ts:57:37
     55|       expect(status).toBeDefined();
     56|       expect(status.characterId).toBe('test_player');
     57|       expect(status.currentQuestId).toBe('basic_movement');
       |                                     ^
     58|       expect(status.currentStepIndex).toBe(1);
     59|       expect(status.completedSteps).toContain('talk_to_marcus');

‚éØ‚éØ‚éØ‚éØ‚éØ‚éØ‚éØ‚éØ‚éØ‚éØ‚éØ‚éØ‚éØ‚éØ‚éØ‚éØ‚éØ‚éØ‚éØ‚éØ‚éØ[69/102]‚éØ

 FAIL  src/__tests__/unit/services/TutorialService.test.ts > MockTutorialService > getTutorialStatus > should create default status for new character
AssertionError: expected undefined to be 'basic_movement' // Object.is equality

[32m- Expected:[39m 
"basic_movement"

[31m+ Received:[39m 
undefined

 ‚ùØ src/__tests__/unit/services/TutorialService.test.ts:68:37
     66|       expect(status).toBeDefined();
     67|       expect(status.characterId).toBe('new_character');
     68|       expect(status.currentQuestId).toBe('basic_movement');
       |                                     ^
     69|       expect(status.currentStepIndex).toBe(0);
     70|       expect(status.completedQuests).toHaveLength(0);

‚éØ‚éØ‚éØ‚éØ‚éØ‚éØ‚éØ‚éØ‚éØ‚éØ‚éØ‚éØ‚éØ‚éØ‚éØ‚éØ‚éØ‚éØ‚éØ‚éØ‚éØ[70/102]‚éØ

 FAIL  src/__tests__/unit/services/TutorialService.test.ts > MockTutorialService > getAllQuests > should include proper quest structure
AssertionError: expected undefined to be true // Object.is equality

[32m- Expected:[39m 
true

[31m+ Received:[39m 
undefined

 ‚ùØ src/__tests__/unit/services/TutorialService.test.ts:91:38
     89|       
     90|       expect(firstQuest.name).toBe('First Steps');
     91|       expect(firstQuest.isMainQuest).toBe(true);
       |                                      ^
     92|       expect(firstQuest.difficulty).toBe(TutorialQuestDifficulty.BEGIN‚Ä¶
     93|       expect(firstQuest.steps).toHaveLength(3);

‚éØ‚éØ‚éØ‚éØ‚éØ‚éØ‚éØ‚éØ‚éØ‚éØ‚éØ‚éØ‚éØ‚éØ‚éØ‚éØ‚éØ‚éØ‚éØ‚éØ‚éØ[71/102]‚éØ

 FAIL  src/__tests__/unit/services/TutorialService.test.ts > MockTutorialService > updateProgress > should update tutorial progress successfully
TypeError: Cannot read properties of undefined (reading 'currentQuestId')
 ‚ùØ src/__tests__/unit/services/TutorialService.test.ts:122:31
    120|       
    121|       expect(result.success).toBe(true);
    122|       expect(result.newStatus.currentQuestId).toBe('basic_movement');
       |                               ^
    123|       expect(result.newStatus.currentStepIndex).toBe(1);
    124|       expect(result.completedStep).toBe(true);

‚éØ‚éØ‚éØ‚éØ‚éØ‚éØ‚éØ‚éØ‚éØ‚éØ‚éØ‚éØ‚éØ‚éØ‚éØ‚éØ‚éØ‚éØ‚éØ‚éØ‚éØ[72/102]‚éØ

 FAIL  src/__tests__/unit/services/TutorialService.test.ts > MockTutorialService > updateProgress > should complete quest when reaching final step
AssertionError: expected undefined to be true // Object.is equality

[32m- Expected:[39m 
true

[31m+ Received:[39m 
undefined

 ‚ùØ src/__tests__/unit/services/TutorialService.test.ts:139:37
    137|       
    138|       expect(result.success).toBe(true);
    139|       expect(result.completedQuest).toBe(true);
       |                                     ^
    140|       expect(result.newStatus.completedQuests).toContain('basic_moveme‚Ä¶
    141|       expect(result.newStatus.currentQuestId).toBe('combat_basics'); /‚Ä¶

‚éØ‚éØ‚éØ‚éØ‚éØ‚éØ‚éØ‚éØ‚éØ‚éØ‚éØ‚éØ‚éØ‚éØ‚éØ‚éØ‚éØ‚éØ‚éØ‚éØ‚éØ[73/102]‚éØ

 FAIL  src/__tests__/unit/services/TutorialService.test.ts > MockTutorialService > updateProgress > should complete entire tutorial after all quests
TypeError: Cannot read properties of undefined (reading 'isComplete')
 ‚ùØ src/__tests__/unit/services/TutorialService.test.ts:171:36
    169|       });
    170|       
    171|       expect(finalResult.newStatus.isComplete).toBe(true);
       |                                    ^
    172|       expect(finalResult.newStatus.completedAt).toBeDefined();
    173|     });

‚éØ‚éØ‚éØ‚éØ‚éØ‚éØ‚éØ‚éØ‚éØ‚éØ‚éØ‚éØ‚éØ‚éØ‚éØ‚éØ‚éØ‚éØ‚éØ‚éØ‚éØ[74/102]‚éØ

 FAIL  src/__tests__/unit/services/TutorialService.test.ts > MockTutorialService > updateProgress > should throw error for invalid quest ID
AssertionError: promise resolved "{ success: false, ‚Ä¶(2) }" instead of rejecting

[32m- Expected[39m
[31m+ Received[39m

[32m- Error {[39m
[32m-   "message": "rejected promise",[39m
[31m+ {[39m
[31m+   "message": "Quest not found",[39m
[31m+   "success": false,[39m
[31m+   "updatedProgress": {[39m
[31m+     "characterId": "test_character",[39m
[31m+     "completedQuests": [],[39m
[31m+     "currentQuest": "basic_movement",[39m
[31m+     "currentStep": "talk_to_marcus",[39m
[31m+     "helpRequestCount": 0,[39m
[31m+     "skipCount": 0,[39m
[31m+     "startedAt": 2025-07-09T23:45:28.722Z,[39m
[31m+   },[39m
[2m  }[22m

 ‚ùØ src/__tests__/unit/services/TutorialService.test.ts:182:59
    180|       };
    181| 
    182|       await expect(tutorialService.updateProgress(request))
       |                                                           ^
    183|         .rejects.toThrow('Quest invalid_quest not found');
    184|     });

‚éØ‚éØ‚éØ‚éØ‚éØ‚éØ‚éØ‚éØ‚éØ‚éØ‚éØ‚éØ‚éØ‚éØ‚éØ‚éØ‚éØ‚éØ‚éØ‚éØ‚éØ[75/102]‚éØ

 FAIL  src/__tests__/unit/services/TutorialService.test.ts > MockTutorialService > updateProgress > should throw error for invalid step index
AssertionError: promise resolved "{ success: true, ‚Ä¶(3) }" instead of rejecting

[32m- Expected[39m
[31m+ Received[39m

[32m- Error {[39m
[32m-   "message": "rejected promise",[39m
[31m+ {[39m
[31m+   "message": "Tutorial progress updated successfully",[39m
[31m+   "success": true,[39m
[31m+   "unlockedRewards": undefined,[39m
[31m+   "updatedProgress": {[39m
[31m+     "characterId": "test_character",[39m
[31m+     "completedQuests": [],[39m
[31m+     "currentQuest": "basic_movement",[39m
[31m+     "currentStep": undefined,[39m
[31m+     "helpRequestCount": 0,[39m
[31m+     "skipCount": 0,[39m
[31m+     "startedAt": 2025-07-09T23:45:28.728Z,[39m
[31m+   },[39m
[2m  }[22m

 ‚ùØ src/__tests__/unit/services/TutorialService.test.ts:193:59
    191|       };
    192| 
    193|       await expect(tutorialService.updateProgress(request))
       |                                                           ^
    194|         .rejects.toThrow('Invalid step index 99 for quest basic_moveme‚Ä¶
    195|     });

‚éØ‚éØ‚éØ‚éØ‚éØ‚éØ‚éØ‚éØ‚éØ‚éØ‚éØ‚éØ‚éØ‚éØ‚éØ‚éØ‚éØ‚éØ‚éØ‚éØ‚éØ[76/102]‚éØ

 FAIL  src/__tests__/unit/services/TutorialService.test.ts > MockTutorialService > getGuidance > should return guidance for character in progress
AssertionError: expected undefined to be defined
 ‚ùØ src/__tests__/unit/services/TutorialService.test.ts:204:39
    202|       expect(guidance).toBeDefined();
    203|       expect(guidance.characterId).toBe('test_player');
    204|       expect(guidance.currentMessage).toBeDefined();
       |                                       ^
    205|       expect(guidance.nextAction).toBeDefined();
    206|       expect(guidance.questName).toBeDefined();

‚éØ‚éØ‚éØ‚éØ‚éØ‚éØ‚éØ‚éØ‚éØ‚éØ‚éØ‚éØ‚éØ‚éØ‚éØ‚éØ‚éØ‚éØ‚éØ‚éØ‚éØ[77/102]‚éØ

 FAIL  src/__tests__/unit/services/TutorialService.test.ts > MockTutorialService > getGuidance > should return completion guidance for finished tutorial
AssertionError: expected undefined to be defined
 ‚ùØ src/__tests__/unit/services/TutorialService.test.ts:225:39
    223|       expect(guidance).toBeDefined();
    224|       expect(guidance.characterId).toBe('demo_user');
    225|       expect(guidance.currentMessage).toBeDefined();
       |                                       ^
    226|       expect(guidance.urgency).toBeDefined();
    227|     });

‚éØ‚éØ‚éØ‚éØ‚éØ‚éØ‚éØ‚éØ‚éØ‚éØ‚éØ‚éØ‚éØ‚éØ‚éØ‚éØ‚éØ‚éØ‚éØ‚éØ‚éØ[78/102]‚éØ

 FAIL  src/__tests__/unit/services/TutorialService.test.ts > MockTutorialService > getGuidance > should return default guidance for new character
AssertionError: expected undefined to be 'trainer_marcus' // Object.is equality

[32m- Expected:[39m 
"trainer_marcus"

[31m+ Received:[39m 
undefined

 ‚ùØ src/__tests__/unit/services/TutorialService.test.ts:234:34
    232|       expect(guidance).toBeDefined();
    233|       expect(guidance.characterId).toBe('brand_new_character');
    234|       expect(guidance.npcToTalk).toBe('trainer_marcus');
       |                                  ^
    235|       expect(guidance.urgency).toBe(TutorialUrgency.MEDIUM);
    236|     });

‚éØ‚éØ‚éØ‚éØ‚éØ‚éØ‚éØ‚éØ‚éØ‚éØ‚éØ‚éØ‚éØ‚éØ‚éØ‚éØ‚éØ‚éØ‚éØ‚éØ‚éØ[79/102]‚éØ

 FAIL  src/__tests__/unit/services/TutorialService.test.ts > MockTutorialService > getHelp > should return all help messages without filters
AssertionError: Target cannot be null or undefined.
 ‚ùØ src/__tests__/unit/services/TutorialService.test.ts:247:31
    245|       const result = await tutorialService.getHelp(request);
    246|       
    247|       expect(result.messages).toHaveLength(5); // All help messages
       |                               ^
    248|       expect(result.totalFound).toBe(5);
    249|       expect(result.suggestedActions).toBeInstanceOf(Array);

‚éØ‚éØ‚éØ‚éØ‚éØ‚éØ‚éØ‚éØ‚éØ‚éØ‚éØ‚éØ‚éØ‚éØ‚éØ‚éØ‚éØ‚éØ‚éØ‚éØ‚éØ[80/102]‚éØ

 FAIL  src/__tests__/unit/services/TutorialService.test.ts > MockTutorialService > getHelp > should filter by category
TypeError: Cannot read properties of undefined (reading 'length')
 ‚ùØ src/__tests__/unit/services/TutorialService.test.ts:260:30
    258|       const result = await tutorialService.getHelp(request);
    259|       
    260|       expect(result.messages.length).toBeGreaterThan(0);
       |                              ^
    261|       result.messages.forEach(msg => {
    262|         expect(msg.category).toBe(TutorialHelpCategory.COMBAT);

‚éØ‚éØ‚éØ‚éØ‚éØ‚éØ‚éØ‚éØ‚éØ‚éØ‚éØ‚éØ‚éØ‚éØ‚éØ‚éØ‚éØ‚éØ‚éØ‚éØ‚éØ[81/102]‚éØ

 FAIL  src/__tests__/unit/services/TutorialService.test.ts > MockTutorialService > getHelp > should filter by context
TypeError: Cannot read properties of undefined (reading 'length')
 ‚ùØ src/__tests__/unit/services/TutorialService.test.ts:273:30
    271|       const result = await tutorialService.getHelp(request);
    272|       
    273|       expect(result.messages.length).toBeGreaterThan(0);
       |                              ^
    274|       const movementMessage = result.messages.find(msg => msg.context ‚Ä¶
    275|       expect(movementMessage).toBeDefined();

‚éØ‚éØ‚éØ‚éØ‚éØ‚éØ‚éØ‚éØ‚éØ‚éØ‚éØ‚éØ‚éØ‚éØ‚éØ‚éØ‚éØ‚éØ‚éØ‚éØ‚éØ[82/102]‚éØ

 FAIL  src/__tests__/unit/services/TutorialService.test.ts > MockTutorialService > getHelp > should return appropriate suggested actions for magic
AssertionError: expected [ ‚Ä¶(4) ] to include 'Talk to Sage Elara about magic'
 ‚ùØ src/__tests__/unit/services/TutorialService.test.ts:299:39
    297|       const result = await tutorialService.getHelp(request);
    298|       
    299|       expect(result.suggestedActions).toContain('Talk to Sage Elara ab‚Ä¶
       |                                       ^
    300|       expect(result.suggestedActions).toContain('Make sure you have en‚Ä¶
    301|     });

‚éØ‚éØ‚éØ‚éØ‚éØ‚éØ‚éØ‚éØ‚éØ‚éØ‚éØ‚éØ‚éØ‚éØ‚éØ‚éØ‚éØ‚éØ‚éØ‚éØ‚éØ[83/102]‚éØ

 FAIL  src/__tests__/unit/services/TutorialService.test.ts > MockTutorialService > Error Handling > should handle malformed help requests
AssertionError: expected undefined to be an instance of Array
 ‚ùØ src/__tests__/unit/services/TutorialService.test.ts:321:31
    319|       
    320|       expect(result).toBeDefined();
    321|       expect(result.messages).toBeInstanceOf(Array);
       |                               ^
    322|       expect(result.totalFound).toBe(0);
    323|     });

‚éØ‚éØ‚éØ‚éØ‚éØ‚éØ‚éØ‚éØ‚éØ‚éØ‚éØ‚éØ‚éØ‚éØ‚éØ‚éØ‚éØ‚éØ‚éØ‚éØ‚éØ[84/102]‚éØ

 FAIL  src/__tests__/unit/services/TutorialService.test.ts > MockTutorialService > Mock Data Validation > should have valid reward types
TypeError: actual value must be number or bigint, received "undefined"
 ‚ùØ src/__tests__/unit/services/TutorialService.test.ts:351:35
    349|         quest.rewards.forEach(reward => {
    350|           expect(Object.values(TutorialRewardType)).toContain(reward.t‚Ä¶
    351|           expect(reward.quantity).toBeGreaterThan(0);
       |                                   ^
    352|           expect(reward.description).toBeDefined();
    353|         });
 ‚ùØ src/__tests__/unit/services/TutorialService.test.ts:349:23
 ‚ùØ src/__tests__/unit/services/TutorialService.test.ts:348:14

‚éØ‚éØ‚éØ‚éØ‚éØ‚éØ‚éØ‚éØ‚éØ‚éØ‚éØ‚éØ‚éØ‚éØ‚éØ‚éØ‚éØ‚éØ‚éØ‚éØ‚éØ[85/102]‚éØ

 FAIL  src/providers/__tests__/integration/ErrorScenarios.test.ts > Service Provider Error Scenarios > Service Registration Errors > should handle null service registration
Error: Service NullService not registered. Available services: MonsterService, NPCService, DeathService, LootService, CombatService, BankService, CurrencyService, DialogueService, SpawnService, ZoneService, MovementService, ProgressionService, TutorialService, AffinityService, NullService
 ‚ùØ Function.get src/providers/ServiceProvider.ts:35:13
     33|       const availableServices = Array.from(globalServices.keys()).join‚Ä¶
     34|       logger.error(`Service ${name} not registered. Available services‚Ä¶
     35|       throw new Error(`Service ${name} not registered. Available servi‚Ä¶
       |             ^
     36|     }
     37|     return service as T;
 ‚ùØ src/providers/__tests__/integration/ErrorScenarios.test.ts:38:32

‚éØ‚éØ‚éØ‚éØ‚éØ‚éØ‚éØ‚éØ‚éØ‚éØ‚éØ‚éØ‚éØ‚éØ‚éØ‚éØ‚éØ‚éØ‚éØ‚éØ‚éØ[86/102]‚éØ

 FAIL  src/providers/__tests__/integration/ErrorScenarios.test.ts > Service Provider Error Scenarios > Monster Service Error Scenarios > should handle killing non-existent monster
AssertionError: promise rejected "Error: Monster non-existent-id not found" instead of resolving
 ‚ùØ src/providers/__tests__/integration/ErrorScenarios.test.ts:80:7
     78|       await expect(
     79|         monsterService.killMonster('non-existent-id')
     80|       ).resolves.not.toThrow();
       |       ^
     81|     });
     82| 

Caused by: Error: Monster non-existent-id not found
 ‚ùØ MockMonsterService.killMonster src/providers/mock/MockMonsterService.ts:340:13
 ‚ùØ src/providers/__tests__/integration/ErrorScenarios.test.ts:79:24

‚éØ‚éØ‚éØ‚éØ‚éØ‚éØ‚éØ‚éØ‚éØ‚éØ‚éØ‚éØ‚éØ‚éØ‚éØ‚éØ‚éØ‚éØ‚éØ‚éØ‚éØ[87/102]‚éØ

 FAIL  src/providers/__tests__/integration/ErrorScenarios.test.ts > Service Provider Error Scenarios > NPC Service Error Scenarios > should handle advancing non-existent dialogue
AssertionError: expected [Function] to throw error including 'Interaction non-existent-interaction ‚Ä¶' but got 'NPC non-existent-interaction not found'

Expected: [32m"[7mInteraction[27m non-existent-interaction not found"[39m
Received: [31m"[7mNPC[27m non-existent-interaction not found"[39m

‚éØ‚éØ‚éØ‚éØ‚éØ‚éØ‚éØ‚éØ‚éØ‚éØ‚éØ‚éØ‚éØ‚éØ‚éØ‚éØ‚éØ‚éØ‚éØ‚éØ‚éØ[88/102]‚éØ

 FAIL  src/providers/__tests__/integration/ErrorScenarios.test.ts > Service Provider Error Scenarios > Bank Service Error Scenarios > should handle depositing to full bank
AssertionError: expected 'Item not found' to contain 'Bank is full'

Expected: [32m"Bank is full"[39m
Received: [31m"Item not found"[39m

 ‚ùØ src/providers/__tests__/integration/ErrorScenarios.test.ts:188:30
    186|       
    187|       expect(result.success).toBe(false);
    188|       expect(result.message).toContain('Bank is full');
       |                              ^
    189|     });
    190| 

‚éØ‚éØ‚éØ‚éØ‚éØ‚éØ‚éØ‚éØ‚éØ‚éØ‚éØ‚éØ‚éØ‚éØ‚éØ‚éØ‚éØ‚éØ‚éØ‚éØ‚éØ[89/102]‚éØ

 FAIL  src/providers/__tests__/integration/ErrorScenarios.test.ts > Service Provider Error Scenarios > Service Lifecycle Errors > should maintain service state after errors
AssertionError: expected 0 to be greater than 0
 ‚ùØ src/providers/__tests__/integration/ErrorScenarios.test.ts:308:31
    306|       // Service should still be functional
    307|       const monsters = await monsterService.getMonstersInZone('starter‚Ä¶
    308|       expect(monsters.length).toBeGreaterThan(0);
       |                               ^
    309|     });
    310|   });

‚éØ‚éØ‚éØ‚éØ‚éØ‚éØ‚éØ‚éØ‚éØ‚éØ‚éØ‚éØ‚éØ‚éØ‚éØ‚éØ‚éØ‚éØ‚éØ‚éØ‚éØ[90/102]‚éØ

 FAIL  src/providers/__tests__/integration/ServiceProvider.integration.test.ts > ServiceProvider Integration Tests > Mock Services > should return mock data from services
AssertionError: expected 0 to be greater than 0
 ‚ùØ src/providers/__tests__/integration/ServiceProvider.integration.test.ts:56:31
     54|       const monsterService = provider.get<IMonsterService>('MonsterSer‚Ä¶
     55|       const monsters = await monsterService.getMonstersInZone('starter‚Ä¶
     56|       expect(monsters.length).toBeGreaterThan(0);
       |                               ^
     57|       expect(monsters[0].id).toContain('mock-');
     58|       

‚éØ‚éØ‚éØ‚éØ‚éØ‚éØ‚éØ‚éØ‚éØ‚éØ‚éØ‚éØ‚éØ‚éØ‚éØ‚éØ‚éØ‚éØ‚éØ‚éØ‚éØ[91/102]‚éØ

 FAIL  src/providers/__tests__/integration/ServiceProvider.integration.test.ts > ServiceProvider Integration Tests > Real Services > should use real service implementations
AssertionError: expected 'MockMonsterService' to be 'RealMonsterService' // Object.is equality

Expected: [32m"[7mReal[27mMonsterService"[39m
Received: [31m"[7mMock[27mMonsterService"[39m

 ‚ùØ src/providers/__tests__/integration/ServiceProvider.integration.test.ts:124:47
    122|       
    123|       // Verify they are real service wrappers
    124|       expect(monsterService.constructor.name).toBe('RealMonsterService‚Ä¶
       |                                               ^
    125|       expect(npcService.constructor.name).toBe('RealNPCService');
    126|     });

‚éØ‚éØ‚éØ‚éØ‚éØ‚éØ‚éØ‚éØ‚éØ‚éØ‚éØ‚éØ‚éØ‚éØ‚éØ‚éØ‚éØ‚éØ‚éØ‚éØ‚éØ[92/102]‚éØ

 FAIL  src/providers/__tests__/integration/ServiceProvider.integration.test.ts > ServiceProvider Integration Tests > Service Switching > should switch between mock and real based on environment
AssertionError: expected 'MockMonsterService' to be 'RealMonsterService' // Object.is equality

Expected: [32m"[7mReal[27mMonsterService"[39m
Received: [31m"[7mMock[27mMonsterService"[39m

 ‚ùØ src/providers/__tests__/integration/ServiceProvider.integration.test.ts:146:47
    144|       provider = ServiceProvider.getInstance();
    145|       monsterService = provider.get('MonsterService');
    146|       expect(monsterService.constructor.name).toBe('RealMonsterService‚Ä¶
       |                                               ^
    147|     });
    148|   });

‚éØ‚éØ‚éØ‚éØ‚éØ‚éØ‚éØ‚éØ‚éØ‚éØ‚éØ‚éØ‚éØ‚éØ‚éØ‚éØ‚éØ‚éØ‚éØ‚éØ‚éØ[93/102]‚éØ

 FAIL  src/providers/__tests__/mock/MockMonsterService.test.ts > MockMonsterService > getMonstersInZone > should return monsters for a valid zone
AssertionError: expected 0 to be greater than 0
 ‚ùØ src/providers/__tests__/mock/MockMonsterService.test.ts:17:31
     15|       expect(monsters).toBeDefined();
     16|       expect(Array.isArray(monsters)).toBe(true);
     17|       expect(monsters.length).toBeGreaterThan(0);
       |                               ^
     18|       
     19|       // Verify monster structure

‚éØ‚éØ‚éØ‚éØ‚éØ‚éØ‚éØ‚éØ‚éØ‚éØ‚éØ‚éØ‚éØ‚éØ‚éØ‚éØ‚éØ‚éØ‚éØ‚éØ‚éØ[94/102]‚éØ

 FAIL  src/providers/__tests__/mock/MockMonsterService.test.ts > MockMonsterService > getMonstersInZone > should return different monsters for different zones
TypeError: Cannot read properties of undefined (reading 'id')
 ‚ùØ src/providers/__tests__/mock/MockMonsterService.test.ts:32:33
     30|       const forestMonsters = await service.getMonstersInZone('forest-z‚Ä¶
     31|       
     32|       expect(starterMonsters[0].id).not.toBe(forestMonsters[0].id);
       |                                 ^
     33|       expect(starterMonsters[0].name).not.toBe(forestMonsters[0].name);
     34|     });

‚éØ‚éØ‚éØ‚éØ‚éØ‚éØ‚éØ‚éØ‚éØ‚éØ‚éØ‚éØ‚éØ‚éØ‚éØ‚éØ‚éØ‚éØ‚éØ‚éØ‚éØ[95/102]‚éØ

 FAIL  src/providers/__tests__/mock/MockMonsterService.test.ts > MockMonsterService > spawnMonster > should add spawned monster to the zone
AssertionError: expected +0 to be 1 // Object.is equality

[32m- Expected[39m
[31m+ Received[39m

[32m- 1[39m
[31m+ 0[39m

 ‚ùØ src/providers/__tests__/mock/MockMonsterService.test.ts:59:38
     57|       
     58|       const updatedMonsters = await service.getMonstersInZone('starter‚Ä¶
     59|       expect(updatedMonsters.length).toBe(initialCount + 1);
       |                                      ^
     60|     });
     61|   });

‚éØ‚éØ‚éØ‚éØ‚éØ‚éØ‚éØ‚éØ‚éØ‚éØ‚éØ‚éØ‚éØ‚éØ‚éØ‚éØ‚éØ‚éØ‚éØ‚éØ‚éØ[96/102]‚éØ

 FAIL  src/providers/__tests__/mock/MockMonsterService.test.ts > MockMonsterService > updateMonsterState > should update monster state
TypeError: Cannot read properties of undefined (reading 'id')
 ‚ùØ src/providers/__tests__/mock/MockMonsterService.test.ts:66:37
     64|     it('should update monster state', async () => {
     65|       const monsters = await service.getMonstersInZone('starter-zone');
     66|       const monsterId = monsters[0].id;
       |                                     ^
     67|       
     68|       const updatedMonster = await service.updateMonsterState(

‚éØ‚éØ‚éØ‚éØ‚éØ‚éØ‚éØ‚éØ‚éØ‚éØ‚éØ‚éØ‚éØ‚éØ‚éØ‚éØ‚éØ‚éØ‚éØ‚éØ‚éØ[97/102]‚éØ

 FAIL  src/providers/__tests__/mock/MockMonsterService.test.ts > MockMonsterService > killMonster > should remove monster from the zone
TypeError: Cannot read properties of undefined (reading 'id')
 ‚ùØ src/providers/__tests__/mock/MockMonsterService.test.ts:86:37
     84|     it('should remove monster from the zone', async () => {
     85|       const monsters = await service.getMonstersInZone('starter-zone');
     86|       const monsterId = monsters[0].id;
       |                                     ^
     87|       const initialCount = monsters.length;
     88|       

‚éØ‚éØ‚éØ‚éØ‚éØ‚éØ‚éØ‚éØ‚éØ‚éØ‚éØ‚éØ‚éØ‚éØ‚éØ‚éØ‚éØ‚éØ‚éØ‚éØ‚éØ[98/102]‚éØ

 FAIL  src/providers/__tests__/mock/MockMonsterService.test.ts > MockMonsterService > killMonster > should not throw error for non-existent monster
AssertionError: promise rejected "Error: Monster non-existent not found" instead of resolving
 ‚ùØ src/providers/__tests__/mock/MockMonsterService.test.ts:99:7
     97|       await expect(
     98|         service.killMonster('non-existent')
     99|       ).resolves.not.toThrow();
       |       ^
    100|     });
    101|   });

Caused by: Error: Monster non-existent not found
 ‚ùØ MockMonsterService.killMonster src/providers/mock/MockMonsterService.ts:340:13
 ‚ùØ src/providers/__tests__/mock/MockMonsterService.test.ts:98:17

‚éØ‚éØ‚éØ‚éØ‚éØ‚éØ‚éØ‚éØ‚éØ‚éØ‚éØ‚éØ‚éØ‚éØ‚éØ‚éØ‚éØ‚éØ‚éØ‚éØ‚éØ[99/102]‚éØ

 FAIL  src/providers/__tests__/mock/MockMonsterService.test.ts > MockMonsterService > getMonsterTypes > should return list of monster types
AssertionError: expected { id: 'goblin', name: 'goblin', ‚Ä¶(8) } to have property "baseStats"
 ‚ùØ src/providers/__tests__/mock/MockMonsterService.test.ts:115:20
    113|       expect(type).toHaveProperty('name');
    114|       expect(type).toHaveProperty('level');
    115|       expect(type).toHaveProperty('baseStats');
       |                    ^
    116|     });
    117|   });

‚éØ‚éØ‚éØ‚éØ‚éØ‚éØ‚éØ‚éØ‚éØ‚éØ‚éØ‚éØ‚éØ‚éØ‚éØ‚éØ‚éØ‚éØ‚éØ‚éØ[100/102]‚éØ

 FAIL  src/providers/__tests__/mock/MockMonsterService.test.ts > MockMonsterService > getSpawnPoints > should return spawn points for a zone
TypeError: service.getSpawnPoints is not a function
 ‚ùØ src/providers/__tests__/mock/MockMonsterService.test.ts:121:41
    119|   describe('getSpawnPoints', () => {
    120|     it('should return spawn points for a zone', async () => {
    121|       const spawnPoints = await service.getSpawnPoints('starter-zone');
       |                                         ^
    122|       
    123|       expect(spawnPoints).toBeDefined();

‚éØ‚éØ‚éØ‚éØ‚éØ‚éØ‚éØ‚éØ‚éØ‚éØ‚éØ‚éØ‚éØ‚éØ‚éØ‚éØ‚éØ‚éØ‚éØ‚éØ[101/102]‚éØ

 FAIL  src/providers/__tests__/mock/MockMonsterService.test.ts > MockMonsterService > getSpawnPoints > should return empty array for unknown zone
TypeError: service.getSpawnPoints is not a function
 ‚ùØ src/providers/__tests__/mock/MockMonsterService.test.ts:135:41
    133| 
    134|     it('should return empty array for unknown zone', async () => {
    135|       const spawnPoints = await service.getSpawnPoints('unknown-zone');
       |                                         ^
    136|       expect(spawnPoints).toEqual([]);
    137|     });

‚éØ‚éØ‚éØ‚éØ‚éØ‚éØ‚éØ‚éØ‚éØ‚éØ‚éØ‚éØ‚éØ‚éØ‚éØ‚éØ‚éØ‚éØ‚éØ‚éØ[102/102]‚éØ

‚éØ‚éØ‚éØ‚éØ‚éØ‚éØ Unhandled Errors ‚éØ‚éØ‚éØ‚éØ‚éØ‚éØ

Vitest caught 1 unhandled error during the test run.
This might cause false positive tests. Resolve unhandled errors to make sure your tests are not affected.

‚éØ‚éØ‚éØ‚éØ‚éØ‚éØ Unhandled Error ‚éØ‚éØ‚éØ‚éØ‚éØ‚éØ‚éØ
Error: Worker terminated due to reaching memory limit: JS heap out of memory
 ‚ùØ [kOnExit] node:internal/worker:313:26
 ‚ùØ Worker.<computed>.onexit node:internal/worker:229:20

‚éØ‚éØ‚éØ‚éØ‚éØ‚éØ‚éØ‚éØ‚éØ‚éØ‚éØ‚éØ‚éØ‚éØ‚éØ‚éØ‚éØ‚éØ‚éØ‚éØ‚éØ‚éØ‚éØ‚éØ‚éØ‚éØ‚éØ‚éØ‚éØ‚éØ
Serialized Error: { code: 'ERR_WORKER_OUT_OF_MEMORY' }
‚éØ‚éØ‚éØ‚éØ‚éØ‚éØ‚éØ‚éØ‚éØ‚éØ‚éØ‚éØ‚éØ‚éØ‚éØ‚éØ‚éØ‚éØ‚éØ‚éØ‚éØ‚éØ‚éØ‚éØ‚éØ‚éØ‚éØ‚éØ‚éØ‚éØ


 Test Files  13 failed | 12 passed (26)
      Tests  102 failed | 249 passed (366)
     Errors  1 error
   Start at  23:45:26
   Duration  57.00s (transform 2.61s, setup 561ms, collect 17.07s, tests 25.26s, environment 12ms, prepare 4.42s)

npm error Lifecycle script `test` failed with error:
npm error code 1
npm error path /home/runner/workspace/packages/server
npm error workspace @aeturnis/server@1.0.0
npm error location /home/runner/workspace/packages/server
npm error command failed
npm error command sh -c vitest run


> @aeturnis/shared@1.0.0 test
> vitest run

[33mThe CJS build of Vite's Node API is deprecated. See https://vite.dev/guide/troubleshooting.html#vite-cjs-node-api-deprecated for more details.[39m

 RUN  v3.2.4 /home/runner/workspace/packages/shared

 ‚úì src/__tests__/utils.test.ts (13 tests) 10ms

 Test Files  1 passed (1)
      Tests  13 passed (13)
   Start at  23:46:24
   Duration  592ms (transform 96ms, setup 0ms, collect 77ms, tests 10ms, environment 0ms, prepare 140ms)

