
> @aeturnis/monorepo@1.0.0 typecheck
> npm run typecheck --workspaces --if-present


> @aeturnis/server@1.0.0 typecheck
> tsc --noEmit

src/controllers/combat.controller.ts(5,1): error TS6192: All imports in import declaration are unused.
src/controllers/combat.controller.ts(13,3): error TS6133: 'withServiceGuard' is declared but its value is never read.
src/controllers/combat.controller.ts(14,3): error TS6133: 'validateCombatAction' is declared but its value is never read.
src/controllers/combat.controller.ts(15,3): error TS6133: 'safeBigIntToNumber' is declared but its value is never read.
src/controllers/combat.controller.ts(32,38): error TS6133: 'req' is declared but its value is never read.
src/controllers/combat.controller.ts(337,11): error TS6133: 'actorId' is declared but its value is never read.
src/controllers/combat.controller.ts(709,11): error TS6133: 'charId' is declared but its value is never read.
src/controllers/combat.controller.ts(737,11): error TS6133: 'charId' is declared but its value is never read.
src/controllers/combat.controller.ts(832,40): error TS6133: 'req' is declared but its value is never read.
src/controllers/combat.controller.ts(834,25): error TS2304: Cannot find name 'CombatService'.
src/controllers/combat.controller.ts(890,39): error TS6133: 'req' is declared but its value is never read.
src/controllers/combat.controller.ts(892,22): error TS2304: Cannot find name 'testMonsterService'.
src/controllers/combat.controller.ts(895,39): error TS7006: Parameter 'monster' implicitly has an 'any' type.
src/controllers/combat.controller.ts(925,46): error TS6133: 'req' is declared but its value is never read.
src/controllers/combat.controller.ts(927,25): error TS2304: Cannot find name 'CombatService'.
src/controllers/death.controller.ts(3,25): error TS6133: 'IDeathStatusResponse' is declared but its value is never read.
src/controllers/death.controller.ts(144,39): error TS6133: 'req' is declared but its value is never read.
src/controllers/death.controller.ts(196,42): error TS6133: 'req' is declared but its value is never read.
src/controllers/death.controller.ts(199,11): error TS6133: 'mockDeathRequest' is declared but its value is never read.
src/controllers/death.controller.ts(243,44): error TS6133: 'req' is declared but its value is never read.
src/controllers/death.controller.ts(280,48): error TS6133: 'req' is declared but its value is never read.
src/controllers/loot.controller.ts(151,38): error TS6133: 'req' is declared but its value is never read.
src/controllers/loot.controller.ts(206,37): error TS6133: 'req' is declared but its value is never read.
src/controllers/loot.controller.ts(243,43): error TS6133: 'req' is declared but its value is never read.
src/controllers/loot.controller.ts(293,37): error TS6133: 'req' is declared but its value is never read.
src/controllers/monster.controller.ts(75,39): error TS6133: 'req' is declared but its value is never read.
src/controllers/monster.controller.ts(282,41): error TS6133: 'req' is declared but its value is never read.
src/controllers/npc.controller.ts(92,47): error TS2339: Property 'getAvailableInteractions' does not exist on type 'MockNPCService'.
src/controllers/npc.controller.ts(113,37): error TS6133: 'req' is declared but its value is never read.
src/controllers/progression.controller.ts(364,42): error TS6133: 'req' is declared but its value is never read.
src/controllers/tutorial.controller.ts(26,25): error TS6133: 'req' is declared but its value is never read.
src/controllers/tutorial.controller.ts(82,22): error TS6133: 'req' is declared but its value is never read.
src/controllers/tutorial.controller.ts(202,29): error TS6133: 'req' is declared but its value is never read.
src/controllers/zone.controller.ts(14,35): error TS6133: 'req' is declared but its value is never read.
src/controllers/zone.controller.ts(207,36): error TS6133: 'req' is declared but its value is never read.
src/database/schema/index.ts(318,65): error TS6133: 'many' is declared but its value is never read.
src/middleware/combat.middleware.ts(118,41): error TS6133: 'req' is declared but its value is never read.
src/middleware/statSecurity.middleware.ts(46,7): error TS2345: Argument of type '{ [key: string]: unknown; id: string; level: number; statPoints: number; }' is not assignable to parameter of type 'Character'.
  Type '{ [key: string]: unknown; id: string; level: number; statPoints: number; }' is missing the following properties from type 'Character': accountId, name, experience, race, and 38 more.
src/middleware/statSecurity.middleware.ts(152,9): error TS6133: 'calculationKey' is declared but its value is never read.
src/providers/__tests__/performance/ServiceProvider.benchmark.ts(145,21): error TS2339: Property 'addCurrency' does not exist on type 'ICurrencyService'.
src/providers/__tests__/setup.ts(8,1): error TS2708: Cannot use namespace 'jest' as a value.
src/providers/__tests__/setup.ts(10,11): error TS2708: Cannot use namespace 'jest' as a value.
src/providers/__tests__/setup.ts(11,12): error TS2708: Cannot use namespace 'jest' as a value.
src/providers/__tests__/setup.ts(12,11): error TS2708: Cannot use namespace 'jest' as a value.
src/providers/__tests__/setup.ts(13,12): error TS2708: Cannot use namespace 'jest' as a value.
src/providers/__tests__/setup.ts(18,1): error TS2304: Cannot find name 'beforeEach'.
src/providers/__tests__/setup.ts(19,3): error TS2708: Cannot use namespace 'jest' as a value.
src/providers/__tests__/setup.ts(23,1): error TS2304: Cannot find name 'afterEach'.
src/providers/index.ts(51,43): error TS6133: 'useMocks' is declared but its value is never read.
src/providers/mock/MockCombatService.ts(11,3): error TS2459: Module '"../interfaces/ICombatService"' declares 'DamageType' locally, but it is not exported.
src/providers/mock/MockCombatService.ts(28,11): error TS2322: Type 'Map<string, { id: string; name: string; type: string; level: number; currentHp: number; maxHp: number; currentMp: number; maxMp: number; stats: { attack: number; defense: number; speed: number; critChance: number; critDamage: number; accuracy: number; evasion: number; resistances: { ...; }; }; buffs: never[]; debuff...' is not assignable to type 'Map<string, Combatant>'.
  Type '{ id: string; name: string; type: string; level: number; currentHp: number; maxHp: number; currentMp: number; maxMp: number; stats: { attack: number; defense: number; speed: number; critChance: number; critDamage: number; accuracy: number; evasion: number; resistances: { ...; }; }; buffs: never[]; debuffs: never[]; ...' is not assignable to type 'Combatant'.
    Type '{ id: string; name: string; type: string; level: number; currentHp: number; maxHp: number; currentMp: number; maxMp: number; stats: { attack: number; defense: number; speed: number; critChance: number; critDamage: number; accuracy: number; evasion: number; resistances: { ...; }; }; buffs: never[]; debuffs: never[]; }' is missing the following properties from type 'Combatant': charId, charName, hp, mana, and 17 more.
src/providers/mock/MockCombatService.ts(114,9): error TS2416: Property 'initiateCombat' in type 'MockCombatService' is not assignable to the same property in base type 'ICombatService'.
  Type '(attackerId: string, targetId: string) => Promise<CombatSession>' is not assignable to type '(attackerId: string, targetId: string) => Promise<LegacyCombatSession>'.
    Type 'Promise<CombatSession>' is not assignable to type 'Promise<LegacyCombatSession>'.
      Type 'CombatSession' is missing the following properties from type 'LegacyCombatSession': id, rounds, state, startedAt
src/providers/mock/MockCombatService.ts(143,25): error TS2551: Property 'stats' does not exist on type '{ charId: string; charName: string; hp: number; maxHp: number; mana: number; maxMana: number; stamina: number; maxStamina: number; team: "player" | "enemy" | "neutral"; status: "active" | "defeated" | "fled"; ... 14 more ...; weaponMaxDamage: number; }'. Did you mean 'status'?
src/providers/mock/MockCombatService.ts(143,41): error TS2551: Property 'stats' does not exist on type '{ charId: string; charName: string; hp: number; maxHp: number; mana: number; maxMana: number; stamina: number; maxStamina: number; team: "player" | "enemy" | "neutral"; status: "active" | "defeated" | "fled"; ... 14 more ...; weaponMaxDamage: number; }'. Did you mean 'status'?
src/providers/mock/MockCombatService.ts(144,19): error TS2339: Property 'id' does not exist on type '{ charId: string; charName: string; hp: number; maxHp: number; mana: number; maxMana: number; stamina: number; maxStamina: number; team: "player" | "enemy" | "neutral"; status: "active" | "defeated" | "fled"; ... 14 more ...; weaponMaxDamage: number; }'.
src/providers/mock/MockCombatService.ts(147,7): error TS2353: Object literal may only specify known properties, and 'id' does not exist in type 'CombatSession'.
src/providers/mock/MockCombatService.ts(164,9): error TS2416: Property 'processCombatAction' in type 'MockCombatService' is not assignable to the same property in base type 'ICombatService'.
  Type '(sessionId: string, action: CombatAction) => Promise<CombatResult>' is not assignable to type '(sessionId: string, action: LegacyCombatAction) => Promise<LegacyCombatResult>'.
    Types of parameters 'action' and 'action' are incompatible.
      Property 'timestamp' is missing in type 'LegacyCombatAction' but required in type 'CombatAction'.
src/providers/mock/MockCombatService.ts(168,29): error TS2339: Property 'state' does not exist on type 'CombatSession'.
src/providers/mock/MockCombatService.ts(173,52): error TS2339: Property 'id' does not exist on type 'Combatant'.
src/providers/mock/MockCombatService.ts(196,11): error TS2353: Object literal may only specify known properties, and 'success' does not exist in type 'CombatResult'.
src/providers/mock/MockCombatService.ts(204,18): error TS2339: Property 'rounds' does not exist on type 'CombatSession'.
src/providers/mock/MockCombatService.ts(205,15): error TS2339: Property 'rounds' does not exist on type 'CombatSession'.
src/providers/mock/MockCombatService.ts(211,13): error TS2339: Property 'rounds' does not exist on type 'CombatSession'.
src/providers/mock/MockCombatService.ts(212,28): error TS2339: Property 'id' does not exist on type 'Combatant'.
src/providers/mock/MockCombatService.ts(219,16): error TS2339: Property 'combatEnded' does not exist on type 'CombatResult'.
src/providers/mock/MockCombatService.ts(221,24): error TS2339: Property 'winner' does not exist on type 'CombatResult'.
src/providers/mock/MockCombatService.ts(221,41): error TS2339: Property 'id' does not exist on type 'Combatant'.
src/providers/mock/MockCombatService.ts(222,24): error TS2339: Property 'winner' does not exist on type 'CombatResult'.
src/providers/mock/MockCombatService.ts(223,55): error TS2339: Property 'currentHp' does not exist on type 'Combatant'.
src/providers/mock/MockCombatService.ts(223,81): error TS2339: Property 'id' does not exist on type 'Combatant'.
src/providers/mock/MockCombatService.ts(224,56): error TS2339: Property 'currentHp' does not exist on type 'Combatant'.
src/providers/mock/MockCombatService.ts(224,83): error TS2339: Property 'id' does not exist on type 'Combatant'.
src/providers/mock/MockCombatService.ts(226,71): error TS2339: Property 'type' does not exist on type 'Combatant'.
src/providers/mock/MockCombatService.ts(227,64): error TS2339: Property 'type' does not exist on type 'Combatant'.
src/providers/mock/MockCombatService.ts(247,13): error TS2339: Property 'state' does not exist on type 'CombatSession'.
src/providers/mock/MockCombatService.ts(248,13): error TS2339: Property 'endedAt' does not exist on type 'CombatSession'.
src/providers/mock/MockCombatService.ts(252,41): error TS2339: Property 'id' does not exist on type 'Combatant'.
src/providers/mock/MockCombatService.ts(262,9): error TS2416: Property 'calculateDamage' in type 'MockCombatService' is not assignable to the same property in base type 'ICombatService'.
  Type '(attacker: Combatant, target: Combatant, skill?: Skill | undefined) => Promise<DamageResult>' is not assignable to type '(attacker: LegacyCombatant, target: LegacyCombatant, skill?: Skill | undefined) => Promise<DamageResult>'.
    Types of parameters 'attacker' and 'attacker' are incompatible.
      Type 'LegacyCombatant' is missing the following properties from type 'Combatant': charId, charName, hp, mana, and 17 more.
src/providers/mock/MockCombatService.ts(263,72): error TS2339: Property 'name' does not exist on type 'Combatant'.
src/providers/mock/MockCombatService.ts(263,90): error TS2339: Property 'name' does not exist on type 'Combatant'.
src/providers/mock/MockCombatService.ts(267,16): error TS2551: Property 'stats' does not exist on type 'Combatant'. Did you mean 'status'?
src/providers/mock/MockCombatService.ts(268,16): error TS2551: Property 'stats' does not exist on type 'Combatant'. Did you mean 'status'?
src/providers/mock/MockCombatService.ts(271,37): error TS2551: Property 'stats' does not exist on type 'Combatant'. Did you mean 'status'?
src/providers/mock/MockCombatService.ts(275,49): error TS2551: Property 'stats' does not exist on type 'Combatant'. Did you mean 'status'?
src/providers/mock/MockCombatService.ts(276,50): error TS2551: Property 'stats' does not exist on type 'Combatant'. Did you mean 'status'?
src/providers/mock/MockCombatService.ts(279,45): error TS2551: Property 'stats' does not exist on type 'Combatant'. Did you mean 'status'?
src/providers/mock/MockCombatService.ts(282,46): error TS2551: Property 'stats' does not exist on type 'Combatant'. Did you mean 'status'?
src/providers/mock/MockCombatService.ts(287,31): error TS2551: Property 'stats' does not exist on type 'Combatant'. Did you mean 'status'?
src/providers/mock/MockCombatService.ts(310,9): error TS2416: Property 'getActiveCombat' in type 'MockCombatService' is not assignable to the same property in base type 'ICombatService'.
  Type '(participantId: string) => Promise<CombatSession | null>' is not assignable to type '(participantId: string) => Promise<LegacyCombatSession | null>'.
    Type 'Promise<CombatSession | null>' is not assignable to type 'Promise<LegacyCombatSession | null>'.
      Type 'CombatSession | null' is not assignable to type 'LegacyCombatSession | null'.
        Type 'CombatSession' is missing the following properties from type 'LegacyCombatSession': id, rounds, state, startedAt
src/providers/mock/MockCombatService.ts(319,31): error TS2339: Property 'state' does not exist on type 'CombatSession'.
src/providers/mock/MockCombatService.ts(331,28): error TS2345: Argument of type 'Buff | Debuff' is not assignable to parameter of type 'CombatBuff'.
  Type 'Buff' is not assignable to type 'CombatBuff'.
    Types of property 'modifier' are incompatible.
      Type 'Record<string, unknown>' is not assignable to type 'number'.
src/providers/mock/MockCombatService.ts(333,30): error TS2345: Argument of type 'Buff | Debuff' is not assignable to parameter of type 'CombatDebuff'.
  Type 'Buff' is not assignable to type 'CombatDebuff'.
    Types of property 'modifier' are incompatible.
      Type 'Record<string, unknown>' is not assignable to type 'number'.
src/providers/mock/MockCombatService.ts(339,53): error TS2339: Property 'id' does not exist on type 'Combatant'.
src/providers/mock/MockCombatService.ts(342,9): error TS2353: Object literal may only specify known properties, and 'success' does not exist in type 'CombatResult'.
src/providers/mock/MockCombatService.ts(351,12): error TS2339: Property 'currentHp' does not exist on type 'Combatant'.
src/providers/mock/MockCombatService.ts(351,43): error TS2339: Property 'currentHp' does not exist on type 'Combatant'.
src/providers/mock/MockCombatService.ts(354,35): error TS2339: Property 'currentHp' does not exist on type 'Combatant'.
src/providers/mock/MockCombatService.ts(355,78): error TS2339: Property 'currentHp' does not exist on type 'Combatant'.
src/providers/mock/MockCombatService.ts(359,7): error TS2322: Type 'DamageResult' is not assignable to type 'number'.
src/providers/mock/MockCombatService.ts(360,44): error TS2339: Property 'name' does not exist on type 'Combatant'.
src/providers/mock/MockCombatService.ts(361,45): error TS2339: Property 'name' does not exist on type 'Combatant'.
src/providers/mock/MockCombatService.ts(362,62): error TS2339: Property 'name' does not exist on type 'Combatant'.
src/providers/mock/MockCombatService.ts(363,28): error TS2339: Property 'name' does not exist on type 'Combatant'.
src/providers/mock/MockCombatService.ts(363,82): error TS2339: Property 'name' does not exist on type 'Combatant'.
src/providers/mock/MockCombatService.ts(365,38): error TS2339: Property 'id' does not exist on type 'Combatant'.
src/providers/mock/MockCombatService.ts(369,31): error TS6133: 'session' is declared but its value is never read.
src/providers/mock/MockCombatService.ts(375,34): error TS2551: Property 'stats' does not exist on type 'Combatant'. Did you mean 'status'?
src/providers/mock/MockCombatService.ts(378,22): error TS2345: Argument of type '{ id: string; name: string; duration: number; modifier: { defense: number; }; }' is not assignable to parameter of type 'CombatBuff'.
  Types of property 'modifier' are incompatible.
    Type '{ defense: number; }' is not assignable to type 'number'.
src/providers/mock/MockCombatService.ts(381,7): error TS2353: Object literal may only specify known properties, and 'success' does not exist in type 'CombatResult'.
src/providers/mock/MockCombatService.ts(382,25): error TS2339: Property 'name' does not exist on type 'Combatant'.
src/providers/mock/MockCombatService.ts(390,22): error TS2339: Property 'id' does not exist on type 'Combatant'.
src/providers/mock/MockCombatService.ts(390,35): error TS2339: Property 'id' does not exist on type 'Combatant'.
src/providers/mock/MockCombatService.ts(391,35): error TS2551: Property 'stats' does not exist on type 'Combatant'. Did you mean 'status'?
src/providers/mock/MockCombatService.ts(393,58): error TS2551: Property 'stats' does not exist on type 'Combatant'. Did you mean 'status'?
src/providers/mock/MockCombatService.ts(397,7): error TS2353: Object literal may only specify known properties, and 'success' does not exist in type 'CombatResult'.
src/providers/mock/MockCombatService.ts(398,35): error TS2339: Property 'name' does not exist on type 'Combatant'.
src/providers/mock/MockCombatService.ts(398,71): error TS2339: Property 'name' does not exist on type 'Combatant'.
src/providers/mock/MockCombatService.ts(400,70): error TS2339: Property 'id' does not exist on type 'Combatant'.
src/providers/mock/MockCombatService.ts(400,83): error TS2339: Property 'id' does not exist on type 'Combatant'.
src/providers/mock/MockCombatService.ts(400,88): error TS2339: Property 'id' does not exist on type 'Combatant'.
src/providers/mock/MockCombatService.ts(415,16): error TS2339: Property 'currentMp' does not exist on type 'Combatant'.
src/providers/mock/MockCombatService.ts(417,9): error TS2353: Object literal may only specify known properties, and 'success' does not exist in type 'CombatResult'.
src/providers/mock/MockCombatService.ts(424,11): error TS2339: Property 'currentMp' does not exist on type 'Combatant'.
src/providers/mock/MockCombatService.ts(424,30): error TS2339: Property 'currentMp' does not exist on type 'Combatant'.
src/providers/mock/MockCombatService.ts(427,53): error TS2339: Property 'id' does not exist on type 'Combatant'.
src/providers/mock/MockCombatService.ts(430,9): error TS2353: Object literal may only specify known properties, and 'success' does not exist in type 'CombatResult'.
src/providers/mock/MockCombatService.ts(437,12): error TS2339: Property 'currentHp' does not exist on type 'Combatant'.
src/providers/mock/MockCombatService.ts(437,43): error TS2339: Property 'currentHp' does not exist on type 'Combatant'.
src/providers/mock/MockCombatService.ts(439,35): error TS2339: Property 'currentHp' does not exist on type 'Combatant'.
src/providers/mock/MockCombatService.ts(440,78): error TS2339: Property 'currentHp' does not exist on type 'Combatant'.
src/providers/mock/MockCombatService.ts(444,7): error TS2322: Type 'DamageResult' is not assignable to type 'number'.
src/providers/mock/MockCombatService.ts(445,25): error TS2339: Property 'name' does not exist on type 'Combatant'.
src/providers/mock/MockCombatService.ts(447,35): error TS2339: Property 'id' does not exist on type 'Combatant'.
src/providers/mock/MockCombatService.ts(453,51): error TS2304: Cannot find name 'CombatStartRequest'.
src/providers/mock/MockCombatService.ts(453,80): error TS2552: Cannot find name 'CombatSessionNew'. Did you mean 'CombatSession'?
src/providers/mock/MockCombatService.ts(463,27): error TS2339: Property 'id' does not exist on type 'Combatant'.
src/providers/mock/MockCombatService.ts(464,29): error TS2339: Property 'name' does not exist on type 'Combatant'.
src/providers/mock/MockCombatService.ts(465,23): error TS2339: Property 'currentHp' does not exist on type 'Combatant'.
src/providers/mock/MockCombatService.ts(467,25): error TS2339: Property 'currentMp' does not exist on type 'Combatant'.
src/providers/mock/MockCombatService.ts(468,28): error TS2551: Property 'maxMp' does not exist on type 'Combatant'. Did you mean 'maxHp'?
src/providers/mock/MockCombatService.ts(476,27): error TS2551: Property 'stats' does not exist on type 'Combatant'. Did you mean 'status'?
src/providers/mock/MockCombatService.ts(477,28): error TS2551: Property 'stats' does not exist on type 'Combatant'. Did you mean 'status'?
src/providers/mock/MockCombatService.ts(478,34): error TS2551: Property 'stats' does not exist on type 'Combatant'. Did you mean 'status'?
src/providers/mock/MockCombatService.ts(479,35): error TS2551: Property 'stats' does not exist on type 'Combatant'. Did you mean 'status'?
src/providers/mock/MockCombatService.ts(480,26): error TS2551: Property 'stats' does not exist on type 'Combatant'. Did you mean 'status'?
src/providers/mock/MockCombatService.ts(481,35): error TS2551: Property 'stats' does not exist on type 'Combatant'. Did you mean 'status'?
src/providers/mock/MockCombatService.ts(482,35): error TS2551: Property 'stats' does not exist on type 'Combatant'. Did you mean 'status'?
src/providers/mock/MockCombatService.ts(483,32): error TS2551: Property 'stats' does not exist on type 'Combatant'. Did you mean 'status'?
src/providers/mock/MockCombatService.ts(485,29): error TS2551: Property 'stats' does not exist on type 'Combatant'. Did you mean 'status'?
src/providers/mock/MockCombatService.ts(496,26): error TS2339: Property 'id' does not exist on type 'Combatant'.
src/providers/mock/MockCombatService.ts(497,28): error TS2339: Property 'name' does not exist on type 'Combatant'.
src/providers/mock/MockCombatService.ts(498,22): error TS2339: Property 'currentHp' does not exist on type 'Combatant'.
src/providers/mock/MockCombatService.ts(500,24): error TS2339: Property 'currentMp' does not exist on type 'Combatant'.
src/providers/mock/MockCombatService.ts(501,27): error TS2551: Property 'maxMp' does not exist on type 'Combatant'. Did you mean 'maxHp'?
src/providers/mock/MockCombatService.ts(504,24): error TS2339: Property 'type' does not exist on type 'Combatant'.
src/providers/mock/MockCombatService.ts(509,26): error TS2551: Property 'stats' does not exist on type 'Combatant'. Did you mean 'status'?
src/providers/mock/MockCombatService.ts(510,27): error TS2551: Property 'stats' does not exist on type 'Combatant'. Did you mean 'status'?
src/providers/mock/MockCombatService.ts(511,33): error TS2551: Property 'stats' does not exist on type 'Combatant'. Did you mean 'status'?
src/providers/mock/MockCombatService.ts(512,34): error TS2551: Property 'stats' does not exist on type 'Combatant'. Did you mean 'status'?
src/providers/mock/MockCombatService.ts(513,25): error TS2551: Property 'stats' does not exist on type 'Combatant'. Did you mean 'status'?
src/providers/mock/MockCombatService.ts(514,34): error TS2551: Property 'stats' does not exist on type 'Combatant'. Did you mean 'status'?
src/providers/mock/MockCombatService.ts(515,34): error TS2551: Property 'stats' does not exist on type 'Combatant'. Did you mean 'status'?
src/providers/mock/MockCombatService.ts(516,31): error TS2551: Property 'stats' does not exist on type 'Combatant'. Did you mean 'status'?
src/providers/mock/MockCombatService.ts(518,28): error TS2551: Property 'stats' does not exist on type 'Combatant'. Did you mean 'status'?
src/providers/mock/MockCombatService.ts(525,20): error TS2304: Cannot find name 'CombatSessionNew'.
src/providers/mock/MockCombatService.ts(538,7): error TS2353: Object literal may only specify known properties, and 'id' does not exist in type 'CombatSession'.
src/providers/mock/MockCombatService.ts(555,31): error TS2552: Cannot find name 'CombatActionNew'. Did you mean 'CombatAction'?
src/providers/mock/MockCombatService.ts(555,57): error TS2552: Cannot find name 'CombatResultNew'. Did you mean 'CombatResult'?
src/providers/mock/MockCombatService.ts(572,19): error TS2304: Cannot find name 'CombatResultNew'.
src/providers/mock/MockCombatService.ts(573,26): error TS2339: Property 'id' does not exist on type 'CombatSession'.
src/providers/mock/MockCombatService.ts(583,48): error TS2552: Cannot find name 'CombatSessionNew'. Did you mean 'CombatSession'?
src/providers/mock/MockCombatService.ts(588,26): error TS2339: Property 'id' does not exist on type 'CombatSession'.
src/providers/mock/MockCombatService.ts(590,19): error TS2339: Property 'id' does not exist on type 'Combatant'.
src/providers/mock/MockCombatService.ts(591,21): error TS2339: Property 'name' does not exist on type 'Combatant'.
src/providers/mock/MockCombatService.ts(592,15): error TS2339: Property 'currentHp' does not exist on type 'Combatant'.
src/providers/mock/MockCombatService.ts(594,17): error TS2339: Property 'currentMp' does not exist on type 'Combatant'.
src/providers/mock/MockCombatService.ts(595,20): error TS2551: Property 'maxMp' does not exist on type 'Combatant'. Did you mean 'maxHp'?
src/providers/mock/MockCombatService.ts(598,17): error TS2339: Property 'type' does not exist on type 'Combatant'.
src/providers/mock/MockCombatService.ts(603,19): error TS2551: Property 'stats' does not exist on type 'Combatant'. Did you mean 'status'?
src/providers/mock/MockCombatService.ts(604,20): error TS2551: Property 'stats' does not exist on type 'Combatant'. Did you mean 'status'?
src/providers/mock/MockCombatService.ts(605,26): error TS2551: Property 'stats' does not exist on type 'Combatant'. Did you mean 'status'?
src/providers/mock/MockCombatService.ts(606,27): error TS2551: Property 'stats' does not exist on type 'Combatant'. Did you mean 'status'?
src/providers/mock/MockCombatService.ts(607,18): error TS2551: Property 'stats' does not exist on type 'Combatant'. Did you mean 'status'?
src/providers/mock/MockCombatService.ts(608,27): error TS2551: Property 'stats' does not exist on type 'Combatant'. Did you mean 'status'?
src/providers/mock/MockCombatService.ts(609,27): error TS2551: Property 'stats' does not exist on type 'Combatant'. Did you mean 'status'?
src/providers/mock/MockCombatService.ts(610,24): error TS2551: Property 'stats' does not exist on type 'Combatant'. Did you mean 'status'?
src/providers/mock/MockCombatService.ts(612,21): error TS2551: Property 'stats' does not exist on type 'Combatant'. Did you mean 'status'?
src/providers/mock/MockCombatService.ts(619,23): error TS2339: Property 'state' does not exist on type 'CombatSession'.
src/providers/mock/MockCombatService.ts(620,26): error TS2339: Property 'startedAt' does not exist on type 'CombatSession'.
src/providers/mock/MockCombatService.ts(628,45): error TS2339: Property 'id' does not exist on type 'Combatant'.
src/providers/mock/MockCombatService.ts(631,64): error TS2552: Cannot find name 'CombatResultNew'. Did you mean 'CombatResult'?
src/providers/mock/MockCombatService.ts(650,65): error TS2339: Property 'id' does not exist on type 'Combatant'.
src/providers/mock/MockCombatService.ts(672,52): error TS2304: Cannot find name 'CharacterCombatStats'.
src/providers/mock/MockCombatService.ts(678,26): error TS2551: Property 'stats' does not exist on type 'Combatant'. Did you mean 'status'?
src/providers/mock/MockCombatService.ts(679,27): error TS2551: Property 'stats' does not exist on type 'Combatant'. Did you mean 'status'?
src/providers/mock/MockCombatService.ts(680,25): error TS2551: Property 'stats' does not exist on type 'Combatant'. Did you mean 'status'?
src/providers/mock/MockCombatService.ts(681,28): error TS2551: Property 'stats' does not exist on type 'Combatant'. Did you mean 'status'?
src/providers/mock/MockCombatService.ts(682,30): error TS2551: Property 'stats' does not exist on type 'Combatant'. Did you mean 'status'?
src/providers/mock/MockCombatService.ts(684,24): error TS2339: Property 'currentHp' does not exist on type 'Combatant'.
src/providers/mock/MockCombatService.ts(686,26): error TS2339: Property 'currentMp' does not exist on type 'Combatant'.
src/providers/mock/MockCombatService.ts(687,29): error TS2551: Property 'maxMp' does not exist on type 'Combatant'. Did you mean 'maxHp'?
src/providers/mock/MockCombatService.ts(694,56): error TS2304: Cannot find name 'ResourcePool'.
src/providers/mock/MockCombatService.ts(699,21): error TS2339: Property 'currentHp' does not exist on type 'Combatant'.
src/providers/mock/MockCombatService.ts(701,23): error TS2339: Property 'currentMp' does not exist on type 'Combatant'.
src/providers/mock/MockCombatService.ts(702,26): error TS2551: Property 'maxMp' does not exist on type 'Combatant'. Did you mean 'maxHp'?
src/providers/mock/MockCombatService.ts(708,75): error TS2552: Cannot find name 'CombatEndResult'. Did you mean 'CombatResult'?
src/providers/mock/MockCombatService.ts(728,56): error TS2304: Cannot find name 'CombatStartRequest'.
src/providers/mock/MockCombatService.ts(728,85): error TS2304: Cannot find name 'CombatSessionNew'.
src/providers/mock/MockCurrencyService.ts(103,9): error TS2353: Object literal may only specify known properties, and 'fee' does not exist in type 'TransactionMetadata'.
src/providers/mock/MockCurrencyService.ts(113,9): error TS2353: Object literal may only specify known properties, and 'sender' does not exist in type 'TransactionMetadata'.
src/providers/mock/MockCurrencyService.ts(196,9): error TS2322: Type 'string' is not assignable to type 'number'.
src/providers/mock/MockCurrencyService.ts(216,9): error TS2322: Type 'string' is not assignable to type 'number'.
src/providers/mock/MockDeathService.ts(7,3): error TS6133: 'DeathReason' is declared but its value is never read.
src/providers/mock/MockDialogueService.ts(232,37): error TS2538: Type '{}' cannot be used as an index type.
src/providers/mock/MockLootService.ts(268,42): error TS6133: 'characterLevel' is declared but its value is never read.
src/providers/mock/MockLootService.ts(379,76): error TS2693: 'ItemRarity' only refers to a type, but is being used as a value here.
src/providers/mock/MockLootService.ts(380,76): error TS2693: 'ItemRarity' only refers to a type, but is being used as a value here.
src/providers/mock/MockLootService.ts(381,76): error TS2693: 'ItemRarity' only refers to a type, but is being used as a value here.
src/providers/mock/MockLootService.ts(382,77): error TS2693: 'ItemRarity' only refers to a type, but is being used as a value here.
src/providers/mock/MockNPCService.ts(308,32): error TS2345: Argument of type '{ id: string; npcId: string; characterId: string; interactionType: string; timestamp: Date; metadata: {}; }' is not assignable to parameter of type 'NPCInteraction'.
  Type '{ id: string; npcId: string; characterId: string; interactionType: string; timestamp: Date; metadata: {}; }' is missing the following properties from type 'NPCInteraction': dialogueState, createdAt
src/providers/mock/MockSpawnService.ts(8,31): error TS6133: 'Position3D' is declared but its value is never read.
src/providers/mock/MockSpawnService.ts(237,65): error TS2345: Argument of type '{ immediateSpawn: true; }' is not assignable to parameter of type 'SpawnConfig'.
  Property 'overrideMaxSpawns' is missing in type '{ immediateSpawn: true; }' but required in type 'SpawnConfig'.
src/providers/real/RealBankService.ts(24,24): error TS2554: Expected 1 arguments, but got 0.
src/providers/real/RealBankService.ts(34,9): error TS2322: Type 'import("/home/runner/workspace/packages/server/src/types/bank").BankSlot[]' is not assignable to type 'import("/home/runner/workspace/packages/server/src/providers/interfaces/IBankService").BankSlot[]'.
  Type 'BankSlot' is missing the following properties from type 'BankSlot': slotIndex, isEmpty
src/providers/real/RealBankService.ts(36,46): error TS2339: Property 'isEmpty' does not exist on type 'BankSlot'.
src/providers/real/RealBankService.ts(45,9): error TS2322: Type 'import("/home/runner/workspace/packages/server/src/types/bank").BankSlot[]' is not assignable to type 'import("/home/runner/workspace/packages/server/src/providers/interfaces/IBankService").BankSlot[]'.
  Type 'BankSlot' is missing the following properties from type 'BankSlot': slotIndex, isEmpty
src/providers/real/RealBankService.ts(47,46): error TS2339: Property 'isEmpty' does not exist on type 'BankSlot'.
src/providers/real/RealBankService.ts(149,22): error TS6133: 'characterId' is declared but its value is never read.
src/providers/real/RealBankService.ts(149,59): error TS6133: 'bankType' is declared but its value is never read.
src/providers/real/RealBankService.ts(149,79): error TS6133: 'direction' is declared but its value is never read.
src/providers/real/RealBankService.ts(164,31): error TS6133: 'characterId' is declared but its value is never read.
src/providers/real/RealBankService.ts(164,52): error TS6133: 'bankType' is declared but its value is never read.
src/providers/real/RealBankService.ts(164,73): error TS6133: 'limit' is declared but its value is never read.
src/providers/real/RealBankService.ts(170,19): error TS6133: 'characterId' is declared but its value is never read.
src/providers/real/RealBankService.ts(190,5): error TS2322: Type 'import("/home/runner/workspace/packages/server/src/types/bank").PersonalBank' is not assignable to type 'import("/home/runner/workspace/packages/server/src/providers/interfaces/IBankService").PersonalBank'.
  Types of property 'slots' are incompatible.
    Type 'import("/home/runner/workspace/packages/server/src/types/bank").BankSlot[]' is not assignable to type 'import("/home/runner/workspace/packages/server/src/providers/interfaces/IBankService").BankSlot[]'.
      Type 'BankSlot' is missing the following properties from type 'BankSlot': slotIndex, isEmpty
src/providers/real/RealBankService.ts(195,5): error TS2322: Type 'import("/home/runner/workspace/packages/server/src/types/bank").SharedBank' is not assignable to type 'import("/home/runner/workspace/packages/server/src/providers/interfaces/IBankService").SharedBank'.
  Types of property 'slots' are incompatible.
    Type 'import("/home/runner/workspace/packages/server/src/types/bank").BankSlot[]' is not assignable to type 'import("/home/runner/workspace/packages/server/src/providers/interfaces/IBankService").BankSlot[]'.
      Type 'BankSlot' is missing the following properties from type 'BankSlot': slotIndex, isEmpty
src/providers/real/RealBankService.ts(223,62): error TS2345: Argument of type 'import("/home/runner/workspace/packages/server/src/providers/interfaces/IBankService").BankTransferRequest' is not assignable to parameter of type 'import("/home/runner/workspace/packages/server/src/types/bank").BankTransferRequest'.
  Type 'BankTransferRequest' is missing the following properties from type 'BankTransferRequest': fromType, toType
src/providers/real/RealCombatService.ts(20,1): error TS6133: 'CharacterService' is declared but its value is never read.
src/providers/real/RealCombatService.ts(21,1): error TS6133: 'ResourceService' is declared but its value is never read.
src/providers/real/RealCombatService.ts(22,1): error TS6133: 'StatsService' is declared but its value is never read.
src/providers/real/RealCombatService.ts(23,1): error TS6133: 'TestMonsterService' is declared but its value is never read.
src/providers/real/RealCombatService.ts(37,9): error TS2416: Property 'initiateCombat' in type 'RealCombatService' is not assignable to the same property in base type 'ICombatService'.
  Type '(attackerId: string, targetId: string) => Promise<CombatSession>' is not assignable to type '(attackerId: string, targetId: string) => Promise<LegacyCombatSession>'.
    Type 'Promise<CombatSession>' is not assignable to type 'Promise<LegacyCombatSession>'.
      Type 'CombatSession' is missing the following properties from type 'LegacyCombatSession': id, rounds, state, startedAt
src/providers/real/RealCombatService.ts(47,11): error TS2322: Type '{ id: any; name: any; type: string; level: any; currentHp: any; maxHp: any; currentMp: any; maxMp: any; stats: { attack: any; defense: any; speed: any; critChance: any; critDamage: any; accuracy: any; evasion: any; }; buffs: any; debuffs: any; }[]' is not assignable to type 'Combatant[]'.
  Type '{ id: any; name: any; type: string; level: any; currentHp: any; maxHp: any; currentMp: any; maxMp: any; stats: { attack: any; defense: any; speed: any; critChance: any; critDamage: any; accuracy: any; evasion: any; }; buffs: any; debuffs: any; }' is missing the following properties from type 'Combatant': charId, charName, hp, mana, and 17 more.
src/providers/real/RealCombatService.ts(70,7): error TS2353: Object literal may only specify known properties, and 'id' does not exist in type 'CombatSession'.
src/providers/real/RealCombatService.ts(72,27): error TS2551: Property 'currentTurnIndex' does not exist on type 'CombatSession'. Did you mean 'currentTurn'?
src/providers/real/RealCombatService.ts(73,62): error TS2339: Property 'id' does not exist on type 'Combatant'.
src/providers/real/RealCombatService.ts(80,9): error TS2416: Property 'processCombatAction' in type 'RealCombatService' is not assignable to the same property in base type 'ICombatService'.
  Type '(sessionId: string, action: CombatAction) => Promise<CombatResult>' is not assignable to type '(sessionId: string, action: LegacyCombatAction) => Promise<LegacyCombatResult>'.
    Types of parameters 'action' and 'action' are incompatible.
      Property 'timestamp' is missing in type 'LegacyCombatAction' but required in type 'CombatAction'.
src/providers/real/RealCombatService.ts(80,29): error TS6133: 'sessionId' is declared but its value is never read.
src/providers/real/RealCombatService.ts(90,45): error TS2554: Expected 3 arguments, but got 1.
src/providers/real/RealCombatService.ts(94,16): error TS2339: Property 'damage' does not exist on type 'CombatError | CombatResult'.
  Property 'damage' does not exist on type 'CombatError'.
src/providers/real/RealCombatService.ts(96,28): error TS2339: Property 'damage' does not exist on type 'CombatError | CombatResult'.
  Property 'damage' does not exist on type 'CombatError'.
src/providers/real/RealCombatService.ts(98,30): error TS2339: Property 'damage' does not exist on type 'CombatError | CombatResult'.
  Property 'damage' does not exist on type 'CombatError'.
src/providers/real/RealCombatService.ts(108,7): error TS2322: Type 'DamageResult | undefined' is not assignable to type 'number | undefined'.
  Type 'DamageResult' is not assignable to type 'number'.
src/providers/real/RealCombatService.ts(109,23): error TS2339: Property 'message' does not exist on type 'CombatError | CombatResult'.
  Property 'message' does not exist on type 'CombatError'.
src/providers/real/RealCombatService.ts(110,27): error TS2339: Property 'combatStatus' does not exist on type 'CombatError | CombatResult'.
  Property 'combatStatus' does not exist on type 'CombatError'.
src/providers/real/RealCombatService.ts(115,19): error TS6133: 'sessionId' is declared but its value is never read.
src/providers/real/RealCombatService.ts(115,38): error TS6133: 'outcome' is declared but its value is never read.
src/providers/real/RealCombatService.ts(121,9): error TS2416: Property 'calculateDamage' in type 'RealCombatService' is not assignable to the same property in base type 'ICombatService'.
  Type '(attacker: Combatant, target: Combatant, skill?: Skill | undefined) => Promise<DamageResult>' is not assignable to type '(attacker: LegacyCombatant, target: LegacyCombatant, skill?: Skill | undefined) => Promise<DamageResult>'.
    Types of parameters 'attacker' and 'attacker' are incompatible.
      Type 'LegacyCombatant' is missing the following properties from type 'Combatant': charId, charName, hp, mana, and 17 more.
src/providers/real/RealCombatService.ts(123,33): error TS2551: Property 'stats' does not exist on type 'Combatant'. Did you mean 'status'?
src/providers/real/RealCombatService.ts(124,28): error TS2551: Property 'stats' does not exist on type 'Combatant'. Did you mean 'status'?
src/providers/real/RealCombatService.ts(131,44): error TS2551: Property 'stats' does not exist on type 'Combatant'. Did you mean 'status'?
src/providers/real/RealCombatService.ts(133,40): error TS2551: Property 'stats' does not exist on type 'Combatant'. Did you mean 'status'?
src/providers/real/RealCombatService.ts(138,9): error TS2416: Property 'getActiveCombat' in type 'RealCombatService' is not assignable to the same property in base type 'ICombatService'.
  Type '(participantId: string) => Promise<CombatSession | null>' is not assignable to type '(participantId: string) => Promise<LegacyCombatSession | null>'.
    Type 'Promise<CombatSession | null>' is not assignable to type 'Promise<LegacyCombatSession | null>'.
      Type 'CombatSession | null' is not assignable to type 'LegacyCombatSession | null'.
        Type 'CombatSession' is missing the following properties from type 'LegacyCombatSession': id, rounds, state, startedAt
src/providers/real/RealCombatService.ts(138,25): error TS6133: 'participantId' is declared but its value is never read.
src/providers/real/RealCombatService.ts(145,27): error TS6133: 'combatantId' is declared but its value is never read.
src/providers/real/RealCombatService.ts(145,48): error TS6133: 'effect' is declared but its value is never read.
src/providers/real/RealCombatService.ts(158,45): error TS2554: Expected 3 arguments, but got 1.
src/providers/real/RealCombatService.ts(159,5): error TS2322: Type 'CombatError | CombatResult' is not assignable to type 'CombatResult'.
  Type 'CombatError' is missing the following properties from type 'CombatResult': sessionId, action, actorId, message
src/providers/real/RealCurrencyService.ts(18,28): error TS2554: Expected 1 arguments, but got 0.
src/providers/real/RealCurrencyService.ts(57,7): error TS2554: Expected 3-4 arguments, but got 5.
src/providers/real/RealCurrencyService.ts(59,5): error TS2740: Type '{ senderTransaction: Transaction; receiverTransaction: Transaction; }' is missing the following properties from type 'Transaction': id, characterId, type, amount, and 3 more.
src/providers/real/RealCurrencyService.ts(69,5): error TS2739: Type '{ totalEarned: bigint; totalSpent: bigint; netFlow: bigint; transactionCount: number; }' is missing the following properties from type 'TransactionStats': totalTransactions, netGold, averageTransaction, lastTransaction
src/providers/real/RealCurrencyService.ts(78,92): error TS2345: Argument of type 'string | undefined' is not assignable to parameter of type 'TransactionMetadata | undefined'.
  Type 'string' has no properties in common with type 'TransactionMetadata'.
src/providers/real/RealCurrencyService.ts(91,7): error TS2345: Argument of type 'string' is not assignable to parameter of type 'number'.
src/providers/real/RealCurrencyService.ts(108,7): error TS2345: Argument of type 'string' is not assignable to parameter of type 'number'.
src/providers/real/RealDeathService.ts(21,35): error TS2554: Expected 1 arguments, but got 0.
src/providers/real/RealDialogueService.ts(9,24): error TS6133: 'DialogueChoice' is declared but its value is never read.
src/providers/real/RealDialogueService.ts(22,36): error TS2304: Cannot find name 'DialogueRepository'.
src/providers/real/RealDialogueService.ts(28,52): error TS2339: Property 'startDialogue' does not exist on type 'DialogueService'.
src/providers/real/RealDialogueService.ts(45,47): error TS2339: Property 'advanceDialogue' does not exist on type 'DialogueService'.
src/providers/real/RealDialogueService.ts(80,51): error TS6133: 'context' is declared but its value is never read.
src/providers/real/RealDialogueService.ts(101,14): error TS2339: Property 'nodes' does not exist on type 'DialogueNode[]'.
src/providers/real/RealDialogueService.ts(102,27): error TS2339: Property 'nodes' does not exist on type 'DialogueNode[]'.
src/providers/real/RealDialogueService.ts(116,16): error TS2339: Property 'id' does not exist on type 'DialogueNode[]'.
src/providers/real/RealDialogueService.ts(117,18): error TS2339: Property 'name' does not exist on type 'DialogueNode[]'.
src/providers/real/RealDialogueService.ts(118,24): error TS2339: Property 'rootNodeId' does not exist on type 'DialogueNode[]'.
src/providers/real/RealDialogueService.ts(123,26): error TS6133: 'characterId' is declared but its value is never read.
src/providers/real/RealDialogueService.ts(130,32): error TS2339: Property 'endDialogue' does not exist on type 'DialogueService'.
src/providers/real/RealDialogueService.ts(149,47): error TS2551: Property 'createDialogueTree' does not exist on type 'DialogueService'. Did you mean 'createMockDialogueTree'?
src/providers/real/RealDialogueService.ts(158,28): error TS6133: 'characterId' is declared but its value is never read.
src/providers/real/RealDialogueService.ts(158,49): error TS6133: 'npcId' is declared but its value is never read.
src/providers/real/RealLootService.ts(43,21): error TS2339: Property 'loot' does not exist on type 'ILootDrop[]'.
src/providers/real/RealLootService.ts(50,27): error TS2339: Property 'gold' does not exist on type 'ILootDrop[]'.
src/providers/real/RealLootService.ts(51,33): error TS2339: Property 'experience' does not exist on type 'ILootDrop[]'.
src/providers/real/RealLootService.ts(57,28): error TS6133: 'monsterId' is declared but its value is never read.
src/providers/real/RealLootService.ts(103,25): error TS2339: Property 'success' does not exist on type 'ILootClaimResponse'.
src/providers/real/RealLootService.ts(113,25): error TS2339: Property 'message' does not exist on type 'ILootClaimResponse'.
src/providers/real/RealLootService.ts(141,23): error TS6133: 'characterId' is declared but its value is never read.
src/providers/real/RealLootService.ts(146,20): error TS6133: 'lootId' is declared but its value is never read.
src/providers/real/RealLootService.ts(161,5): error TS2322: Type '{ id: string; timestamp: Date; items: unknown[]; source: string; }[]' is not assignable to type 'LootHistoryEntry[]'.
  Type '{ id: string; timestamp: Date; items: unknown[]; source: string; }' is missing the following properties from type 'LootHistoryEntry': characterId, sessionId, loot, gold, and 2 more.
src/providers/real/RealLootService.ts(170,26): error TS2339: Property 'getAllLootTables' does not exist on type 'LootService'.
src/providers/real/RealLootService.ts(171,37): error TS2339: Property 'getAllLootTables' does not exist on type 'LootService'.
src/providers/real/RealMonsterService.ts(14,15): error TS6133: 'cacheService' is declared but its value is never read.
src/providers/real/RealMonsterService.ts(20,5): error TS2322: Type '{ id: string; name: string; level: number; hp: number; maxHp: number; position: { x: number; y: number; }; }[]' is not assignable to type 'Monster[]'.
  Type '{ id: string; name: string; level: number; hp: number; maxHp: number; position: { x: number; y: number; }; }' is missing the following properties from type 'Monster': monsterTypeId, zoneId, currentHp, state, aggroRadius
src/providers/real/RealMonsterService.ts(32,5): error TS2322: Type '{ id: string; name: string; level: number; baseStats: Record<string, number>; abilities: string[]; }[]' is not assignable to type 'MonsterType[]'.
  Type '{ id: string; name: string; level: number; baseStats: Record<string, number>; abilities: string[]; }' is missing the following properties from type 'MonsterType': displayName, baseHp, baseAttack, baseDefense, and 3 more.
src/providers/real/RealMonsterService.ts(36,5): error TS2322: Type '{ id: string; zoneId: string; position: { x: number; y: number; }; monsterType: string; respawnRate: number; }[]' is not assignable to type 'SpawnPoint[]'.
  Type '{ id: string; zoneId: string; position: { x: number; y: number; }; monsterType: string; respawnRate: number; }' is missing the following properties from type 'SpawnPoint': monsterTypeId, respawnTime, maxSpawns, isActive
src/providers/real/RealNPCService.ts(13,15): error TS6133: 'cacheService' is declared but its value is never read.
src/providers/real/RealNPCService.ts(18,5): error TS2322: Type '{ id: string; name: string; type: string; position: { x: number; y: number; }; }[]' is not assignable to type 'NPC[]'.
  Type '{ id: string; name: string; type: string; position: { x: number; y: number; }; }' is missing the following properties from type 'NPC': displayName, zoneId, isQuestGiver, metadata
src/providers/real/RealNPCService.ts(22,5): error TS2740: Type '{ interaction: any; dialogue: any; }' is missing the following properties from type 'NPCInteraction': id, npcId, characterId, interactionType, and 2 more.
src/providers/real/RealNPCService.ts(34,5): error TS2322: Type '{ id: string; name: string; questIds: string[]; location: { zone: string; position: { x: number; y: number; }; }; }[]' is not assignable to type 'NPC[]'.
  Type '{ id: string; name: string; questIds: string[]; location: { zone: string; position: { x: number; y: number; }; }; }' is missing the following properties from type 'NPC': displayName, type, zoneId, position, and 2 more.
src/providers/real/RealNPCService.ts(38,5): error TS2322: Type '{ id: string; npcId: string; timestamp: Date; interactionType: string; data: Record<string, unknown>; }[]' is not assignable to type 'NPCInteraction[]'.
  Type '{ id: string; npcId: string; timestamp: Date; interactionType: string; data: Record<string, unknown>; }' is missing the following properties from type 'NPCInteraction': characterId, dialogueState, createdAt
src/providers/real/RealNPCService.ts(50,5): error TS2322: Type 'Record<string, unknown> | null' is not assignable to type 'NPC | null'.
  Type 'Record<string, unknown>' is missing the following properties from type 'NPC': id, name, displayName, type, and 4 more.
src/providers/real/RealNPCService.ts(54,5): error TS2322: Type '{ id: string; name: string; shopType: string; inventory: unknown[]; location: { zone: string; position: { x: number; y: number; }; }; }[]' is not assignable to type 'NPC[]'.
  Type '{ id: string; name: string; shopType: string; inventory: unknown[]; location: { zone: string; position: { x: number; y: number; }; }; }' is missing the following properties from type 'NPC': displayName, type, zoneId, position, and 2 more.
src/providers/real/RealSpawnService.ts(8,31): error TS6133: 'Position3D' is declared but its value is never read.
src/providers/real/RealSpawnService.ts(10,38): error TS2307: Cannot find module '../../repositories/spawnPoint.repository' or its corresponding type declarations.
src/providers/real/RealSpawnService.ts(23,25): error TS2554: Expected 2 arguments, but got 1.
src/providers/real/RealSpawnService.ts(28,49): error TS2339: Property 'getSpawnPointsByZone' does not exist on type 'SpawnService'.
src/providers/real/RealSpawnService.ts(32,54): error TS2339: Property 'getActiveMonstersAtSpawnPoint' does not exist on type 'SpawnService'.
src/providers/real/RealSpawnService.ts(71,49): error TS2339: Property 'getSpawnPointsByZone' does not exist on type 'SpawnService'.
src/providers/real/RealSpawnService.ts(91,46): error TS2339: Property 'getActiveMonstersAtSpawnPoint' does not exist on type 'SpawnService'.
src/providers/real/RealSpawnService.ts(98,29): error TS2339: Property 'resetSpawnTimer' does not exist on type 'SpawnService'.
src/providers/real/RealSpawnService.ts(102,49): error TS2339: Property 'getSpawnPointsByZone' does not exist on type 'SpawnService'.
src/providers/real/RealSpawnService.ts(109,64): error TS2345: Argument of type '{ immediateSpawn: true; }' is not assignable to parameter of type 'SpawnConfig'.
  Property 'overrideMaxSpawns' is missing in type '{ immediateSpawn: true; }' but required in type 'SpawnConfig'.
src/providers/real/RealSpawnService.ts(135,45): error TS2339: Property 'updateSpawnPoint' does not exist on type 'SpawnService'.
src/providers/real/RealSpawnService.ts(146,49): error TS2339: Property 'getSpawnPointsByZone' does not exist on type 'SpawnService'.
src/providers/real/RealSpawnService.ts(147,43): error TS2339: Property 'getZoneSpawnStats' does not exist on type 'SpawnService'.
src/providers/real/RealSpawnService.ts(151,45): error TS7006: Parameter 'sp' implicitly has an 'any' type.
src/providers/real/RealSpawnService.ts(161,48): error TS2339: Property 'getSpawnPointById' does not exist on type 'SpawnService'.
src/providers/real/RealSpawnService.ts(172,21): error TS6133: 'spawnPointId' is declared but its value is never read.
src/repositories/CharacterRepository.ts(42,7): error TS2769: No overload matches this call.
  Overload 2 of 2, '(values: { name: string | SQL<unknown> | Placeholder<string, any>; accountId: string | SQL<unknown> | Placeholder<string, any>; race: CharacterRace | SQL<...> | Placeholder<...>; ... 44 more ...; lastPlayedAt?: Date | ... 3 more ... | undefined; }[]): PgInsertBase<...>', gave the following error.
    Object literal may only specify known properties, and 'accountId' does not exist in type '{ name: string | SQL<unknown> | Placeholder<string, any>; accountId: string | SQL<unknown> | Placeholder<string, any>; race: CharacterRace | SQL<...> | Placeholder<...>; ... 44 more ...; lastPlayedAt?: Date | ... 3 more ... | undefined; }[]'.
src/repositories/EquipmentRepository.ts(1,28): error TS6133: 'desc' is declared but its value is never read.
src/repositories/EquipmentRepository.ts(18,3): error TS6196: 'ItemSet' is declared but never used.
src/repositories/EquipmentRepository.ts(19,3): error TS6196: 'ItemSetBonus' is declared but never used.
src/repositories/EquipmentRepository.ts(33,10): error TS2339: Property 'select' does not exist on type 'Pool'.
src/repositories/EquipmentRepository.ts(50,10): error TS2339: Property 'select' does not exist on type 'Pool'.
src/repositories/EquipmentRepository.ts(64,10): error TS2339: Property 'select' does not exist on type 'Pool'.
src/repositories/EquipmentRepository.ts(69,21): error TS7006: Parameter 'stat' implicitly has an 'any' type.
src/repositories/EquipmentRepository.ts(96,10): error TS2339: Property 'select' does not exist on type 'Pool'.
src/repositories/EquipmentRepository.ts(100,28): error TS7006: Parameter 'item' implicitly has an 'any' type.
src/repositories/EquipmentRepository.ts(116,16): error TS2339: Property 'transaction' does not exist on type 'Pool'.
src/repositories/EquipmentRepository.ts(116,35): error TS7006: Parameter 'tx' implicitly has an 'any' type.
src/repositories/EquipmentRepository.ts(144,10): error TS2339: Property 'delete' does not exist on type 'Pool'.
src/repositories/EquipmentRepository.ts(166,10): error TS2339: Property 'update' does not exist on type 'Pool'.
src/repositories/EquipmentRepository.ts(187,10): error TS2339: Property 'select' does not exist on type 'Pool'.
src/repositories/EquipmentRepository.ts(192,28): error TS7006: Parameter 'item' implicitly has an 'any' type.
src/repositories/EquipmentRepository.ts(217,16): error TS2339: Property 'insert' does not exist on type 'Pool'.
src/repositories/EquipmentRepository.ts(245,10): error TS2339: Property 'update' does not exist on type 'Pool'.
src/repositories/EquipmentRepository.ts(262,10): error TS2339: Property 'delete' does not exist on type 'Pool'.
src/repositories/EquipmentRepository.ts(281,16): error TS2339: Property 'transaction' does not exist on type 'Pool'.
src/repositories/EquipmentRepository.ts(281,35): error TS7006: Parameter 'tx' implicitly has an 'any' type.
src/repositories/EquipmentRepository.ts(353,10): error TS2339: Property 'select' does not exist on type 'Pool'.
src/repositories/EquipmentRepository.ts(357,50): error TS7006: Parameter 's' implicitly has an 'any' type.
src/repositories/EquipmentRepository.ts(382,10): error TS2339: Property 'select' does not exist on type 'Pool'.
src/repositories/EquipmentRepository.ts(394,48): error TS7006: Parameter 'p' implicitly has an 'any' type.
src/repositories/EquipmentRepository.ts(398,10): error TS2339: Property 'select' does not exist on type 'Pool'.
src/repositories/EquipmentRepository.ts(400,16): error TS2769: No overload matches this call.
  Overload 1 of 3, '(column: Aliased<unknown>, values: SQLWrapper | unknown[]): SQL<unknown>', gave the following error.
    Argument of type 'PgColumn<{ name: "set_id"; tableName: "item_set_pieces"; dataType: "number"; columnType: "PgInteger"; data: number; driverParam: string | number; notNull: true; hasDefault: false; isPrimaryKey: false; ... 5 more ...; generated: undefined; }, {}, {}>' is not assignable to parameter of type 'Aliased<unknown>'.
      Type 'PgColumn<{ name: "set_id"; tableName: "item_set_pieces"; dataType: "number"; columnType: "PgInteger"; data: number; driverParam: string | number; notNull: true; hasDefault: false; isPrimaryKey: false; ... 5 more ...; generated: undefined; }, {}, {}>' is missing the following properties from type 'Aliased<unknown>': sql, fieldAlias
  Overload 2 of 3, '(column: PgColumn<{ name: "set_id"; tableName: "item_set_pieces"; dataType: "number"; columnType: "PgInteger"; data: number; driverParam: string | number; notNull: true; hasDefault: false; isPrimaryKey: false; ... 5 more ...; generated: undefined; }, {}, {}>, values: SQLWrapper | (number | Placeholder<...>)[]): SQL<...>', gave the following error.
    Argument of type 'unknown[]' is not assignable to parameter of type 'SQLWrapper | (number | Placeholder<string, any>)[]'.
      Type 'unknown[]' is not assignable to type '(number | Placeholder<string, any>)[]'.
        Type 'unknown' is not assignable to type 'number | Placeholder<string, any>'.
  Overload 3 of 3, '(column: never, values: SQLWrapper | unknown[]): SQL<unknown>', gave the following error.
    Argument of type 'PgColumn<{ name: "set_id"; tableName: "item_set_pieces"; dataType: "number"; columnType: "PgInteger"; data: number; driverParam: string | number; notNull: true; hasDefault: false; isPrimaryKey: false; ... 5 more ...; generated: undefined; }, {}, {}>' is not assignable to parameter of type 'never'.
src/repositories/EquipmentRepository.ts(404,10): error TS2339: Property 'select' does not exist on type 'Pool'.
src/repositories/EquipmentRepository.ts(406,16): error TS2769: No overload matches this call.
  Overload 1 of 3, '(column: Aliased<unknown>, values: SQLWrapper | unknown[]): SQL<unknown>', gave the following error.
    Argument of type 'PgColumn<{ name: "set_id"; tableName: "item_set_bonuses"; dataType: "number"; columnType: "PgInteger"; data: number; driverParam: string | number; notNull: true; hasDefault: false; isPrimaryKey: false; ... 5 more ...; generated: undefined; }, {}, {}>' is not assignable to parameter of type 'Aliased<unknown>'.
      Type 'PgColumn<{ name: "set_id"; tableName: "item_set_bonuses"; dataType: "number"; columnType: "PgInteger"; data: number; driverParam: string | number; notNull: true; hasDefault: false; isPrimaryKey: false; ... 5 more ...; generated: undefined; }, {}, {}>' is missing the following properties from type 'Aliased<unknown>': sql, fieldAlias
  Overload 2 of 3, '(column: PgColumn<{ name: "set_id"; tableName: "item_set_bonuses"; dataType: "number"; columnType: "PgInteger"; data: number; driverParam: string | number; notNull: true; hasDefault: false; isPrimaryKey: false; ... 5 more ...; generated: undefined; }, {}, {}>, values: SQLWrapper | (number | Placeholder<...>)[]): SQL<...>', gave the following error.
    Argument of type 'unknown[]' is not assignable to parameter of type 'SQLWrapper | (number | Placeholder<string, any>)[]'.
      Type 'unknown[]' is not assignable to type '(number | Placeholder<string, any>)[]'.
        Type 'unknown' is not assignable to type 'number | Placeholder<string, any>'.
  Overload 3 of 3, '(column: never, values: SQLWrapper | unknown[]): SQL<unknown>', gave the following error.
    Argument of type 'PgColumn<{ name: "set_id"; tableName: "item_set_bonuses"; dataType: "number"; columnType: "PgInteger"; data: number; driverParam: string | number; notNull: true; hasDefault: false; isPrimaryKey: false; ... 5 more ...; generated: undefined; }, {}, {}>' is not assignable to parameter of type 'never'.
src/repositories/EquipmentRepository.ts(412,40): error TS7006: Parameter 'p' implicitly has an 'any' type.
src/repositories/EquipmentRepository.ts(413,48): error TS7006: Parameter 'p' implicitly has an 'any' type.
src/repositories/EquipmentRepository.ts(413,76): error TS7006: Parameter 'p' implicitly has an 'any' type.
src/repositories/EquipmentRepository.ts(414,49): error TS7006: Parameter 'id' implicitly has an 'any' type.
src/repositories/EquipmentRepository.ts(415,43): error TS7006: Parameter 'b' implicitly has an 'any' type.
src/repositories/EquipmentRepository.ts(417,17): error TS2538: Type 'unknown' cannot be used as an index type.
src/repositories/EquipmentRepository.ts(424,32): error TS7006: Parameter 'b' implicitly has an 'any' type.
src/repositories/EquipmentRepository.ts(446,10): error TS2339: Property 'select' does not exist on type 'Pool'.
src/repositories/EquipmentRepository.ts(472,12): error TS2339: Property 'insert' does not exist on type 'Pool'.
src/repositories/EquipmentRepository.ts(488,28): error TS6133: 'charId' is declared but its value is never read.
src/repositories/EquipmentRepository.ts(502,10): error TS2339: Property 'select' does not exist on type 'Pool'.
src/repositories/EquipmentRepository.ts(510,32): error TS7006: Parameter 'total' implicitly has an 'any' type.
src/repositories/EquipmentRepository.ts(510,39): error TS7006: Parameter 'item' implicitly has an 'any' type.
src/repositories/death.repository.ts(20,24): error TS2339: Property 'increment' does not exist on type 'NodePgDatabase<typeof import("/home/runner/workspace/packages/server/src/database/schema/index")> & { $client: Pool; }'.
src/repositories/death.repository.ts(88,24): error TS2339: Property 'decrement' does not exist on type 'NodePgDatabase<typeof import("/home/runner/workspace/packages/server/src/database/schema/index")> & { $client: Pool; }'.
src/repositories/death.repository.ts(104,18): error TS2339: Property 'decrement' does not exist on type 'NodePgDatabase<typeof import("/home/runner/workspace/packages/server/src/database/schema/index")> & { $client: Pool; }'.
src/repositories/loot.repository.ts(8,3): error TS6133: 'ILootDrop' is declared but its value is never read.
src/repositories/loot.repository.ts(10,1): error TS6133: 'NotFoundError' is declared but its value is never read.
src/repositories/loot.repository.ts(56,12): error TS2352: Conversion of type '{ id: string; createdAt: Date; itemId: string; lootTableId: string; minQty: number; maxQty: number; dropRate: string; rarity: string; conditions: Record<string, unknown> | null; }[]' to type 'ILootEntryRecord[]' may be a mistake because neither type sufficiently overlaps with the other. If this was intentional, convert the expression to 'unknown' first.
  Type '{ id: string; createdAt: Date; itemId: string; lootTableId: string; minQty: number; maxQty: number; dropRate: string; rarity: string; conditions: Record<string, unknown> | null; }' is not comparable to type 'ILootEntryRecord'.
    Types of property 'dropRate' are incompatible.
      Type 'string' is not comparable to type 'number'.
src/routes/bank.routes.ts(10,27): error TS6133: 'req' is declared but its value is never read.
src/routes/bank.routes.ts(36,26): error TS2722: Cannot invoke an object which is possibly 'undefined'.
src/routes/bank.routes.ts(36,26): error TS18048: 'bankService.getBankContents' is possibly 'undefined'.
src/routes/bank.routes.ts(62,26): error TS2722: Cannot invoke an object which is possibly 'undefined'.
src/routes/bank.routes.ts(62,26): error TS18048: 'bankService.getBankContents' is possibly 'undefined'.
src/routes/bank.routes.ts(94,13): error TS2722: Cannot invoke an object which is possibly 'undefined'.
src/routes/bank.routes.ts(144,28): error TS2722: Cannot invoke an object which is possibly 'undefined'.
src/routes/bank.routes.ts(144,28): error TS18048: 'bankService.withdrawItem' is possibly 'undefined'.
src/routes/bank.routes.ts(156,33): error TS2339: Property 'removedQuantity' does not exist on type 'WithdrawResult'.
src/routes/bank.routes.ts(195,13): error TS6133: 'userId' is declared but its value is never read.
src/routes/bank.routes.ts(197,13): error TS6133: 'bankService' is declared but its value is never read.
src/routes/bank.routes.ts(243,9): error TS2345: Argument of type 'import("/home/runner/workspace/packages/server/src/providers/interfaces/IBankService").BankType' is not assignable to parameter of type 'number'.
src/routes/character.routes.ts(17,30): error TS2339: Property 'id' does not exist on type '{ userId: string; email: string; roles: string[]; }'.
src/routes/character.routes.ts(37,24): error TS2339: Property 'user' does not exist on type 'Request<ParamsDictionary, any, any, ParsedQs, Record<string, any>>'.
src/routes/character.routes.ts(118,24): error TS2339: Property 'user' does not exist on type 'Request<ParamsDictionary, any, any, ParsedQs, Record<string, any>>'.
src/routes/character.routes.ts(291,24): error TS2339: Property 'user' does not exist on type 'Request<ParamsDictionary, any, any, ParsedQs, Record<string, any>>'.
src/routes/character.routes.ts(429,24): error TS2339: Property 'user' does not exist on type 'Request<ParamsDictionary, any, any, ParsedQs, Record<string, any>>'.
src/routes/character.routes.ts(456,24): error TS2339: Property 'user' does not exist on type 'Request<ParamsDictionary, any, any, ParsedQs, Record<string, any>>'.
src/routes/character.stats.routes.ts(4,35): error TS2307: Cannot find module '../middleware/auth.middleware' or its corresponding type declarations.
src/routes/character.stats.routes.ts(36,34): error TS2339: Property 'effectiveStrength' does not exist on type 'DerivedStats'.
src/routes/character.stats.routes.ts(37,35): error TS2339: Property 'effectiveDexterity' does not exist on type 'DerivedStats'.
src/routes/character.stats.routes.ts(38,38): error TS2339: Property 'effectiveIntelligence' does not exist on type 'DerivedStats'.
src/routes/character.stats.routes.ts(39,32): error TS2339: Property 'effectiveWisdom' does not exist on type 'DerivedStats'.
src/routes/character.stats.routes.ts(40,38): error TS2339: Property 'effectiveConstitution' does not exist on type 'DerivedStats'.
src/routes/character.stats.routes.ts(41,34): error TS2339: Property 'effectiveCharisma' does not exist on type 'DerivedStats'.
src/routes/character.stats.routes.ts(82,56): error TS2307: Cannot find module '../../../../../packages/shared/src/types/character.types' or its corresponding type declarations.
src/routes/character.stats.routes.ts(90,101): error TS2345: Argument of type 'string | number | symbol' is not assignable to parameter of type 'string'.
  Type 'number' is not assignable to type 'string'.
src/routes/character.stats.routes.ts(94,66): error TS2345: Argument of type 'string | number | symbol' is not assignable to parameter of type 'keyof BaseStats'.
  Type 'string' is not assignable to type 'keyof BaseStats'.
src/routes/character.stats.routes.ts(123,55): error TS2339: Property 'updateStats' does not exist on type 'CharacterService'.
src/routes/character.stats.routes.ts(138,34): error TS2339: Property 'effectiveStrength' does not exist on type 'DerivedStats'.
src/routes/character.stats.routes.ts(139,35): error TS2339: Property 'effectiveDexterity' does not exist on type 'DerivedStats'.
src/routes/character.stats.routes.ts(140,38): error TS2339: Property 'effectiveIntelligence' does not exist on type 'DerivedStats'.
src/routes/character.stats.routes.ts(141,32): error TS2339: Property 'effectiveWisdom' does not exist on type 'DerivedStats'.
src/routes/character.stats.routes.ts(142,38): error TS2339: Property 'effectiveConstitution' does not exist on type 'DerivedStats'.
src/routes/character.stats.routes.ts(143,34): error TS2339: Property 'effectiveCharisma' does not exist on type 'DerivedStats'.
src/routes/character.stats.routes.ts(177,55): error TS2339: Property 'updateParagonDistribution' does not exist on type 'CharacterService'.
src/routes/character.stats.routes.ts(233,55): error TS2339: Property 'updatePrestige' does not exist on type 'CharacterService'.
src/routes/combat.routes.ts(14,22): error TS6133: 'req' is declared but its value is never read.
src/routes/combat.routes.ts(17,32): error TS6133: 'req' is declared but its value is never read.
src/routes/combat.routes.ts(29,31): error TS6133: 'req' is declared but its value is never read.
src/routes/combat.routes.ts(38,29): error TS6133: 'req' is declared but its value is never read.
src/routes/currency.routes.ts(10,30): error TS6133: 'req' is declared but its value is never read.
src/routes/currency.routes.ts(38,26): error TS2339: Property 'totalInCopper' does not exist on type 'number'.
src/routes/currency.routes.ts(40,23): error TS2339: Property 'gold' does not exist on type 'number'.
src/routes/currency.routes.ts(41,25): error TS2339: Property 'silver' does not exist on type 'number'.
src/routes/currency.routes.ts(42,25): error TS2339: Property 'copper' does not exist on type 'number'.
src/routes/currency.routes.ts(69,55): error TS6133: 'description' is declared but its value is never read.
src/routes/currency.routes.ts(71,44): error TS2339: Property 'transferCurrency' does not exist on type 'ICurrencyService'.
src/routes/currency.routes.ts(138,22): error TS2339: Property 'source' does not exist on type 'Transaction'.
src/routes/currency.routes.ts(139,25): error TS2339: Property 'timestamp' does not exist on type 'Transaction'.
src/routes/currency.routes.ts(175,26): error TS2339: Property 'totalInCopper' does not exist on type 'number'.
src/routes/currency.routes.ts(216,49): error TS2339: Property 'addCurrency' does not exist on type 'ICurrencyService'.
src/routes/debug.routes.ts(7,26): error TS6133: 'req' is declared but its value is never read.
src/routes/equipment.routes.simple.ts(2,1): error TS6192: All imports in import declaration are unused.
src/routes/equipment.routes.simple.ts(15,22): error TS6133: 'req' is declared but its value is never read.
src/routes/equipment.routes.ts(2,23): error TS6133: 'query' is declared but its value is never read.
src/routes/equipment.routes.ts(4,10): error TS2724: '"../middleware/auth"' has no exported member named 'authenticateToken'. Did you mean 'authenticate'?
src/routes/equipment.routes.ts(429,41): error TS6133: 'req' is declared but its value is never read.
src/routes/monster.routes.ts(2,1): error TS6133: 'authenticate' is declared but its value is never read.
src/routes/npc.routes.ts(2,1): error TS6133: 'authenticate' is declared but its value is never read.
src/services/BankService.ts(7,1): error TS6192: All imports in import declaration are unused.
src/services/BankService.ts(12,1): error TS6192: All imports in import declaration are unused.
src/services/BankService.ts(30,25): error TS2345: Argument of type 'PersonalBank' is not assignable to parameter of type 'string'.
src/services/BankService.ts(52,35): error TS2345: Argument of type '{ id: string; createdAt: Date; updatedAt: Date; characterId: string; slot: number; itemId: number | null; quantity: number; }[]' is not assignable to parameter of type '{ slot: number; itemId: string | null; quantity: number | null; lastAccessedBy: string | null; updatedAt: Date; }[]'.
  Property 'lastAccessedBy' is missing in type '{ id: string; createdAt: Date; updatedAt: Date; characterId: string; slot: number; itemId: number | null; quantity: number; }' but required in type '{ slot: number; itemId: string | null; quantity: number | null; lastAccessedBy: string | null; updatedAt: Date; }'.
src/services/BankService.ts(76,35): error TS2345: Argument of type '{ id: string; createdAt: Date; updatedAt: Date; userId: string; slot: number; itemId: number | null; quantity: number; lastAccessedBy: string | null; }[]' is not assignable to parameter of type '{ slot: number; itemId: string | null; quantity: number | null; lastAccessedBy: string | null; updatedAt: Date; }[]'.
  Type '{ id: string; createdAt: Date; updatedAt: Date; userId: string; slot: number; itemId: number | null; quantity: number; lastAccessedBy: string | null; }' is not assignable to type '{ slot: number; itemId: string | null; quantity: number | null; lastAccessedBy: string | null; updatedAt: Date; }'.
    Types of property 'itemId' are incompatible.
      Type 'number | null' is not assignable to type 'string | null'.
        Type 'number' is not assignable to type 'string'.
src/services/BankService.ts(243,25): error TS2365: Operator '*' cannot be applied to types 'number' and 'bigint'.
src/services/BankService.ts(347,5): error TS2322: Type '{ slot: number; itemId: string | null; quantity: number | null; }[]' is not assignable to type 'BankSlot[]'.
  Type '{ slot: number; itemId: string | null; quantity: number | null; }' is not assignable to type 'BankSlot'.
    Types of property 'itemId' are incompatible.
      Type 'string | null' is not assignable to type 'number | undefined'.
        Type 'null' is not assignable to type 'number | undefined'.
src/services/BankService.ts(356,28): error TS2554: Expected 1 arguments, but got 0.
src/services/CharacterService.ts(98,7): error TS2322: Type 'DerivedStats' is not assignable to type 'Record<string, number>'.
  Index signature for type 'string' is missing in type 'DerivedStats'.
src/services/CharacterService.ts(202,7): error TS7053: Element implicitly has an 'any' type because expression of type 'string' can't be used to index type 'Partial<Character>'.
  No index signature with a parameter of type 'string' was found on type 'Partial<Character>'.
src/services/CharacterService.ts(205,71): error TS2345: Argument of type 'Partial<Character>' is not assignable to parameter of type '{ baseStrength?: number | undefined; baseDexterity?: number | undefined; baseIntelligence?: number | undefined; baseWisdom?: number | undefined; baseConstitution?: number | undefined; ... 12 more ...; bonusCharisma?: bigint | undefined; }'.
  Types of property 'bonusStrength' are incompatible.
    Type 'number | undefined' is not assignable to type 'bigint | undefined'.
      Type 'number' is not assignable to type 'bigint'.
src/services/CharacterService.ts(229,27): error TS2322: Type 'bigint' is not assignable to type 'number'.
src/services/CharacterService.ts(230,27): error TS2322: Type 'bigint' is not assignable to type 'number'.
src/services/CharacterService.ts(231,32): error TS2322: Type 'bigint' is not assignable to type 'number'.
src/services/CombatService.ts(3,1): error TS6192: All imports in import declaration are unused.
src/services/CombatService.ts(9,1): error TS6192: All imports in import declaration are unused.
src/services/CombatService.ts(191,9): error TS2561: Object literal may only specify known properties, but 'currentTurnIndex' does not exist in type 'CombatSession'. Did you mean to write 'currentTurn'?
src/services/CombatService.ts(1015,55): error TS2551: Property 'currentTurnIndex' does not exist on type 'CombatSession'. Did you mean 'currentTurn'?
src/services/CurrencyService.ts(7,1): error TS6192: All imports in import declaration are unused.
src/services/CurrencyService.ts(12,1): error TS6192: All imports in import declaration are unused.
src/services/CurrencyService.ts(292,32): error TS2554: Expected 1 arguments, but got 0.
src/services/DialogueService.ts(1,24): error TS6133: 'DialogueChoice' is declared but its value is never read.
src/services/DialogueService.ts(1,81): error TS6059: File '/home/runner/workspace/packages/shared/src/types/npc.types.ts' is not under 'rootDir' '/home/runner/workspace/packages/server/src'. 'rootDir' is expected to contain all source files.
src/services/DialogueService.ts(19,23): error TS6138: Property 'dialogueRepository' is declared but its value is never read.
src/services/DialogueService.ts(26,25): error TS6133: 'treeId' is declared but its value is never read.
src/services/DialogueService.ts(40,25): error TS6133: 'treeId' is declared but its value is never read.
src/services/DialogueService.ts(40,41): error TS6133: 'nodeId' is declared but its value is never read.
src/services/DialogueService.ts(57,5): error TS6133: 'treeId' is declared but its value is never read.
src/services/DialogueService.ts(58,5): error TS6133: 'nodeId' is declared but its value is never read.
src/services/DialogueService.ts(59,5): error TS6133: 'choiceId' is declared but its value is never read.
src/services/DialogueService.ts(60,5): error TS6133: 'characterId' is declared but its value is never read.
src/services/DialogueService.ts(76,25): error TS6133: 'conditions' is declared but its value is never read.
src/services/DialogueService.ts(76,58): error TS6133: 'characterId' is declared but its value is never read.
src/services/DialogueService.ts(90,24): error TS6133: 'actions' is declared but its value is never read.
src/services/DialogueService.ts(90,51): error TS6133: 'characterId' is declared but its value is never read.
src/services/DialogueService.ts(90,72): error TS6133: 'npcId' is declared but its value is never read.
src/services/DialogueService.ts(104,27): error TS6133: 'characterId' is declared but its value is never read.
src/services/DialogueService.ts(104,48): error TS6133: 'npcId' is declared but its value is never read.
src/services/DialogueService.ts(104,63): error TS6133: 'state' is declared but its value is never read.
src/services/DialogueService.ts(118,26): error TS6133: 'characterId' is declared but its value is never read.
src/services/DialogueService.ts(118,47): error TS6133: 'npcId' is declared but its value is never read.
src/services/EquipmentService.ts(10,3): error TS6196: 'Item' is declared but never used.
src/services/EquipmentService.ts(12,3): error TS6196: 'InventoryItem' is declared but never used.
src/services/EquipmentService.ts(17,3): error TS6196: 'InventoryItemWithDetails' is declared but never used.
src/services/EquipmentService.ts(18,3): error TS6196: 'EquipmentItemWithDetails' is declared but never used.
src/services/EquipmentService.ts(25,42): error TS6133: 'ConflictError' is declared but its value is never read.
src/services/EquipmentService.ts(43,25): error TS2345: Argument of type '{}' is not assignable to parameter of type 'string'.
src/services/EquipmentService.ts(205,25): error TS2345: Argument of type '{}' is not assignable to parameter of type 'string'.
src/services/EquipmentService.ts(315,11): error TS2739: Type '{ strength: number; dexterity: number; intelligence: number; wisdom: number; constitution: number; charisma: number; health: number; mana: number; stamina: number; damage: number; defense: number; critical_chance: number; critical_damage: number; attack_speed: number; movement_speed: number; }' is missing the following properties from type 'Record<StatType, number>': min_damage, max_damage
src/services/EquipmentService.ts(380,11): error TS2740: Type '{}' is missing the following properties from type 'Record<StatType, number>': strength, dexterity, intelligence, wisdom, and 13 more.
src/services/EquipmentService.ts(397,11): error TS2740: Type '{}' is missing the following properties from type 'Record<StatType, number>': strength, dexterity, intelligence, wisdom, and 13 more.
src/services/MonsterService.ts(71,7): error TS2322: Type '{ id: string; name: string; currentHp: number; maxHp: number; position: { x: number; y: number; z: number; }; state: string; aggroList: string[]; monsterTypeId: string; zoneId: string; spawnPointId: string | null; metadata: Record<...> | null; createdAt: Date; updatedAt: Date; }[]' is not assignable to type '{ id: string; name: string; level: number; hp: number; maxHp: number; position: { x: number; y: number; }; }[]'.
  Type '{ id: string; name: string; currentHp: number; maxHp: number; position: { x: number; y: number; z: number; }; state: string; aggroList: string[]; monsterTypeId: string; zoneId: string; spawnPointId: string | null; metadata: Record<...> | null; createdAt: Date; updatedAt: Date; }' is missing the following properties from type '{ id: string; name: string; level: number; hp: number; maxHp: number; position: { x: number; y: number; }; }': level, hp
src/services/MonsterService.ts(200,7): error TS2322: Type '{ level: number; id: string; name: string; createdAt: Date; updatedAt: Date; metadata: Record<string, unknown> | null; lootTableId: number | null; displayName: string; baseHp: number; baseAttack: number; baseDefense: number; experienceValue: number; aiBehavior: string; }[]' is not assignable to type '{ id: string; name: string; level: number; baseStats: Record<string, number>; abilities: string[]; }[]'.
  Type '{ level: number; id: string; name: string; createdAt: Date; updatedAt: Date; metadata: Record<string, unknown> | null; lootTableId: number | null; displayName: string; baseHp: number; baseAttack: number; baseDefense: number; experienceValue: number; aiBehavior: string; }' is missing the following properties from type '{ id: string; name: string; level: number; baseStats: Record<string, number>; abilities: string[]; }': baseStats, abilities
src/services/MonsterService.ts(245,7): error TS2322: Type '{ id: string; createdAt: Date; updatedAt: Date; position: { x: number; y: number; z: number; }; zoneId: string; monsterTypeId: string; respawnTime: number; maxSpawns: number; isActive: boolean; }[]' is not assignable to type '{ id: string; zoneId: string; position: { x: number; y: number; }; monsterType: string; respawnRate: number; }[]'.
  Type '{ id: string; createdAt: Date; updatedAt: Date; position: { x: number; y: number; z: number; }; zoneId: string; monsterTypeId: string; respawnTime: number; maxSpawns: number; isActive: boolean; }' is missing the following properties from type '{ id: string; zoneId: string; position: { x: number; y: number; }; monsterType: string; respawnRate: number; }': monsterType, respawnRate
src/services/NPCService.ts(100,45): error TS2339: Property 'root' does not exist on type '{}'.
src/services/NPCService.ts(200,26): error TS7053: Element implicitly has an 'any' type because expression of type 'string' can't be used to index type '{}'.
  No index signature with a parameter of type 'string' was found on type '{}'.
src/services/NPCService.ts(231,7): error TS2741: Property 'choices' is missing in type '{ dialogue: any; }' but required in type '{ dialogue: any; choices: any[]; }'.
src/services/NPCService.ts(290,7): error TS2322: Type '{ id: string; name: string; createdAt: Date; updatedAt: Date; metadata: Record<string, unknown> | null; position: { x: number; y: number; z: number; }; isDeleted: boolean; type: string; zoneId: string; displayName: string; dialogueTreeId: string | null; isQuestGiver: boolean; }[]' is not assignable to type '{ id: string; name: string; questIds: string[]; location: { zone: string; position: { x: number; y: number; }; }; }[]'.
  Type '{ id: string; name: string; createdAt: Date; updatedAt: Date; metadata: Record<string, unknown> | null; position: { x: number; y: number; z: number; }; isDeleted: boolean; type: string; zoneId: string; displayName: string; dialogueTreeId: string | null; isQuestGiver: boolean; }' is missing the following properties from type '{ id: string; name: string; questIds: string[]; location: { zone: string; position: { x: number; y: number; }; }; }': questIds, location
src/services/NPCService.ts(310,7): error TS2322: Type '{ id: string; createdAt: Date; characterId: string; npcId: string; interactionType: string; dialogueState: Record<string, unknown> | null; }[]' is not assignable to type '{ id: string; npcId: string; timestamp: Date; interactionType: string; data: Record<string, unknown>; }[]'.
  Type '{ id: string; createdAt: Date; characterId: string; npcId: string; interactionType: string; dialogueState: Record<string, unknown> | null; }' is missing the following properties from type '{ id: string; npcId: string; timestamp: Date; interactionType: string; data: Record<string, unknown>; }': timestamp, data
src/services/NPCService.ts(372,21): error TS2339: Property 'includes' does not exist on type '{}'.
src/services/NPCService.ts(372,51): error TS2339: Property 'includes' does not exist on type '{}'.
src/services/NPCService.ts(442,7): error TS2322: Type '{ id: string; name: string; createdAt: Date; updatedAt: Date; metadata: Record<string, unknown> | null; position: { x: number; y: number; z: number; }; isDeleted: boolean; type: string; zoneId: string; displayName: string; dialogueTreeId: string | null; isQuestGiver: boolean; }[]' is not assignable to type '{ id: string; name: string; shopType: string; inventory: unknown[]; location: { zone: string; position: { x: number; y: number; }; }; }[]'.
  Type '{ id: string; name: string; createdAt: Date; updatedAt: Date; metadata: Record<string, unknown> | null; position: { x: number; y: number; z: number; }; isDeleted: boolean; type: string; zoneId: string; displayName: string; dialogueTreeId: string | null; isQuestGiver: boolean; }' is missing the following properties from type '{ id: string; name: string; shopType: string; inventory: unknown[]; location: { zone: string; position: { x: number; y: number; }; }; }': shopType, inventory, location
src/services/ResourceService.ts(89,7): error TS2322: Type 'string' is not assignable to type '"item" | "combat" | "regen" | "skill" | "rest"'.
src/services/ResourceService.ts(162,29): error TS6133: 'charId' is declared but its value is never read.
src/services/ResourceService.ts(179,31): error TS6133: 'charId' is declared but its value is never read.
src/services/SpawnService.ts(23,13): error TS6138: Property 'spawnPointRepository' is declared but its value is never read.
src/services/SpawnService.ts(24,13): error TS6138: Property 'monsterService' is declared but its value is never read.
src/services/SpawnService.ts(62,25): error TS6133: 'spawnPointId' is declared but its value is never read.
src/services/SpawnService.ts(75,18): error TS6133: 'spawnPointId' is declared but its value is never read.
src/services/SpawnService.ts(119,20): error TS6133: 'spawnPointId' is declared but its value is never read.
src/services/StatsService.ts(393,5): error TS6133: 'character' is declared but its value is never read.
src/services/TestMonsterService.ts(1,1): error TS6133: 'uuidv4' is declared but its value is never read.
src/services/death.service.ts(21,27): error TS6133: 'DURABILITY_DAMAGE_PERCENTAGE' is declared but its value is never read.
src/services/death.service.ts(185,41): error TS6133: 'characterId' is declared but its value is never read.
src/services/loot.service.ts(112,5): error TS2322: Type '{ id: string; itemId: string; quantity: number; source: string; timestamp: string; combatSessionId: string | undefined; }[]' is not assignable to type '{ id: string; timestamp: Date; items: unknown[]; source: string; }[]'.
  Property 'items' is missing in type '{ id: string; itemId: string; quantity: number; source: string; timestamp: string; combatSessionId: string | undefined; }' but required in type '{ id: string; timestamp: Date; items: unknown[]; source: string; }'.
src/services/loot.service.ts(150,19): error TS6133: 'event' is declared but its value is never read.
src/services/loot.service.ts(200,34): error TS6133: 'characterId' is declared but its value is never read.
src/services/mock/MockAffinityService.ts(27,8): error TS6059: File '/home/runner/workspace/packages/shared/types/affinity.types.ts' is not under 'rootDir' '/home/runner/workspace/packages/server/src'. 'rootDir' is expected to contain all source files.
  The file is in the program because:
    Imported via '../../../../shared/types/affinity.types' from file '/home/runner/workspace/packages/server/src/services/mock/MockAffinityService.ts'
    Imported via '../../../shared/types/affinity.types' from file '/home/runner/workspace/packages/server/src/controllers/affinity.controller.ts'
src/services/mock/MockAffinityService.ts(394,35): error TS6133: 'characterId' is declared but its value is never read.
src/services/mock/MockAffinityService.ts(396,37): error TS6133: 'achievement' is declared but its value is never read.
src/services/mock/MockProgressionService.ts(12,3): error TS6133: 'CharacterStats' is declared but its value is never read.
src/services/mock/MockProgressionService.ts(16,3): error TS6133: 'StatType' is declared but its value is never read.
src/services/mock/MockProgressionService.ts(19,1): error TS6192: All imports in import declaration are unused.
src/services/mock/MockProgressionService.ts(23,1): error TS6192: All imports in import declaration are unused.
src/services/mock/MockTutorialService.ts(21,8): error TS6059: File '/home/runner/workspace/packages/shared/types/tutorial.types.ts' is not under 'rootDir' '/home/runner/workspace/packages/server/src'. 'rootDir' is expected to contain all source files.
  The file is in the program because:
    Imported via '../../../../shared/types/tutorial.types' from file '/home/runner/workspace/packages/server/src/services/mock/MockTutorialService.ts'
    Imported via '../../../shared/types/tutorial.types' from file '/home/runner/workspace/packages/server/src/controllers/tutorial.controller.ts'
src/services/mock/MockTutorialService.ts(456,31): error TS6133: 'context' is declared but its value is never read.
src/services/mock/MockZoneService.ts(225,31): error TS6133: 'characterId' is declared but its value is never read.
src/sockets/combat.socket.ts(3,24): error TS6133: 'CombatResult' is declared but its value is never read.
src/sockets/combat.socket.ts(198,63): error TS2551: Property 'currentTurnIndex' does not exist on type 'CombatSession'. Did you mean 'currentTurn'?
src/sockets/monster.events.ts(9,39): error TS6133: 'io' is declared but its value is never read.
src/sockets/npc.events.ts(9,35): error TS6133: 'io' is declared but its value is never read.
src/types/monster.types.ts(1,51): error TS6133: 'SharedMonsterType' is declared but its value is never read.
../shared/src/types/npc.types.ts(1,28): error TS6059: File '/home/runner/workspace/packages/shared/src/types/monster.types.ts' is not under 'rootDir' '/home/runner/workspace/packages/server/src'. 'rootDir' is expected to contain all source files.
  The file is in the program because:
    Imported via './monster.types' from file '/home/runner/workspace/packages/shared/src/types/npc.types.ts'
    Imported via '../../../shared/src/types/monster.types' from file '/home/runner/workspace/packages/server/src/services/SpawnService.ts'

> @aeturnis/shared@1.0.0 typecheck
> tsc --noEmit

