Error: src/routes/character.routes.ts(16,16): error TS2345: Argument of type '(req: AuthRequest, res: Response<any, Record<string, any>>) => Promise<void>' is not assignable to parameter of type '(req: Request<ParamsDictionary, any, any, ParsedQs, Record<string, any>>, res: Response<any, Record<string, any>>, next: NextFunction) => void | ... 1 more ... | Promise<...>'.
  Type 'Promise<void>' is not assignable to type 'void | Response<any, Record<string, any>> | Promise<Response<any, Record<string, any>>>'.
    Type 'Promise<void>' is not assignable to type 'Promise<Response<any, Record<string, any>>>'.
      Type 'void' is not assignable to type 'Response<any, Record<string, any>>'.
Error: src/routes/character.routes.ts(17,30): error TS2339: Property 'id' does not exist on type '{ userId: string; email: string; roles: string[]; }'.
Error: src/routes/character.routes.ts(35,16): error TS2345: Argument of type '(req: Request<ParamsDictionary, any, any, ParsedQs, Record<string, any>>, res: Response<any, Record<string, any>>) => Promise<...>' is not assignable to parameter of type '(req: Request<ParamsDictionary, any, any, ParsedQs, Record<string, any>>, res: Response<any, Record<string, any>>, next: NextFunction) => void | ... 1 more ... | Promise<...>'.
  Type 'Promise<Response<any, Record<string, any>> | undefined>' is not assignable to type 'void | Response<any, Record<string, any>> | Promise<Response<any, Record<string, any>>>'.
    Type 'Promise<Response<any, Record<string, any>> | undefined>' is not assignable to type 'Promise<Response<any, Record<string, any>>>'.
      Type 'Response<any, Record<string, any>> | undefined' is not assignable to type 'Response<any, Record<string, any>>'.
        Type 'undefined' is not assignable to type 'Response<any, Record<string, any>>'.
Error: src/routes/character.routes.ts(35,16): error TS7030: Not all code paths return a value.
Error: src/routes/character.routes.ts(37,24): error TS2339: Property 'user' does not exist on type 'Request<ParamsDictionary, any, any, ParsedQs, Record<string, any>>'.
Error: src/routes/character.routes.ts(85,16): error TS2345: Argument of type '(req: Request<ParamsDictionary, any, any, ParsedQs, Record<string, any>>, res: Response<any, Record<string, any>>) => Promise<...>' is not assignable to parameter of type '(req: Request<ParamsDictionary, any, any, ParsedQs, Record<string, any>>, res: Response<any, Record<string, any>>, next: NextFunction) => void | ... 1 more ... | Promise<...>'.
  Type 'Promise<void>' is not assignable to type 'void | Response<any, Record<string, any>> | Promise<Response<any, Record<string, any>>>'.
    Type 'Promise<void>' is not assignable to type 'Promise<Response<any, Record<string, any>>>'.
      Type 'void' is not assignable to type 'Response<any, Record<string, any>>'.
Error: src/routes/character.routes.ts(86,24): error TS2339: Property 'user' does not exist on type 'Request<ParamsDictionary, any, any, ParsedQs, Record<string, any>>'.
Error: src/routes/character.routes.ts(116,16): error TS2345: Argument of type '(req: Request<ParamsDictionary, any, any, ParsedQs, Record<string, any>>, res: Response<any, Record<string, any>>) => Promise<...>' is not assignable to parameter of type '(req: Request<ParamsDictionary, any, any, ParsedQs, Record<string, any>>, res: Response<any, Record<string, any>>, next: NextFunction) => void | ... 1 more ... | Promise<...>'.
  Type 'Promise<Response<any, Record<string, any>> | undefined>' is not assignable to type 'void | Response<any, Record<string, any>> | Promise<Response<any, Record<string, any>>>'.
    Type 'Promise<Response<any, Record<string, any>> | undefined>' is not assignable to type 'Promise<Response<any, Record<string, any>>>'.
      Type 'Response<any, Record<string, any>> | undefined' is not assignable to type 'Response<any, Record<string, any>>'.
        Type 'undefined' is not assignable to type 'Response<any, Record<string, any>>'.
Error: src/routes/character.routes.ts(116,16): error TS7030: Not all code paths return a value.
Error: src/routes/character.routes.ts(118,24): error TS2339: Property 'user' does not exist on type 'Request<ParamsDictionary, any, any, ParsedQs, Record<string, any>>'.
Error: src/routes/character.routes.ts(147,16): error TS2345: Argument of type '(req: Request<ParamsDictionary, any, any, ParsedQs, Record<string, any>>, res: Response<any, Record<string, any>>) => Promise<...>' is not assignable to parameter of type '(req: Request<ParamsDictionary, any, any, ParsedQs, Record<string, any>>, res: Response<any, Record<string, any>>, next: NextFunction) => void | ... 1 more ... | Promise<...>'.
  Type 'Promise<Response<any, Record<string, any>> | undefined>' is not assignable to type 'void | Response<any, Record<string, any>> | Promise<Response<any, Record<string, any>>>'.
    Type 'Promise<Response<any, Record<string, any>> | undefined>' is not assignable to type 'Promise<Response<any, Record<string, any>>>'.
      Type 'Response<any, Record<string, any>> | undefined' is not assignable to type 'Response<any, Record<string, any>>'.
        Type 'undefined' is not assignable to type 'Response<any, Record<string, any>>'.
Error: src/routes/character.routes.ts(147,16): error TS7030: Not all code paths return a value.
Error: src/routes/character.routes.ts(150,24): error TS2339: Property 'user' does not exist on type 'Request<ParamsDictionary, any, any, ParsedQs, Record<string, any>>'.
Error: src/routes/character.routes.ts(180,16): error TS2345: Argument of type '(req: Request<ParamsDictionary, any, any, ParsedQs, Record<string, any>>, res: Response<any, Record<string, any>>) => Promise<...>' is not assignable to parameter of type '(req: Request<ParamsDictionary, any, any, ParsedQs, Record<string, any>>, res: Response<any, Record<string, any>>, next: NextFunction) => void | ... 1 more ... | Promise<...>'.
  Type 'Promise<Response<any, Record<string, any>> | undefined>' is not assignable to type 'void | Response<any, Record<string, any>> | Promise<Response<any, Record<string, any>>>'.
    Type 'Promise<Response<any, Record<string, any>> | undefined>' is not assignable to type 'Promise<Response<any, Record<string, any>>>'.
      Type 'Response<any, Record<string, any>> | undefined' is not assignable to type 'Response<any, Record<string, any>>'.
        Type 'undefined' is not assignable to type 'Response<any, Record<string, any>>'.
Error: src/routes/character.routes.ts(180,16): error TS7030: Not all code paths return a value.
Error: src/routes/character.routes.ts(183,24): error TS2339: Property 'user' does not exist on type 'Request<ParamsDictionary, any, any, ParsedQs, Record<string, any>>'.
Error: src/routes/character.routes.ts(217,16): error TS2345: Argument of type '(req: Request<ParamsDictionary, any, any, ParsedQs, Record<string, any>>, res: Response<any, Record<string, any>>) => Promise<...>' is not assignable to parameter of type '(req: Request<ParamsDictionary, any, any, ParsedQs, Record<string, any>>, res: Response<any, Record<string, any>>, next: NextFunction) => void | ... 1 more ... | Promise<...>'.
  Type 'Promise<Response<any, Record<string, any>> | undefined>' is not assignable to type 'void | Response<any, Record<string, any>> | Promise<Response<any, Record<string, any>>>'.
    Type 'Promise<Response<any, Record<string, any>> | undefined>' is not assignable to type 'Promise<Response<any, Record<string, any>>>'.
      Type 'Response<any, Record<string, any>> | undefined' is not assignable to type 'Response<any, Record<string, any>>'.
        Type 'undefined' is not assignable to type 'Response<any, Record<string, any>>'.
Error: src/routes/character.routes.ts(217,16): error TS7030: Not all code paths return a value.
Error: src/routes/character.routes.ts(220,24): error TS2339: Property 'user' does not exist on type 'Request<ParamsDictionary, any, any, ParsedQs, Record<string, any>>'.
Error: src/routes/character.routes.ts(256,16): error TS2345: Argument of type '(req: Request<ParamsDictionary, any, any, ParsedQs, Record<string, any>>, res: Response<any, Record<string, any>>) => Promise<...>' is not assignable to parameter of type '(req: Request<ParamsDictionary, any, any, ParsedQs, Record<string, any>>, res: Response<any, Record<string, any>>, next: NextFunction) => void | ... 1 more ... | Promise<...>'.
  Type 'Promise<Response<any, Record<string, any>> | undefined>' is not assignable to type 'void | Response<any, Record<string, any>> | Promise<Response<any, Record<string, any>>>'.
    Type 'Promise<Response<any, Record<string, any>> | undefined>' is not assignable to type 'Promise<Response<any, Record<string, any>>>'.
      Type 'Response<any, Record<string, any>> | undefined' is not assignable to type 'Response<any, Record<string, any>>'.
        Type 'undefined' is not assignable to type 'Response<any, Record<string, any>>'.
Error: src/routes/character.routes.ts(256,16): error TS7030: Not all code paths return a value.
Error: src/routes/character.routes.ts(259,24): error TS2339: Property 'user' does not exist on type 'Request<ParamsDictionary, any, any, ParsedQs, Record<string, any>>'.
Error: src/routes/character.routes.ts(289,16): error TS2345: Argument of type '(req: Request<ParamsDictionary, any, any, ParsedQs, Record<string, any>>, res: Response<any, Record<string, any>>) => Promise<...>' is not assignable to parameter of type '(req: Request<ParamsDictionary, any, any, ParsedQs, Record<string, any>>, res: Response<any, Record<string, any>>, next: NextFunction) => void | ... 1 more ... | Promise<...>'.
  Type 'Promise<Response<any, Record<string, any>> | undefined>' is not assignable to type 'void | Response<any, Record<string, any>> | Promise<Response<any, Record<string, any>>>'.
    Type 'Promise<Response<any, Record<string, any>> | undefined>' is not assignable to type 'Promise<Response<any, Record<string, any>>>'.
      Type 'Response<any, Record<string, any>> | undefined' is not assignable to type 'Response<any, Record<string, any>>'.
        Type 'undefined' is not assignable to type 'Response<any, Record<string, any>>'.
Error: src/routes/character.routes.ts(289,16): error TS7030: Not all code paths return a value.
Error: src/routes/character.routes.ts(291,24): error TS2339: Property 'user' does not exist on type 'Request<ParamsDictionary, any, any, ParsedQs, Record<string, any>>'.
Error: src/routes/character.routes.ts(326,16): error TS2345: Argument of type '(req: Request<ParamsDictionary, any, any, ParsedQs, Record<string, any>>, res: Response<any, Record<string, any>>) => Promise<...>' is not assignable to parameter of type '(req: Request<ParamsDictionary, any, any, ParsedQs, Record<string, any>>, res: Response<any, Record<string, any>>, next: NextFunction) => void | ... 1 more ... | Promise<...>'.
  Type 'Promise<Response<any, Record<string, any>> | undefined>' is not assignable to type 'void | Response<any, Record<string, any>> | Promise<Response<any, Record<string, any>>>'.
    Type 'Promise<Response<any, Record<string, any>> | undefined>' is not assignable to type 'Promise<Response<any, Record<string, any>>>'.
      Type 'Response<any, Record<string, any>> | undefined' is not assignable to type 'Response<any, Record<string, any>>'.
        Type 'undefined' is not assignable to type 'Response<any, Record<string, any>>'.
Error: src/routes/character.routes.ts(326,16): error TS7030: Not all code paths return a value.
Error: src/routes/character.routes.ts(329,24): error TS2339: Property 'user' does not exist on type 'Request<ParamsDictionary, any, any, ParsedQs, Record<string, any>>'.
Error: src/routes/character.routes.ts(369,16): error TS2345: Argument of type '(req: Request<ParamsDictionary, any, any, ParsedQs, Record<string, any>>, res: Response<any, Record<string, any>>) => Promise<...>' is not assignable to parameter of type '(req: Request<ParamsDictionary, any, any, ParsedQs, Record<string, any>>, res: Response<any, Record<string, any>>, next: NextFunction) => void | ... 1 more ... | Promise<...>'.
  Type 'Promise<void>' is not assignable to type 'void | Response<any, Record<string, any>> | Promise<Response<any, Record<string, any>>>'.
    Type 'Promise<void>' is not assignable to type 'Promise<Response<any, Record<string, any>>>'.
      Type 'void' is not assignable to type 'Response<any, Record<string, any>>'.
Error: src/routes/character.routes.ts(385,16): error TS2345: Argument of type '(req: Request<ParamsDictionary, any, any, ParsedQs, Record<string, any>>, res: Response<any, Record<string, any>>) => Promise<...>' is not assignable to parameter of type '(req: Request<ParamsDictionary, any, any, ParsedQs, Record<string, any>>, res: Response<any, Record<string, any>>, next: NextFunction) => void | ... 1 more ... | Promise<...>'.
  Type 'Promise<void>' is not assignable to type 'void | Response<any, Record<string, any>> | Promise<Response<any, Record<string, any>>>'.
    Type 'Promise<void>' is not assignable to type 'Promise<Response<any, Record<string, any>>>'.
      Type 'void' is not assignable to type 'Response<any, Record<string, any>>'.
Error: src/routes/character.routes.ts(402,16): error TS2345: Argument of type '(req: Request<ParamsDictionary, any, any, ParsedQs, Record<string, any>>, res: Response<any, Record<string, any>>) => Promise<...>' is not assignable to parameter of type '(req: Request<ParamsDictionary, any, any, ParsedQs, Record<string, any>>, res: Response<any, Record<string, any>>, next: NextFunction) => void | ... 1 more ... | Promise<...>'.
  Type 'Promise<Response<any, Record<string, any>> | undefined>' is not assignable to type 'void | Response<any, Record<string, any>> | Promise<Response<any, Record<string, any>>>'.
    Type 'Promise<Response<any, Record<string, any>> | undefined>' is not assignable to type 'Promise<Response<any, Record<string, any>>>'.
      Type 'Response<any, Record<string, any>> | undefined' is not assignable to type 'Response<any, Record<string, any>>'.
        Type 'undefined' is not assignable to type 'Response<any, Record<string, any>>'.
Error: src/routes/character.routes.ts(402,16): error TS7030: Not all code paths return a value.
Error: src/routes/character.routes.ts(404,24): error TS2339: Property 'user' does not exist on type 'Request<ParamsDictionary, any, any, ParsedQs, Record<string, any>>'.
Error: src/routes/character.routes.ts(429,16): error TS2345: Argument of type '(req: Request<ParamsDictionary, any, any, ParsedQs, Record<string, any>>, res: Response<any, Record<string, any>>) => Promise<...>' is not assignable to parameter of type '(req: Request<ParamsDictionary, any, any, ParsedQs, Record<string, any>>, res: Response<any, Record<string, any>>, next: NextFunction) => void | ... 1 more ... | Promise<...>'.
  Type 'Promise<Response<any, Record<string, any>> | undefined>' is not assignable to type 'void | Response<any, Record<string, any>> | Promise<Response<any, Record<string, any>>>'.
    Type 'Promise<Response<any, Record<string, any>> | undefined>' is not assignable to type 'Promise<Response<any, Record<string, any>>>'.
      Type 'Response<any, Record<string, any>> | undefined' is not assignable to type 'Response<any, Record<string, any>>'.
        Type 'undefined' is not assignable to type 'Response<any, Record<string, any>>'.
Error: src/routes/character.routes.ts(429,16): error TS7030: Not all code paths return a value.
Error: src/routes/character.routes.ts(431,24): error TS2339: Property 'user' does not exist on type 'Request<ParamsDictionary, any, any, ParsedQs, Record<string, any>>'.
npm error Lifecycle script `typecheck` failed with error:
npm error code 2
npm error path /home/runner/work/Aeturnisv1/Aeturnisv1/packages/server
npm error workspace @aeturnis/server@1.0.0
npm error location /home/runner/work/Aeturnisv1/Aeturnisv1/packages/server
npm error command failed
npm error command sh -c tsc --noEmit


> @aeturnis/shared@1.0.0 typecheck
> tsc --noEmit

Error: Process completed with exit code 2.