
> @aeturnis/monorepo@1.0.0 typecheck
> npm run typecheck --workspaces --if-present


> @aeturnis/server@1.0.0 typecheck
> tsc --noEmit

src/app.ts(175,24): error TS6133: 'req' is declared but its value is never read.
src/providers/mock/MockCombatService.ts(622,45): error TS2552: Cannot find name 'sessionId'. Did you mean '_sessionId'?
src/providers/mock/MockCombatService.ts(622,56): error TS2304: Cannot find name 'participantId'.
src/providers/real/RealCombatService.ts(72,5): error TS2322: Type 'CombatError | CombatResult' is not assignable to type 'CombatResult'.
  Type 'CombatError' is missing the following properties from type 'CombatResult': sessionId, action, actorId, message
src/providers/real/RealCombatService.ts(152,17): error TS6133: 'getAllActiveSessions' is declared but its value is never read.
src/providers/real/RealSpawnService.ts(19,11): error TS6133: 'spawnService' is declared but its value is never read.
src/services/CharacterService.ts(98,7): error TS2322: Type 'DerivedStats' is not assignable to type 'Record<string, number>'.
  Index signature for type 'string' is missing in type 'DerivedStats'.
src/services/DialogueService.ts(19,23): error TS6138: Property 'dialogueRepository' is declared but its value is never read.
src/services/DialogueService.ts(79,25): error TS6133: 'conditions' is declared but its value is never read.
src/services/DialogueService.ts(79,58): error TS6133: 'characterId' is declared but its value is never read.
src/services/DialogueService.ts(93,24): error TS6133: 'actions' is declared but its value is never read.
src/services/DialogueService.ts(93,51): error TS6133: 'characterId' is declared but its value is never read.
src/services/DialogueService.ts(93,72): error TS6133: 'npcId' is declared but its value is never read.
src/services/DialogueService.ts(107,27): error TS6133: 'characterId' is declared but its value is never read.
src/services/DialogueService.ts(107,48): error TS6133: 'npcId' is declared but its value is never read.
src/services/DialogueService.ts(107,63): error TS6133: 'state' is declared but its value is never read.
src/services/DialogueService.ts(121,26): error TS6133: 'characterId' is declared but its value is never read.
src/services/DialogueService.ts(121,47): error TS6133: 'npcId' is declared but its value is never read.
src/services/EquipmentService.ts(15,3): error TS6196: 'InventoryItemWithDetails' is declared but never used.
src/services/EquipmentService.ts(16,3): error TS6196: 'EquipmentItemWithDetails' is declared but never used.
src/services/EquipmentService.ts(23,42): error TS6133: 'ConflictError' is declared but its value is never read.
src/services/EquipmentService.ts(41,25): error TS2345: Argument of type '{}' is not assignable to parameter of type 'string'.
src/services/EquipmentService.ts(203,25): error TS2345: Argument of type '{}' is not assignable to parameter of type 'string'.
src/services/EquipmentService.ts(313,11): error TS2739: Type '{ strength: number; dexterity: number; intelligence: number; wisdom: number; constitution: number; charisma: number; health: number; mana: number; stamina: number; damage: number; defense: number; critical_chance: number; critical_damage: number; attack_speed: number; movement_speed: number; }' is missing the following properties from type 'Record<StatType, number>': min_damage, max_damage
src/services/EquipmentService.ts(378,11): error TS2740: Type '{}' is missing the following properties from type 'Record<StatType, number>': strength, dexterity, intelligence, wisdom, and 13 more.
src/services/EquipmentService.ts(395,11): error TS2740: Type '{}' is missing the following properties from type 'Record<StatType, number>': strength, dexterity, intelligence, wisdom, and 13 more.
src/services/NPCService.ts(114,13): error TS6133: 'initialDialogue' is declared but its value is never read.
src/services/NPCService.ts(114,45): error TS2339: Property 'root' does not exist on type '{}'.
src/services/NPCService.ts(222,26): error TS7053: Element implicitly has an 'any' type because expression of type 'string' can't be used to index type '{}'.
  No index signature with a parameter of type 'string' was found on type '{}'.
src/services/NPCService.ts(253,7): error TS2741: Property 'choices' is missing in type '{ dialogue: any; }' but required in type '{ dialogue: any; choices: any[]; }'.
src/services/NPCService.ts(417,21): error TS2339: Property 'includes' does not exist on type '{}'.
src/services/NPCService.ts(417,51): error TS2339: Property 'includes' does not exist on type '{}'.
src/services/ResourceService.ts(89,7): error TS2322: Type 'string' is not assignable to type '"item" | "combat" | "regen" | "skill" | "rest"'.
src/services/SpawnService.ts(23,13): error TS6138: Property 'spawnPointRepository' is declared but its value is never read.
src/services/SpawnService.ts(24,13): error TS6138: Property 'monsterService' is declared but its value is never read.
src/services/SpawnService.ts(121,20): error TS6133: 'spawnPointId' is declared but its value is never read.
src/services/mock/MockTutorialService.ts(11,3): error TS2305: Module '"@aeturnis/shared"' has no exported member 'TutorialProgress'.
src/services/mock/MockTutorialService.ts(12,3): error TS2724: '"@aeturnis/shared"' has no exported member named 'TutorialPhase'. Did you mean 'TutorialStep'?
src/services/mock/MockTutorialService.ts(13,3): error TS2305: Module '"@aeturnis/shared"' has no exported member 'TutorialHelpTopic'.
src/services/mock/MockTutorialService.ts(15,3): error TS2724: '"@aeturnis/shared"' has no exported member named 'TutorialQuestDifficulty'. Did you mean 'TutorialDifficulty'?
src/services/mock/MockTutorialService.ts(20,3): error TS2724: '"@aeturnis/shared"' has no exported member named 'GetTutorialHelpRequest'. Did you mean 'TutorialHelpRequest'?
src/services/mock/MockTutorialService.ts(21,3): error TS2724: '"@aeturnis/shared"' has no exported member named 'GetTutorialHelpResponse'. Did you mean 'TutorialHelpResponse'?
src/services/mock/MockTutorialService.ts(43,11): error TS6196: 'TutorialHelpRequest' is declared but never used.
src/services/mock/MockTutorialService.ts(49,11): error TS6196: 'TutorialHelpResponse' is declared but never used.
src/services/mock/MockTutorialService.ts(164,45): error TS2345: Argument of type 'TutorialStatus' is not assignable to parameter of type 'InternalTutorialStatus'.
  Types of property 'currentQuestId' are incompatible.
    Type 'string | null' is not assignable to type 'string'.
      Type 'null' is not assignable to type 'string'.
src/services/mock/MockTutorialService.ts(170,7): error TS2353: Object literal may only specify known properties, and 'updatedProgress' does not exist in type 'UpdateTutorialProgressResponse'.
src/services/mock/MockTutorialService.ts(356,13): error TS2353: Object literal may only specify known properties, and 'amount' does not exist in type 'TutorialReward'.
src/services/mock/MockTutorialService.ts(361,13): error TS2353: Object literal may only specify known properties, and 'amount' does not exist in type 'TutorialReward'.
src/services/mock/MockTutorialService.ts(397,13): error TS2353: Object literal may only specify known properties, and 'amount' does not exist in type 'TutorialReward'.
src/services/mock/MockTutorialService.ts(402,13): error TS2353: Object literal may only specify known properties, and 'amount' does not exist in type 'TutorialReward'.
src/services/mock/MockTutorialService.ts(440,13): error TS2353: Object literal may only specify known properties, and 'amount' does not exist in type 'TutorialReward'.
src/services/mock/MockTutorialService.ts(445,13): error TS2353: Object literal may only specify known properties, and 'amount' does not exist in type 'TutorialReward'.
src/services/mock/MockTutorialService.ts(595,11): error TS6133: 'convertToPublicStatus' is declared but its value is never read.
src/services/mock/MockTutorialService.ts(622,7): error TS2353: Object literal may only specify known properties, and 'currentPhase' does not exist in type 'TutorialStatus'.
src/services/mock/MockTutorialService.ts(633,7): error TS2353: Object literal may only specify known properties, and 'currentContext' does not exist in type 'TutorialGuidance'.
src/services/mock/MockTutorialService.ts(648,40): error TS2339: Property 'MOVEMENT' does not exist on type 'typeof TutorialHelpCategory'.
src/sockets/combat.socket.ts(228,25): error TS6133: 'error' is declared but its value is never read.

> @aeturnis/shared@1.0.0 typecheck
> tsc --noEmit

